This file contains any messages produced by compilers while
running configure, to aid debugging if configure makes a mistake.

It was created by configure, which was
generated by GNU Autoconf 2.61.  Invocation command line was

  $ ./configure --prefix=/sw/lors

## --------- ##
## Platform. ##
## --------- ##

hostname = Matilda.local
uname -m = x86_64
uname -r = 13.0.3
uname -s = Darwin
uname -v = Darwin Kernel Version 13.0.3: Thu Oct 17 20:41:40 PDT 2013; root:xnu-2422.85.3~1/RELEASE_X86_64

/usr/bin/uname -p = i386
/bin/uname -X     = unknown

/bin/arch              = unknown
/usr/bin/arch -k       = unknown
/usr/convex/getsysinfo = unknown
/usr/bin/hostinfo      = Mach kernel version:
	 Darwin Kernel Version 13.0.3: Thu Oct 17 20:41:40 PDT 2013; root:xnu-2422.85.3~1/RELEASE_X86_64
Kernel configured for up to 16 processors.
8 processors are physically available.
16 processors are logically available.
Processor type: i486 (Intel 80486)
Processors active: 0 1 2 3 4 5 6 7 8 9 10 11 12 13 14 15
Primary memory available: 64.00 gigabytes
Default processor set: 238 tasks, 1262 threads, 16 processors
Load average: 2.03, Mach factor: 13.96
/bin/machine           = unknown
/usr/bin/oslevel       = unknown
/bin/universe          = unknown

PATH: /usr/local/bin
PATH: /sbin
PATH: /usr/sbin/
PATH: /usr/bin
PATH: /bin


## ----------- ##
## Core tests. ##
## ----------- ##

configure:2004: checking build system type
configure:2022: result: i386-apple-darwin13.0.3
configure:2044: checking host system type
configure:2059: result: i386-apple-darwin13.0.3
configure:2081: checking target system type
configure:2096: result: i386-apple-darwin13.0.3
configure:2142: checking for a BSD-compatible install
configure:2198: result: /usr/bin/install -c
configure:2209: checking whether build environment is sane
configure:2252: result: yes
configure:2280: checking for a thread-safe mkdir -p
configure:2319: result: ./install-sh -c -d
configure:2332: checking for gawk
configure:2362: result: no
configure:2332: checking for mawk
configure:2362: result: no
configure:2332: checking for nawk
configure:2362: result: no
configure:2332: checking for awk
configure:2348: found /usr/bin/awk
configure:2359: result: awk
configure:2370: checking whether make sets $(MAKE)
configure:2391: result: yes
configure:2665: checking for style of include used by make
configure:2693: result: GNU
configure:2763: checking for gcc
configure:2779: found /usr/bin/gcc
configure:2790: result: gcc
configure:3028: checking for C compiler version
configure:3035: gcc --version >&5
Configured with: --prefix=/Applications/Xcode.app/Contents/Developer/usr --with-gxx-include-dir=/usr/include/c++/4.2.1
Apple LLVM version 5.0 (clang-500.2.79) (based on LLVM 3.3svn)
Target: x86_64-apple-darwin13.0.3
Thread model: posix
configure:3038: $? = 0
configure:3045: gcc -v >&5
Configured with: --prefix=/Applications/Xcode.app/Contents/Developer/usr --with-gxx-include-dir=/usr/include/c++/4.2.1
Apple LLVM version 5.0 (clang-500.2.79) (based on LLVM 3.3svn)
Target: x86_64-apple-darwin13.0.3
Thread model: posix
configure:3048: $? = 0
configure:3055: gcc -V >&5
clang: error: argument to '-V' is missing (expected 1 value)
clang: error: no input files
configure:3058: $? = 1
configure:3081: checking for C compiler default output file name
configure:3108: gcc    conftest.c  >&5
configure:3111: $? = 0
configure:3149: result: a.out
configure:3166: checking whether the C compiler works
configure:3176: ./a.out
configure:3179: $? = 0
configure:3196: result: yes
configure:3203: checking whether we are cross compiling
configure:3205: result: no
configure:3208: checking for suffix of executables
configure:3215: gcc -o conftest    conftest.c  >&5
configure:3218: $? = 0
configure:3242: result: 
configure:3248: checking for suffix of object files
configure:3274: gcc -c   conftest.c >&5
configure:3277: $? = 0
configure:3300: result: o
configure:3304: checking whether we are using the GNU C compiler
configure:3333: gcc -c   conftest.c >&5
configure:3339: $? = 0
configure:3356: result: yes
configure:3361: checking whether gcc accepts -g
configure:3391: gcc -c -g  conftest.c >&5
configure:3397: $? = 0
configure:3496: result: yes
configure:3513: checking for gcc option to accept ISO C89
configure:3587: gcc  -c -g -O2  conftest.c >&5
configure:3593: $? = 0
configure:3616: result: none needed
configure:3636: checking dependency style of gcc
configure:3727: result: gcc3
configure:3742: checking for a sed that does not truncate output
configure:3796: result: /usr/bin/sed
configure:3799: checking for grep that handles long lines and -e
configure:3873: result: /usr/bin/grep
configure:3878: checking for egrep
configure:3956: result: /usr/bin/grep -E
configure:3972: checking for ld used by gcc
configure:4039: result: /Applications/Xcode.app/Contents/Developer/Toolchains/XcodeDefault.xctoolchain/usr/bin/ld
configure:4048: checking if the linker (/Applications/Xcode.app/Contents/Developer/Toolchains/XcodeDefault.xctoolchain/usr/bin/ld) is GNU ld
configure:4063: result: no
configure:4068: checking for /Applications/Xcode.app/Contents/Developer/Toolchains/XcodeDefault.xctoolchain/usr/bin/ld option to reload object files
configure:4075: result: -r
configure:4093: checking for BSD-compatible nm
configure:4142: result: /usr/bin/nm
configure:4146: checking whether ln -s works
configure:4150: result: yes
configure:4157: checking how to recognise dependent libraries
configure:4333: result: pass_all
configure:4567: checking how to run the C preprocessor
configure:4607: gcc -E  conftest.c
configure:4613: $? = 0
configure:4644: gcc -E  conftest.c
conftest.c:10:10: fatal error: 'ac_nonexistent.h' file not found
#include <ac_nonexistent.h>
         ^
1 error generated.
configure:4650: $? = 1
configure: failed program was:
| /* confdefs.h.  */
| #define PACKAGE_NAME ""
| #define PACKAGE_TARNAME ""
| #define PACKAGE_VERSION ""
| #define PACKAGE_STRING ""
| #define PACKAGE_BUGREPORT ""
| #define PACKAGE "lors"
| #define VERSION "0.826"
| /* end confdefs.h.  */
| #include <ac_nonexistent.h>
configure:4683: result: gcc -E
configure:4712: gcc -E  conftest.c
configure:4718: $? = 0
configure:4749: gcc -E  conftest.c
conftest.c:10:10: fatal error: 'ac_nonexistent.h' file not found
#include <ac_nonexistent.h>
         ^
1 error generated.
configure:4755: $? = 1
configure: failed program was:
| /* confdefs.h.  */
| #define PACKAGE_NAME ""
| #define PACKAGE_TARNAME ""
| #define PACKAGE_VERSION ""
| #define PACKAGE_STRING ""
| #define PACKAGE_BUGREPORT ""
| #define PACKAGE "lors"
| #define VERSION "0.826"
| /* end confdefs.h.  */
| #include <ac_nonexistent.h>
configure:4793: checking for ANSI C header files
configure:4823: gcc -c -g -O2  conftest.c >&5
configure:4829: $? = 0
configure:4928: gcc -o conftest -g -O2   conftest.c  >&5
configure:4931: $? = 0
configure:4937: ./conftest
configure:4940: $? = 0
configure:4957: result: yes
configure:4981: checking for sys/types.h
configure:5002: gcc -c -g -O2  conftest.c >&5
configure:5008: $? = 0
configure:5024: result: yes
configure:4981: checking for sys/stat.h
configure:5002: gcc -c -g -O2  conftest.c >&5
configure:5008: $? = 0
configure:5024: result: yes
configure:4981: checking for stdlib.h
configure:5002: gcc -c -g -O2  conftest.c >&5
configure:5008: $? = 0
configure:5024: result: yes
configure:4981: checking for string.h
configure:5002: gcc -c -g -O2  conftest.c >&5
configure:5008: $? = 0
configure:5024: result: yes
configure:4981: checking for memory.h
configure:5002: gcc -c -g -O2  conftest.c >&5
configure:5008: $? = 0
configure:5024: result: yes
configure:4981: checking for strings.h
configure:5002: gcc -c -g -O2  conftest.c >&5
configure:5008: $? = 0
configure:5024: result: yes
configure:4981: checking for inttypes.h
configure:5002: gcc -c -g -O2  conftest.c >&5
configure:5008: $? = 0
configure:5024: result: yes
configure:4981: checking for stdint.h
configure:5002: gcc -c -g -O2  conftest.c >&5
configure:5008: $? = 0
configure:5024: result: yes
configure:4981: checking for unistd.h
configure:5002: gcc -c -g -O2  conftest.c >&5
configure:5008: $? = 0
configure:5024: result: yes
configure:5051: checking dlfcn.h usability
configure:5068: gcc -c -g -O2  conftest.c >&5
configure:5074: $? = 0
configure:5088: result: yes
configure:5092: checking dlfcn.h presence
configure:5107: gcc -E  conftest.c
configure:5113: $? = 0
configure:5127: result: yes
configure:5155: checking for dlfcn.h
configure:5163: result: yes
configure:5234: checking for g++
configure:5250: found /usr/bin/g++
configure:5261: result: g++
configure:5292: checking for C++ compiler version
configure:5299: g++ --version >&5
Configured with: --prefix=/Applications/Xcode.app/Contents/Developer/usr --with-gxx-include-dir=/usr/include/c++/4.2.1
Apple LLVM version 5.0 (clang-500.2.79) (based on LLVM 3.3svn)
Target: x86_64-apple-darwin13.0.3
Thread model: posix
configure:5302: $? = 0
configure:5309: g++ -v >&5
Configured with: --prefix=/Applications/Xcode.app/Contents/Developer/usr --with-gxx-include-dir=/usr/include/c++/4.2.1
Apple LLVM version 5.0 (clang-500.2.79) (based on LLVM 3.3svn)
Target: x86_64-apple-darwin13.0.3
Thread model: posix
configure:5312: $? = 0
configure:5319: g++ -V >&5
clang: error: argument to '-V' is missing (expected 1 value)
clang: error: no input files
configure:5322: $? = 1
configure:5325: checking whether we are using the GNU C++ compiler
configure:5354: g++ -c   conftest.cpp >&5
configure:5360: $? = 0
configure:5377: result: yes
configure:5382: checking whether g++ accepts -g
configure:5412: g++ -c -g  conftest.cpp >&5
configure:5418: $? = 0
configure:5517: result: yes
configure:5542: checking dependency style of g++
configure:5633: result: gcc3
configure:5658: checking how to run the C++ preprocessor
configure:5694: g++ -E  conftest.cpp
configure:5700: $? = 0
configure:5731: g++ -E  conftest.cpp
conftest.cpp:21:10: fatal error: 'ac_nonexistent.h' file not found
#include <ac_nonexistent.h>
         ^
1 error generated.
configure:5737: $? = 1
configure: failed program was:
| /* confdefs.h.  */
| #define PACKAGE_NAME ""
| #define PACKAGE_TARNAME ""
| #define PACKAGE_VERSION ""
| #define PACKAGE_STRING ""
| #define PACKAGE_BUGREPORT ""
| #define PACKAGE "lors"
| #define VERSION "0.826"
| #define STDC_HEADERS 1
| #define HAVE_SYS_TYPES_H 1
| #define HAVE_SYS_STAT_H 1
| #define HAVE_STDLIB_H 1
| #define HAVE_STRING_H 1
| #define HAVE_MEMORY_H 1
| #define HAVE_STRINGS_H 1
| #define HAVE_INTTYPES_H 1
| #define HAVE_STDINT_H 1
| #define HAVE_UNISTD_H 1
| #define HAVE_DLFCN_H 1
| /* end confdefs.h.  */
| #include <ac_nonexistent.h>
configure:5770: result: g++ -E
configure:5799: g++ -E  conftest.cpp
configure:5805: $? = 0
configure:5836: g++ -E  conftest.cpp
conftest.cpp:21:10: fatal error: 'ac_nonexistent.h' file not found
#include <ac_nonexistent.h>
         ^
1 error generated.
configure:5842: $? = 1
configure: failed program was:
| /* confdefs.h.  */
| #define PACKAGE_NAME ""
| #define PACKAGE_TARNAME ""
| #define PACKAGE_VERSION ""
| #define PACKAGE_STRING ""
| #define PACKAGE_BUGREPORT ""
| #define PACKAGE "lors"
| #define VERSION "0.826"
| #define STDC_HEADERS 1
| #define HAVE_SYS_TYPES_H 1
| #define HAVE_SYS_STAT_H 1
| #define HAVE_STDLIB_H 1
| #define HAVE_STRING_H 1
| #define HAVE_MEMORY_H 1
| #define HAVE_STRINGS_H 1
| #define HAVE_INTTYPES_H 1
| #define HAVE_STDINT_H 1
| #define HAVE_UNISTD_H 1
| #define HAVE_DLFCN_H 1
| /* end confdefs.h.  */
| #include <ac_nonexistent.h>
configure:5935: checking for g77
configure:5965: result: no
configure:5935: checking for xlf
configure:5965: result: no
configure:5935: checking for f77
configure:5965: result: no
configure:5935: checking for frt
configure:5965: result: no
configure:5935: checking for pgf77
configure:5965: result: no
configure:5935: checking for cf77
configure:5965: result: no
configure:5935: checking for fort77
configure:5965: result: no
configure:5935: checking for fl32
configure:5965: result: no
configure:5935: checking for af77
configure:5965: result: no
configure:5935: checking for xlf90
configure:5965: result: no
configure:5935: checking for f90
configure:5965: result: no
configure:5935: checking for pgf90
configure:5965: result: no
configure:5935: checking for pghpf
configure:5965: result: no
configure:5935: checking for epcf90
configure:5965: result: no
configure:5935: checking for gfortran
configure:5965: result: no
configure:5935: checking for g95
configure:5965: result: no
configure:5935: checking for xlf95
configure:5965: result: no
configure:5935: checking for f95
configure:5965: result: no
configure:5935: checking for fort
configure:5965: result: no
configure:5935: checking for ifort
configure:5965: result: no
configure:5935: checking for ifc
configure:5965: result: no
configure:5935: checking for efc
configure:5965: result: no
configure:5935: checking for pgf95
configure:5965: result: no
configure:5935: checking for lf95
configure:5965: result: no
configure:5935: checking for ftn
configure:5965: result: no
configure:5992: checking for Fortran 77 compiler version
configure:5999:  --version >&5
./configure: line 6000: --version: command not found
configure:6002: $? = 127
configure:6009:  -v >&5
./configure: line 6010: -v: command not found
configure:6012: $? = 127
configure:6019:  -V >&5
./configure: line 6020: -V: command not found
configure:6022: $? = 127
configure:6030: checking whether we are using the GNU Fortran 77 compiler
configure:6049:  -c  conftest.F >&5
./configure: line 6050: -c: command not found
configure:6055: $? = 127
configure: failed program was:
|       program main
| #ifndef __GNUC__
|        choke me
| #endif
| 
|       end
configure:6072: result: no
configure:6078: checking whether  accepts -g
configure:6095:  -c -g conftest.f >&5
./configure: line 6096: -c: command not found
configure:6101: $? = 127
configure: failed program was:
|       program main
| 
|       end
configure:6117: result: no
configure:6147: checking the maximum length of command line arguments
configure:6256: result: 196608
configure:6267: checking command to parse /usr/bin/nm output from gcc object
configure:6372: gcc -c -g -O2  conftest.c >&5
configure:6375: $? = 0
configure:6379: /usr/bin/nm conftest.o \| sed -n -e 's/^.*[ 	]\([BCDEGRST][BCDEGRST]*\)[ 	][ 	]*\([_A-Za-z][_A-Za-z0-9]*\)$/\1 \2 \2/p' \> conftest.nm
configure:6382: $? = 0
cannot find nm_test_var in conftest.nm
configure:6372: gcc -c -g -O2  conftest.c >&5
configure:6375: $? = 0
configure:6379: /usr/bin/nm conftest.o \| sed -n -e 's/^.*[ 	]\([BCDEGRST][BCDEGRST]*\)[ 	][ 	]*_\([_A-Za-z][_A-Za-z0-9]*\)$/\1 _\2 \2/p' \> conftest.nm
configure:6382: $? = 0
configure:6434: gcc -o conftest -g -O2   conftest.c conftstm.o >&5
configure:6437: $? = 0
configure:6475: result: ok
configure:6479: checking for objdir
configure:6494: result: .libs
configure:6586: checking for ar
configure:6602: found /usr/bin/ar
configure:6613: result: ar
configure:6682: checking for ranlib
configure:6698: found /usr/bin/ranlib
configure:6709: result: ranlib
configure:6778: checking for strip
configure:6794: found /usr/bin/strip
configure:6805: result: strip
configure:7091: checking if gcc supports -fno-rtti -fno-exceptions
configure:7109: gcc -c -g -O2  -fno-rtti -fno-exceptions conftest.c >&5
configure:7113: $? = 0
configure:7126: result: yes
configure:7141: checking for gcc option to produce PIC
configure:7351: result: -fno-common
configure:7359: checking if gcc PIC flag -fno-common works
configure:7377: gcc -c -g -O2  -fno-common -DPIC conftest.c >&5
configure:7381: $? = 0
configure:7394: result: yes
configure:7422: checking if gcc static flag -static works
configure:7450: result: no
configure:7460: checking if gcc supports -c -o file.o
configure:7481: gcc -c -g -O2  -o out/conftest2.o conftest.c >&5
configure:7485: $? = 0
configure:7507: result: yes
configure:7533: checking whether the gcc linker (/Applications/Xcode.app/Contents/Developer/Toolchains/XcodeDefault.xctoolchain/usr/bin/ld) supports shared libraries
configure:8487: result: yes
configure:8554: checking dynamic linker characteristics
configure:9142: result: darwin13.0.3 dyld
configure:9151: checking how to hardcode library paths into programs
configure:9176: result: immediate
configure:9190: checking whether stripping libraries is possible
configure:9203: result: yes
configure:9996: checking if libtool supports shared libraries
configure:9998: result: yes
configure:10001: checking whether to build shared libraries
configure:10022: result: yes
configure:10025: checking whether to build static libraries
configure:10029: result: yes
configure:10121: creating libtool
configure:10709: checking for ld used by g++
configure:10776: result: /Applications/Xcode.app/Contents/Developer/Toolchains/XcodeDefault.xctoolchain/usr/bin/ld
configure:10785: checking if the linker (/Applications/Xcode.app/Contents/Developer/Toolchains/XcodeDefault.xctoolchain/usr/bin/ld) is GNU ld
configure:10800: result: no
configure:10851: checking whether the g++ linker (/Applications/Xcode.app/Contents/Developer/Toolchains/XcodeDefault.xctoolchain/usr/bin/ld) supports shared libraries
configure:11785: result: yes
configure:11803: g++ -c -g -O2  conftest.cpp >&5
configure:11806: $? = 0
configure:11925: checking for g++ option to produce PIC
configure:12199: result: -fno-common
configure:12207: checking if g++ PIC flag -fno-common works
configure:12225: g++ -c -g -O2  -fno-common -DPIC conftest.cpp >&5
configure:12229: $? = 0
configure:12242: result: yes
configure:12270: checking if g++ static flag -static works
configure:12298: result: no
configure:12308: checking if g++ supports -c -o file.o
configure:12329: g++ -c -g -O2  -o out/conftest2.o conftest.cpp >&5
configure:12333: $? = 0
configure:12355: result: yes
configure:12381: checking whether the g++ linker (/Applications/Xcode.app/Contents/Developer/Toolchains/XcodeDefault.xctoolchain/usr/bin/ld) supports shared libraries
configure:12406: result: yes
configure:12473: checking dynamic linker characteristics
configure:13061: result: darwin13.0.3 dyld
configure:13070: checking how to hardcode library paths into programs
configure:13095: result: immediate
configure:19291: checking for gawk
configure:19318: result: awk
configure:19378: checking for gcc
configure:19405: result: gcc
configure:19643: checking for C compiler version
configure:19650: gcc --version >&5
Configured with: --prefix=/Applications/Xcode.app/Contents/Developer/usr --with-gxx-include-dir=/usr/include/c++/4.2.1
Apple LLVM version 5.0 (clang-500.2.79) (based on LLVM 3.3svn)
Target: x86_64-apple-darwin13.0.3
Thread model: posix
configure:19653: $? = 0
configure:19660: gcc -v >&5
Configured with: --prefix=/Applications/Xcode.app/Contents/Developer/usr --with-gxx-include-dir=/usr/include/c++/4.2.1
Apple LLVM version 5.0 (clang-500.2.79) (based on LLVM 3.3svn)
Target: x86_64-apple-darwin13.0.3
Thread model: posix
configure:19663: $? = 0
configure:19670: gcc -V >&5
clang: error: argument to '-V' is missing (expected 1 value)
clang: error: no input files
configure:19673: $? = 1
configure:19676: checking whether we are using the GNU C compiler
configure:19728: result: yes
configure:19733: checking whether gcc accepts -g
configure:19868: result: yes
configure:19885: checking for gcc option to accept ISO C89
configure:19988: result: none needed
configure:20008: checking dependency style of gcc
configure:20099: result: gcc3
configure:20119: checking how to run the C preprocessor
configure:20235: result: gcc -E
configure:20264: gcc -E  conftest.c
configure:20270: $? = 0
configure:20301: gcc -E  conftest.c
conftest.c:21:10: fatal error: 'ac_nonexistent.h' file not found
#include <ac_nonexistent.h>
         ^
1 error generated.
configure:20307: $? = 1
configure: failed program was:
| /* confdefs.h.  */
| #define PACKAGE_NAME ""
| #define PACKAGE_TARNAME ""
| #define PACKAGE_VERSION ""
| #define PACKAGE_STRING ""
| #define PACKAGE_BUGREPORT ""
| #define PACKAGE "lors"
| #define VERSION "0.826"
| #define STDC_HEADERS 1
| #define HAVE_SYS_TYPES_H 1
| #define HAVE_SYS_STAT_H 1
| #define HAVE_STDLIB_H 1
| #define HAVE_STRING_H 1
| #define HAVE_MEMORY_H 1
| #define HAVE_STRINGS_H 1
| #define HAVE_INTTYPES_H 1
| #define HAVE_STDINT_H 1
| #define HAVE_UNISTD_H 1
| #define HAVE_DLFCN_H 1
| /* end confdefs.h.  */
| #include <ac_nonexistent.h>
configure:20357: checking for a BSD-compatible install
configure:20413: result: /usr/bin/install -c
configure:20424: checking whether ln -s works
configure:20428: result: yes
configure:20435: checking whether make sets $(MAKE)
configure:20456: result: yes
configure:20469: checking for xml2-config
configure:20487: found /usr/bin/xml2-config
configure:20499: result: /usr/bin/xml2-config
configure:20512: checking for pthread_create in -lpthread
configure:20547: gcc -o conftest -g -O2   conftest.c -lpthread   >&5
configure:20553: $? = 0
configure:20571: result: yes
configure:20583: checking for xmlBufferCreate in -lxml2
configure:20618: gcc -o conftest -g -O2   conftest.c -lxml2  -lpthread  >&5
configure:20624: $? = 0
configure:20642: result: yes
configure:20654: checking for socket in -lsocket
configure:20689: gcc -o conftest -g -O2   conftest.c -lsocket  -lxml2 -lpthread  >&5
ld: library not found for -lsocket
clang: error: linker command failed with exit code 1 (use -v to see invocation)
configure:20695: $? = 1
configure: failed program was:
| /* confdefs.h.  */
| #define PACKAGE_NAME ""
| #define PACKAGE_TARNAME ""
| #define PACKAGE_VERSION ""
| #define PACKAGE_STRING ""
| #define PACKAGE_BUGREPORT ""
| #define PACKAGE "lors"
| #define VERSION "0.826"
| #define STDC_HEADERS 1
| #define HAVE_SYS_TYPES_H 1
| #define HAVE_SYS_STAT_H 1
| #define HAVE_STDLIB_H 1
| #define HAVE_STRING_H 1
| #define HAVE_MEMORY_H 1
| #define HAVE_STRINGS_H 1
| #define HAVE_INTTYPES_H 1
| #define HAVE_STDINT_H 1
| #define HAVE_UNISTD_H 1
| #define HAVE_DLFCN_H 1
| #define HAVE_LIBPTHREAD 1
| #define HAVE_LIBXML2 1
| /* end confdefs.h.  */
| 
| /* Override any GCC internal prototype to avoid an error.
|    Use char because int might match the return type of a GCC
|    builtin and then its argument prototype would still apply.  */
| #ifdef __cplusplus
| extern "C"
| #endif
| char socket ();
| int
| main ()
| {
| return socket ();
|   ;
|   return 0;
| }
configure:20713: result: no
configure:20725: checking for gethostbyname in -lnsl
configure:20760: gcc -o conftest -g -O2   conftest.c -lnsl  -lxml2 -lpthread  >&5
ld: library not found for -lnsl
clang: error: linker command failed with exit code 1 (use -v to see invocation)
configure:20766: $? = 1
configure: failed program was:
| /* confdefs.h.  */
| #define PACKAGE_NAME ""
| #define PACKAGE_TARNAME ""
| #define PACKAGE_VERSION ""
| #define PACKAGE_STRING ""
| #define PACKAGE_BUGREPORT ""
| #define PACKAGE "lors"
| #define VERSION "0.826"
| #define STDC_HEADERS 1
| #define HAVE_SYS_TYPES_H 1
| #define HAVE_SYS_STAT_H 1
| #define HAVE_STDLIB_H 1
| #define HAVE_STRING_H 1
| #define HAVE_MEMORY_H 1
| #define HAVE_STRINGS_H 1
| #define HAVE_INTTYPES_H 1
| #define HAVE_STDINT_H 1
| #define HAVE_UNISTD_H 1
| #define HAVE_DLFCN_H 1
| #define HAVE_LIBPTHREAD 1
| #define HAVE_LIBXML2 1
| /* end confdefs.h.  */
| 
| /* Override any GCC internal prototype to avoid an error.
|    Use char because int might match the return type of a GCC
|    builtin and then its argument prototype would still apply.  */
| #ifdef __cplusplus
| extern "C"
| #endif
| char gethostbyname ();
| int
| main ()
| {
| return gethostbyname ();
|   ;
|   return 0;
| }
configure:20784: result: no
configure:20796: checking for compress in -lz
configure:20831: gcc -o conftest -g -O2   conftest.c -lz  -lxml2 -lpthread  >&5
configure:20837: $? = 0
configure:20855: result: yes
configure:20867: checking for poptGetContext in -lpopt
configure:20902: gcc -o conftest -g -O2   conftest.c -lpopt  -lz -lxml2 -lpthread  >&5
ld: library not found for -lpopt
clang: error: linker command failed with exit code 1 (use -v to see invocation)
configure:20908: $? = 1
configure: failed program was:
| /* confdefs.h.  */
| #define PACKAGE_NAME ""
| #define PACKAGE_TARNAME ""
| #define PACKAGE_VERSION ""
| #define PACKAGE_STRING ""
| #define PACKAGE_BUGREPORT ""
| #define PACKAGE "lors"
| #define VERSION "0.826"
| #define STDC_HEADERS 1
| #define HAVE_SYS_TYPES_H 1
| #define HAVE_SYS_STAT_H 1
| #define HAVE_STDLIB_H 1
| #define HAVE_STRING_H 1
| #define HAVE_MEMORY_H 1
| #define HAVE_STRINGS_H 1
| #define HAVE_INTTYPES_H 1
| #define HAVE_STDINT_H 1
| #define HAVE_UNISTD_H 1
| #define HAVE_DLFCN_H 1
| #define HAVE_LIBPTHREAD 1
| #define HAVE_LIBXML2 1
| #define HAVE_LIBZ 1
| /* end confdefs.h.  */
| 
| /* Override any GCC internal prototype to avoid an error.
|    Use char because int might match the return type of a GCC
|    builtin and then its argument prototype would still apply.  */
| #ifdef __cplusplus
| extern "C"
| #endif
| char poptGetContext ();
| int
| main ()
| {
| return poptGetContext ();
|   ;
|   return 0;
| }
configure:20926: result: no
configure:20938: checking for log in -lm
configure:20973: gcc -o conftest -g -O2   conftest.c -lm  -lz -lxml2 -lpthread  >&5
conftest.c:31:6: warning: incompatible redeclaration of library function 'log' [-Wincompatible-library-redeclaration]
char log ();
     ^
conftest.c:31:6: note: 'log' is a builtin with type 'double (double)'
1 warning generated.
configure:20979: $? = 0
configure:20997: result: yes
configure:21009: checking for ANSI C header files
configure:21173: result: yes
configure:21205: checking fcntl.h usability
configure:21222: gcc -c -g -O2  conftest.c >&5
configure:21228: $? = 0
configure:21242: result: yes
configure:21246: checking fcntl.h presence
configure:21261: gcc -E  conftest.c
configure:21267: $? = 0
configure:21281: result: yes
configure:21309: checking for fcntl.h
configure:21317: result: yes
configure:21205: checking limits.h usability
configure:21222: gcc -c -g -O2  conftest.c >&5
configure:21228: $? = 0
configure:21242: result: yes
configure:21246: checking limits.h presence
configure:21261: gcc -E  conftest.c
configure:21267: $? = 0
configure:21281: result: yes
configure:21309: checking for limits.h
configure:21317: result: yes
configure:21205: checking malloc.h usability
configure:21222: gcc -c -g -O2  conftest.c >&5
conftest.c:61:10: fatal error: 'malloc.h' file not found
#include <malloc.h>
         ^
1 error generated.
configure:21228: $? = 1
configure: failed program was:
| /* confdefs.h.  */
| #define PACKAGE_NAME ""
| #define PACKAGE_TARNAME ""
| #define PACKAGE_VERSION ""
| #define PACKAGE_STRING ""
| #define PACKAGE_BUGREPORT ""
| #define PACKAGE "lors"
| #define VERSION "0.826"
| #define STDC_HEADERS 1
| #define HAVE_SYS_TYPES_H 1
| #define HAVE_SYS_STAT_H 1
| #define HAVE_STDLIB_H 1
| #define HAVE_STRING_H 1
| #define HAVE_MEMORY_H 1
| #define HAVE_STRINGS_H 1
| #define HAVE_INTTYPES_H 1
| #define HAVE_STDINT_H 1
| #define HAVE_UNISTD_H 1
| #define HAVE_DLFCN_H 1
| #define HAVE_LIBPTHREAD 1
| #define HAVE_LIBXML2 1
| #define HAVE_LIBZ 1
| #define HAVE_LIBM 1
| #define STDC_HEADERS 1
| #define HAVE_FCNTL_H 1
| #define HAVE_LIMITS_H 1
| /* end confdefs.h.  */
| #include <stdio.h>
| #ifdef HAVE_SYS_TYPES_H
| # include <sys/types.h>
| #endif
| #ifdef HAVE_SYS_STAT_H
| # include <sys/stat.h>
| #endif
| #ifdef STDC_HEADERS
| # include <stdlib.h>
| # include <stddef.h>
| #else
| # ifdef HAVE_STDLIB_H
| #  include <stdlib.h>
| # endif
| #endif
| #ifdef HAVE_STRING_H
| # if !defined STDC_HEADERS && defined HAVE_MEMORY_H
| #  include <memory.h>
| # endif
| # include <string.h>
| #endif
| #ifdef HAVE_STRINGS_H
| # include <strings.h>
| #endif
| #ifdef HAVE_INTTYPES_H
| # include <inttypes.h>
| #endif
| #ifdef HAVE_STDINT_H
| # include <stdint.h>
| #endif
| #ifdef HAVE_UNISTD_H
| # include <unistd.h>
| #endif
| #include <malloc.h>
configure:21242: result: no
configure:21246: checking malloc.h presence
configure:21261: gcc -E  conftest.c
conftest.c:28:10: fatal error: 'malloc.h' file not found
#include <malloc.h>
         ^
1 error generated.
configure:21267: $? = 1
configure: failed program was:
| /* confdefs.h.  */
| #define PACKAGE_NAME ""
| #define PACKAGE_TARNAME ""
| #define PACKAGE_VERSION ""
| #define PACKAGE_STRING ""
| #define PACKAGE_BUGREPORT ""
| #define PACKAGE "lors"
| #define VERSION "0.826"
| #define STDC_HEADERS 1
| #define HAVE_SYS_TYPES_H 1
| #define HAVE_SYS_STAT_H 1
| #define HAVE_STDLIB_H 1
| #define HAVE_STRING_H 1
| #define HAVE_MEMORY_H 1
| #define HAVE_STRINGS_H 1
| #define HAVE_INTTYPES_H 1
| #define HAVE_STDINT_H 1
| #define HAVE_UNISTD_H 1
| #define HAVE_DLFCN_H 1
| #define HAVE_LIBPTHREAD 1
| #define HAVE_LIBXML2 1
| #define HAVE_LIBZ 1
| #define HAVE_LIBM 1
| #define STDC_HEADERS 1
| #define HAVE_FCNTL_H 1
| #define HAVE_LIMITS_H 1
| /* end confdefs.h.  */
| #include <malloc.h>
configure:21281: result: no
configure:21309: checking for malloc.h
configure:21317: result: no
configure:21205: checking sgtty.h usability
configure:21222: gcc -c -g -O2  conftest.c >&5
configure:21228: $? = 0
configure:21242: result: yes
configure:21246: checking sgtty.h presence
configure:21261: gcc -E  conftest.c
configure:21267: $? = 0
configure:21281: result: yes
configure:21309: checking for sgtty.h
configure:21317: result: yes
configure:21205: checking sys/ioctl.h usability
configure:21222: gcc -c -g -O2  conftest.c >&5
configure:21228: $? = 0
configure:21242: result: yes
configure:21246: checking sys/ioctl.h presence
configure:21261: gcc -E  conftest.c
configure:21267: $? = 0
configure:21281: result: yes
configure:21309: checking for sys/ioctl.h
configure:21317: result: yes
configure:21205: checking sys/time.h usability
configure:21222: gcc -c -g -O2  conftest.c >&5
configure:21228: $? = 0
configure:21242: result: yes
configure:21246: checking sys/time.h presence
configure:21261: gcc -E  conftest.c
configure:21267: $? = 0
configure:21281: result: yes
configure:21309: checking for sys/time.h
configure:21317: result: yes
configure:21205: checking termio.h usability
configure:21222: gcc -c -g -O2  conftest.c >&5
conftest.c:64:10: fatal error: 'termio.h' file not found
#include <termio.h>
         ^
1 error generated.
configure:21228: $? = 1
configure: failed program was:
| /* confdefs.h.  */
| #define PACKAGE_NAME ""
| #define PACKAGE_TARNAME ""
| #define PACKAGE_VERSION ""
| #define PACKAGE_STRING ""
| #define PACKAGE_BUGREPORT ""
| #define PACKAGE "lors"
| #define VERSION "0.826"
| #define STDC_HEADERS 1
| #define HAVE_SYS_TYPES_H 1
| #define HAVE_SYS_STAT_H 1
| #define HAVE_STDLIB_H 1
| #define HAVE_STRING_H 1
| #define HAVE_MEMORY_H 1
| #define HAVE_STRINGS_H 1
| #define HAVE_INTTYPES_H 1
| #define HAVE_STDINT_H 1
| #define HAVE_UNISTD_H 1
| #define HAVE_DLFCN_H 1
| #define HAVE_LIBPTHREAD 1
| #define HAVE_LIBXML2 1
| #define HAVE_LIBZ 1
| #define HAVE_LIBM 1
| #define STDC_HEADERS 1
| #define HAVE_FCNTL_H 1
| #define HAVE_LIMITS_H 1
| #define HAVE_SGTTY_H 1
| #define HAVE_SYS_IOCTL_H 1
| #define HAVE_SYS_TIME_H 1
| /* end confdefs.h.  */
| #include <stdio.h>
| #ifdef HAVE_SYS_TYPES_H
| # include <sys/types.h>
| #endif
| #ifdef HAVE_SYS_STAT_H
| # include <sys/stat.h>
| #endif
| #ifdef STDC_HEADERS
| # include <stdlib.h>
| # include <stddef.h>
| #else
| # ifdef HAVE_STDLIB_H
| #  include <stdlib.h>
| # endif
| #endif
| #ifdef HAVE_STRING_H
| # if !defined STDC_HEADERS && defined HAVE_MEMORY_H
| #  include <memory.h>
| # endif
| # include <string.h>
| #endif
| #ifdef HAVE_STRINGS_H
| # include <strings.h>
| #endif
| #ifdef HAVE_INTTYPES_H
| # include <inttypes.h>
| #endif
| #ifdef HAVE_STDINT_H
| # include <stdint.h>
| #endif
| #ifdef HAVE_UNISTD_H
| # include <unistd.h>
| #endif
| #include <termio.h>
configure:21242: result: no
configure:21246: checking termio.h presence
configure:21261: gcc -E  conftest.c
conftest.c:31:10: fatal error: 'termio.h' file not found
#include <termio.h>
         ^
1 error generated.
configure:21267: $? = 1
configure: failed program was:
| /* confdefs.h.  */
| #define PACKAGE_NAME ""
| #define PACKAGE_TARNAME ""
| #define PACKAGE_VERSION ""
| #define PACKAGE_STRING ""
| #define PACKAGE_BUGREPORT ""
| #define PACKAGE "lors"
| #define VERSION "0.826"
| #define STDC_HEADERS 1
| #define HAVE_SYS_TYPES_H 1
| #define HAVE_SYS_STAT_H 1
| #define HAVE_STDLIB_H 1
| #define HAVE_STRING_H 1
| #define HAVE_MEMORY_H 1
| #define HAVE_STRINGS_H 1
| #define HAVE_INTTYPES_H 1
| #define HAVE_STDINT_H 1
| #define HAVE_UNISTD_H 1
| #define HAVE_DLFCN_H 1
| #define HAVE_LIBPTHREAD 1
| #define HAVE_LIBXML2 1
| #define HAVE_LIBZ 1
| #define HAVE_LIBM 1
| #define STDC_HEADERS 1
| #define HAVE_FCNTL_H 1
| #define HAVE_LIMITS_H 1
| #define HAVE_SGTTY_H 1
| #define HAVE_SYS_IOCTL_H 1
| #define HAVE_SYS_TIME_H 1
| /* end confdefs.h.  */
| #include <termio.h>
configure:21281: result: no
configure:21309: checking for termio.h
configure:21317: result: no
configure:21195: checking for unistd.h
configure:21201: result: yes
configure:21339: checking for an ANSI C-conforming const
configure:21414: gcc -c -g -O2  conftest.c >&5
configure:21420: $? = 0
configure:21435: result: yes
configure:21445: checking for inline
configure:21471: gcc -c -g -O2  conftest.c >&5
configure:21477: $? = 0
configure:21495: result: inline
configure:21514: checking whether time.h and sys/time.h may both be included
configure:21544: gcc -c -g -O2  conftest.c >&5
configure:21550: $? = 0
configure:21565: result: yes
configure:21575: checking whether struct tm is in sys/time.h or time.h
configure:21605: gcc -c -g -O2  conftest.c >&5
configure:21611: $? = 0
configure:21626: result: time.h
configure:21637: checking for working memcmp
configure:21690: gcc -o conftest -g -O2   conftest.c -lm -lz -lxml2 -lpthread  >&5
configure:21693: $? = 0
configure:21699: ./conftest
configure:21702: $? = 0
configure:21718: result: yes
configure:21727: checking return type of signal handlers
configure:21755: gcc -c -g -O2  conftest.c >&5
conftest.c:39:8: error: indirection requires pointer operand ('void' invalid)
return *(signal (0, 0)) (0) == 1;
       ^~~~~~~~~~~~~~~~~~~~
1 error generated.
configure:21761: $? = 1
configure: failed program was:
| /* confdefs.h.  */
| #define PACKAGE_NAME ""
| #define PACKAGE_TARNAME ""
| #define PACKAGE_VERSION ""
| #define PACKAGE_STRING ""
| #define PACKAGE_BUGREPORT ""
| #define PACKAGE "lors"
| #define VERSION "0.826"
| #define STDC_HEADERS 1
| #define HAVE_SYS_TYPES_H 1
| #define HAVE_SYS_STAT_H 1
| #define HAVE_STDLIB_H 1
| #define HAVE_STRING_H 1
| #define HAVE_MEMORY_H 1
| #define HAVE_STRINGS_H 1
| #define HAVE_INTTYPES_H 1
| #define HAVE_STDINT_H 1
| #define HAVE_UNISTD_H 1
| #define HAVE_DLFCN_H 1
| #define HAVE_LIBPTHREAD 1
| #define HAVE_LIBXML2 1
| #define HAVE_LIBZ 1
| #define HAVE_LIBM 1
| #define STDC_HEADERS 1
| #define HAVE_FCNTL_H 1
| #define HAVE_LIMITS_H 1
| #define HAVE_SGTTY_H 1
| #define HAVE_SYS_IOCTL_H 1
| #define HAVE_SYS_TIME_H 1
| #define HAVE_UNISTD_H 1
| #define TIME_WITH_SYS_TIME 1
| /* end confdefs.h.  */
| #include <sys/types.h>
| #include <signal.h>
| 
| int
| main ()
| {
| return *(signal (0, 0)) (0) == 1;
|   ;
|   return 0;
| }
configure:21776: result: void
configure:21788: checking for strftime
configure:21844: gcc -o conftest -g -O2   conftest.c -lm -lz -lxml2 -lpthread  >&5
configure:21850: $? = 0
configure:21868: result: yes
configure:21953: checking for vprintf
configure:22009: gcc -o conftest -g -O2   conftest.c -lm -lz -lxml2 -lpthread  >&5
conftest.c:58:6: warning: incompatible redeclaration of library function 'vprintf' [-Wincompatible-library-redeclaration]
char vprintf ();
     ^
conftest.c:58:6: note: 'vprintf' is a builtin with type 'int (const char *, __va_list_tag *)'
1 warning generated.
configure:22015: $? = 0
configure:22033: result: yes
configure:22040: checking for _doprnt
configure:22096: gcc -o conftest -g -O2   conftest.c -lm -lz -lxml2 -lpthread  >&5
Undefined symbols for architecture x86_64:
  "__doprnt", referenced from:
      _main in conftest-hrno1t.o
ld: symbol(s) not found for architecture x86_64
clang: error: linker command failed with exit code 1 (use -v to see invocation)
configure:22102: $? = 1
configure: failed program was:
| /* confdefs.h.  */
| #define PACKAGE_NAME ""
| #define PACKAGE_TARNAME ""
| #define PACKAGE_VERSION ""
| #define PACKAGE_STRING ""
| #define PACKAGE_BUGREPORT ""
| #define PACKAGE "lors"
| #define VERSION "0.826"
| #define STDC_HEADERS 1
| #define HAVE_SYS_TYPES_H 1
| #define HAVE_SYS_STAT_H 1
| #define HAVE_STDLIB_H 1
| #define HAVE_STRING_H 1
| #define HAVE_MEMORY_H 1
| #define HAVE_STRINGS_H 1
| #define HAVE_INTTYPES_H 1
| #define HAVE_STDINT_H 1
| #define HAVE_UNISTD_H 1
| #define HAVE_DLFCN_H 1
| #define HAVE_LIBPTHREAD 1
| #define HAVE_LIBXML2 1
| #define HAVE_LIBZ 1
| #define HAVE_LIBM 1
| #define STDC_HEADERS 1
| #define HAVE_FCNTL_H 1
| #define HAVE_LIMITS_H 1
| #define HAVE_SGTTY_H 1
| #define HAVE_SYS_IOCTL_H 1
| #define HAVE_SYS_TIME_H 1
| #define HAVE_UNISTD_H 1
| #define TIME_WITH_SYS_TIME 1
| #define RETSIGTYPE void
| #define HAVE_STRFTIME 1
| #define HAVE_VPRINTF 1
| /* end confdefs.h.  */
| /* Define _doprnt to an innocuous variant, in case <limits.h> declares _doprnt.
|    For example, HP-UX 11i <limits.h> declares gettimeofday.  */
| #define _doprnt innocuous__doprnt
| 
| /* System header to define __stub macros and hopefully few prototypes,
|     which can conflict with char _doprnt (); below.
|     Prefer <limits.h> to <assert.h> if __STDC__ is defined, since
|     <limits.h> exists even on freestanding compilers.  */
| 
| #ifdef __STDC__
| # include <limits.h>
| #else
| # include <assert.h>
| #endif
| 
| #undef _doprnt
| 
| /* Override any GCC internal prototype to avoid an error.
|    Use char because int might match the return type of a GCC
|    builtin and then its argument prototype would still apply.  */
| #ifdef __cplusplus
| extern "C"
| #endif
| char _doprnt ();
| /* The GNU C library defines this for functions which it implements
|     to always fail with ENOSYS.  Some functions are actually named
|     something starting with __ and the normal name is an alias.  */
| #if defined __stub__doprnt || defined __stub____doprnt
| choke me
| #endif
| 
| int
| main ()
| {
| return _doprnt ();
|   ;
|   return 0;
| }
configure:22119: result: no
configure:22143: checking for ftime
configure:22199: gcc -o conftest -g -O2   conftest.c -lm -lz -lxml2 -lpthread  >&5
configure:22205: $? = 0
configure:22223: result: yes
configure:22143: checking for gettimeofday
configure:22199: gcc -o conftest -g -O2   conftest.c -lm -lz -lxml2 -lpthread  >&5
configure:22205: $? = 0
configure:22223: result: yes
configure:22143: checking for select
configure:22199: gcc -o conftest -g -O2   conftest.c -lm -lz -lxml2 -lpthread  >&5
configure:22205: $? = 0
configure:22223: result: yes
configure:22143: checking for strdup
configure:22199: gcc -o conftest -g -O2   conftest.c -lm -lz -lxml2 -lpthread  >&5
conftest.c:62:6: warning: incompatible redeclaration of library function 'strdup' [-Wincompatible-library-redeclaration]
char strdup ();
     ^
conftest.c:62:6: note: 'strdup' is a builtin with type 'char *(const char *)'
1 warning generated.
configure:22205: $? = 0
configure:22223: result: yes
configure:22143: checking for strerror
configure:22199: gcc -o conftest -g -O2   conftest.c -lm -lz -lxml2 -lpthread  >&5
conftest.c:63:6: warning: incompatible redeclaration of library function 'strerror' [-Wincompatible-library-redeclaration]
char strerror ();
     ^
conftest.c:63:6: note: 'strerror' is a builtin with type 'char *(int)'
1 warning generated.
configure:22205: $? = 0
configure:22223: result: yes
configure:22143: checking for strspn
configure:22199: gcc -o conftest -g -O2   conftest.c -lm -lz -lxml2 -lpthread  >&5
conftest.c:64:6: warning: incompatible redeclaration of library function 'strspn' [-Wincompatible-library-redeclaration]
char strspn ();
     ^
conftest.c:64:6: note: 'strspn' is a builtin with type 'unsigned long (const char *, const char *)'
1 warning generated.
configure:22205: $? = 0
configure:22223: result: yes
configure:22143: checking for strstr
configure:22199: gcc -o conftest -g -O2   conftest.c -lm -lz -lxml2 -lpthread  >&5
conftest.c:65:6: warning: incompatible redeclaration of library function 'strstr' [-Wincompatible-library-redeclaration]
char strstr ();
     ^
conftest.c:65:6: note: 'strstr' is a builtin with type 'char *(const char *, const char *)'
1 warning generated.
configure:22205: $? = 0
configure:22223: result: yes
configure:22254: checking for "/usr/include/popt.h"
configure:22261: result: no
configure:22263: checking for "/Users/brumgard/Documents/Work/LoCI/workspace/lors/popt/popt.c"
configure:22266: result: found
configure:22295: checking for "/usr/include/zlib.h"
configure:22298: result: found
configure:22336: checking for "/usr/include/libxml2/libxml/tree.h"
configure:22339: result: found
configure:22374: checking for "/sw/lors/lib/liblbone.a"
configure:22377: result: found
configure:22412: checking for "/sw/lors/lib/libexnode.a"
configure:22415: result: found
configure:22441: checking for "/sw/lors/lib/libaes.la"
configure:22444: result: found
configure:22471: checking for "/sw/lors/lib/libdes.la"
configure:22474: result: found
configure:22500: checking for "/sw/lors/lib/libmd5.la"
configure:22503: result: found
configure:22537: checking for doxygen
configure:22568: result: touch
configure:22580: checking for wish
configure:22598: found /usr/bin/wish
configure:22610: result: /usr/bin/wish
configure:22754: creating ./config.status

## ---------------------- ##
## Running config.status. ##
## ---------------------- ##

This file was extended by config.status, which was
generated by GNU Autoconf 2.61.  Invocation command line was

  CONFIG_FILES    = 
  CONFIG_HEADERS  = 
  CONFIG_LINKS    = 
  CONFIG_COMMANDS = 
  $ ./config.status 

on Matilda.local

config.status:716: creating Makefile
config.status:716: creating lors_setup.sh
config.status:716: creating pre-install.sh
config.status:716: creating doc/doxygen.cfg
config.status:716: creating doc/Makefile
config.status:716: creating src/Makefile
config.status:716: creating libe2e/md5/Makefile
config.status:716: creating libe2e/des/Makefile
config.status:716: creating libe2e/aes/Makefile
config.status:716: creating libe2e/Makefile
config.status:716: creating cmdtools/Makefile
config.status:716: creating include/Makefile
config.status:716: creating visual/Makefile
config.status:716: creating visual/command.tcl
config.status:716: creating visual/lat_display.tcl
config.status:716: creating config.h
config.status:965: config.h is unchanged
config.status:1011: executing depfiles commands
config.status:1011: executing default commands

## ---------------- ##
## Cache variables. ##
## ---------------- ##

ac_cv_build=i386-apple-darwin13.0.3
ac_cv_c_compiler_gnu=yes
ac_cv_c_const=yes
ac_cv_c_inline=inline
ac_cv_cxx_compiler_gnu=yes
ac_cv_env_CCC_set=
ac_cv_env_CCC_value=
ac_cv_env_CC_set=
ac_cv_env_CC_value=
ac_cv_env_CFLAGS_set=
ac_cv_env_CFLAGS_value=
ac_cv_env_CPPFLAGS_set=
ac_cv_env_CPPFLAGS_value=
ac_cv_env_CPP_set=
ac_cv_env_CPP_value=
ac_cv_env_CXXCPP_set=
ac_cv_env_CXXCPP_value=
ac_cv_env_CXXFLAGS_set=
ac_cv_env_CXXFLAGS_value=
ac_cv_env_CXX_set=
ac_cv_env_CXX_value=
ac_cv_env_F77_set=
ac_cv_env_F77_value=
ac_cv_env_FFLAGS_set=
ac_cv_env_FFLAGS_value=
ac_cv_env_LDFLAGS_set=
ac_cv_env_LDFLAGS_value=
ac_cv_env_LIBS_set=
ac_cv_env_LIBS_value=
ac_cv_env_build_alias_set=
ac_cv_env_build_alias_value=
ac_cv_env_host_alias_set=
ac_cv_env_host_alias_value=
ac_cv_env_target_alias_set=
ac_cv_env_target_alias_value=
ac_cv_f77_compiler_gnu=no
ac_cv_func__doprnt=no
ac_cv_func_ftime=yes
ac_cv_func_gettimeofday=yes
ac_cv_func_memcmp_working=yes
ac_cv_func_select=yes
ac_cv_func_strdup=yes
ac_cv_func_strerror=yes
ac_cv_func_strftime=yes
ac_cv_func_strspn=yes
ac_cv_func_strstr=yes
ac_cv_func_vprintf=yes
ac_cv_header_dlfcn_h=yes
ac_cv_header_fcntl_h=yes
ac_cv_header_inttypes_h=yes
ac_cv_header_limits_h=yes
ac_cv_header_malloc_h=no
ac_cv_header_memory_h=yes
ac_cv_header_sgtty_h=yes
ac_cv_header_stdc=yes
ac_cv_header_stdint_h=yes
ac_cv_header_stdlib_h=yes
ac_cv_header_string_h=yes
ac_cv_header_strings_h=yes
ac_cv_header_sys_ioctl_h=yes
ac_cv_header_sys_stat_h=yes
ac_cv_header_sys_time_h=yes
ac_cv_header_sys_types_h=yes
ac_cv_header_termio_h=no
ac_cv_header_time=yes
ac_cv_header_unistd_h=yes
ac_cv_host=i386-apple-darwin13.0.3
ac_cv_lib_m_log=yes
ac_cv_lib_nsl_gethostbyname=no
ac_cv_lib_popt_poptGetContext=no
ac_cv_lib_pthread_pthread_create=yes
ac_cv_lib_socket_socket=no
ac_cv_lib_xml2_xmlBufferCreate=yes
ac_cv_lib_z_compress=yes
ac_cv_objext=o
ac_cv_path_DOXYGEN=touch
ac_cv_path_EGREP='/usr/bin/grep -E'
ac_cv_path_GREP=/usr/bin/grep
ac_cv_path_WISH=/usr/bin/wish
ac_cv_path_XML2CONFIG=/usr/bin/xml2-config
ac_cv_path_install='/usr/bin/install -c'
ac_cv_prog_AWK=awk
ac_cv_prog_CPP='gcc -E'
ac_cv_prog_CXXCPP='g++ -E'
ac_cv_prog_ac_ct_AR=ar
ac_cv_prog_ac_ct_CC=gcc
ac_cv_prog_ac_ct_CXX=g++
ac_cv_prog_ac_ct_RANLIB=ranlib
ac_cv_prog_ac_ct_STRIP=strip
ac_cv_prog_cc_c89=
ac_cv_prog_cc_g=yes
ac_cv_prog_cxx_g=yes
ac_cv_prog_f77_g=no
ac_cv_prog_make_make_set=yes
ac_cv_struct_tm=time.h
ac_cv_target=i386-apple-darwin13.0.3
ac_cv_type_signal=void
am_cv_CC_dependencies_compiler_type=gcc3
am_cv_CXX_dependencies_compiler_type=gcc3
lt_cv_deplibs_check_method=pass_all
lt_cv_file_magic_cmd='$MAGIC_CMD'
lt_cv_file_magic_test_file=
lt_cv_ld_reload_flag=-r
lt_cv_objdir=.libs
lt_cv_path_LD=/Applications/Xcode.app/Contents/Developer/Toolchains/XcodeDefault.xctoolchain/usr/bin/ld
lt_cv_path_LDCXX=/Applications/Xcode.app/Contents/Developer/Toolchains/XcodeDefault.xctoolchain/usr/bin/ld
lt_cv_path_NM=/usr/bin/nm
lt_cv_path_SED=/usr/bin/sed
lt_cv_prog_compiler_c_o=yes
lt_cv_prog_compiler_c_o_CXX=yes
lt_cv_prog_compiler_rtti_exceptions=yes
lt_cv_prog_gnu_ld=no
lt_cv_prog_gnu_ldcxx=no
lt_cv_sys_global_symbol_pipe='sed -n -e '\''s/^.*[ 	]\([BCDEGRST][BCDEGRST]*\)[ 	][ 	]*_\([_A-Za-z][_A-Za-z0-9]*\)$/\1 _\2 \2/p'\'''
lt_cv_sys_global_symbol_to_c_name_address='sed -n -e '\''s/^: \([^ ]*\) $/  {\"\1\", (lt_ptr) 0},/p'\'' -e '\''s/^[BCDEGRST] \([^ ]*\) \([^ ]*\)$/  {"\2", (lt_ptr) \&\2},/p'\'''
lt_cv_sys_global_symbol_to_cdecl='sed -n -e '\''s/^. .* \(.*\)$/extern int \1;/p'\'''
lt_cv_sys_max_cmd_len=196608
lt_lt_cv_prog_compiler_c_o='"yes"'
lt_lt_cv_prog_compiler_c_o_CXX='"yes"'
lt_lt_cv_sys_global_symbol_pipe='"sed -n -e '\''s/^.*[ 	]\\([BCDEGRST][BCDEGRST]*\\)[ 	][ 	]*_\\([_A-Za-z][_A-Za-z0-9]*\\)\$/\\1 _\\2 \\2/p'\''"'
lt_lt_cv_sys_global_symbol_to_c_name_address='"sed -n -e '\''s/^: \\([^ ]*\\) \$/  {\\\"\\1\\\", (lt_ptr) 0},/p'\'' -e '\''s/^[BCDEGRST] \\([^ ]*\\) \\([^ ]*\\)\$/  {\"\\2\", (lt_ptr) \\&\\2},/p'\''"'
lt_lt_cv_sys_global_symbol_to_cdecl='"sed -n -e '\''s/^. .* \\(.*\\)\$/extern int \\1;/p'\''"'

## ----------------- ##
## Output variables. ##
## ----------------- ##

ACLOCAL='${SHELL} /Users/brumgard/Documents/Work/LoCI/workspace/lors/missing --run aclocal-1.10'
AMDEPBACKSLASH='\'
AMDEP_FALSE='#'
AMDEP_TRUE=''
AMTAR='${SHELL} /Users/brumgard/Documents/Work/LoCI/workspace/lors/missing --run tar'
AR='ar'
AUTOCONF='${SHELL} /Users/brumgard/Documents/Work/LoCI/workspace/lors/missing --run autoconf'
AUTOHEADER='${SHELL} /Users/brumgard/Documents/Work/LoCI/workspace/lors/missing --run autoheader'
AUTOMAKE='${SHELL} /Users/brumgard/Documents/Work/LoCI/workspace/lors/missing --run automake-1.10'
AWK='awk'
CC='gcc'
CCDEPMODE='depmode=gcc3'
CFLAGS='-g -O2'
CPP='gcc -E'
CPPFLAGS=''
CXX='g++'
CXXCPP='g++ -E'
CXXDEPMODE='depmode=gcc3'
CXXFLAGS='-g -O2'
CYGPATH_W='echo'
DEFS='-DHAVE_CONFIG_H'
DEPDIR='.deps'
DOXYGEN='touch'
E2EDIR='/Users/brumgard/Documents/Work/LoCI/workspace/lors/libe2e'
ECHO='/bin/echo'
ECHO_C='ECHO_N=''
ECHO_T=''
EGREP='/usr/bin/grep -E'
EXEEXT=''
EXTRA_CFLAGS=''
F77=''
FFLAGS=''
GCC_INC_DIR='./include'
GREP='/usr/bin/grep'
INSTALL_DATA='${INSTALL} -m 644'
INSTALL_PROGRAM='${INSTALL}'
INSTALL_SCRIPT='${INSTALL}'
INSTALL_STRIP_PROGRAM='$(install_sh) -c -s'
LDFLAGS=''
LIBOBJS=''
LIBS='-lm -lz -lxml2 -lpthread '
LIBTOOL='$(SHELL) $(top_builddir)/libtool'
LN_S='ln -s'
LORS_BUILD_LBONE='no'
LORS_BUILD_LIBAES='no'
LORS_BUILD_LIBDES=''
LORS_BUILD_LIBMD5=''
LORS_BUILD_LIBXND='no'
LORS_BUILD_POPT='yes'
LORS_BUILD_XML2='no'
LORS_BUILD_ZLIB='no'
LORS_LBONE_DIR='/sw/lors'
LORS_LBONE_SRC_DIR=''
LORS_LIBAES_DIR=''
LORS_LIBAES_SRC_DIR=''
LORS_LIBDES_DIR=''
LORS_LIBDES_SRC_DIR=''
LORS_LIBMD5_DIR=''
LORS_LIBMD5_SRC_DIR=''
LORS_LIBXND_DIR='/sw/lors'
LORS_LIBXND_SRC_DIR=''
LORS_POPT_DIR='/sw/lors'
LORS_POPT_LIB=''
LORS_POPT_SRC_DIR='/Users/brumgard/Documents/Work/LoCI/workspace/lors/popt'
LORS_XML2_DIR='/usr'
LORS_XML2_LIB=''
LORS_XML2_SRC_DIR=''
LORS_ZLIB_DIR='/usr'
LORS_ZLIB_LIB=''
LORS_ZLIB_SRC_DIR=''
LTLIBOBJS=''
MAKEINFO='${SHELL} /Users/brumgard/Documents/Work/LoCI/workspace/lors/missing --run makeinfo'
OBJEXT='o'
OSDEF='_DARWIN'
OSTYPE='Darwin'
PACKAGE='lors'
PACKAGE_BUGREPORT=''
PACKAGE_NAME=''
PACKAGE_STRING=''
PACKAGE_TARNAME=''
PACKAGE_VERSION=''
PATH_SEPARATOR=':'
PREFIX='/Users/brumgard/Documents/Work/LoCI/workspace/lors'
RANLIB='ranlib'
SET_MAKE=''
SHELL='/bin/sh'
STRIP='strip'
VERSION='0.826'
WISH='/usr/bin/wish'
XML2CONFIG='/usr/bin/xml2-config'
ac_ct_CC='gcc'
ac_ct_CXX='g++'
ac_ct_F77=''
am__fastdepCC_FALSE='#'
am__fastdepCC_TRUE=''
am__fastdepCXX_FALSE='#'
am__fastdepCXX_TRUE=''
am__include='include'
am__isrc=''
am__leading_dot='.'
am__quote=''
am__tar='${AMTAR} chof - "$$tardir"'
am__untar='${AMTAR} xf -'
bindir='${exec_prefix}/bin'
build='i386-apple-darwin13.0.3'
build_alias=''
build_cpu='i386'
build_os='darwin13.0.3'
build_vendor='apple'
datadir='${datarootdir}'
datarootdir='${prefix}/share'
docdir='${datarootdir}/doc/${PACKAGE}'
dvidir='${docdir}'
exec_prefix='${prefix}'
host='i386-apple-darwin13.0.3'
host_alias=''
host_cpu='i386'
host_os='darwin13.0.3'
host_vendor='apple'
htmldir='${docdir}'
includedir='${prefix}/include'
infodir='${datarootdir}/info'
install_sh='$(SHELL) /Users/brumgard/Documents/Work/LoCI/workspace/lors/install-sh'
libdir='${exec_prefix}/lib'
libexecdir='${exec_prefix}/libexec'
localedir='${datarootdir}/locale'
localstatedir='${prefix}/var'
mandir='${datarootdir}/man'
mkdir_p='$(top_builddir)/./install-sh -c -d'
oldincludedir='/usr/include'
pdfdir='${docdir}'
prefix='/sw/lors'
program_transform_name='s,x,x,'
psdir='${docdir}'
sbindir='${exec_prefix}/sbin'
sharedstatedir='${prefix}/com'
sysconfdir='${prefix}/etc'
target='i386-apple-darwin13.0.3'
target_alias=''
target_cpu='i386'
target_os='darwin13.0.3'
target_vendor='apple'

## ----------- ##
## confdefs.h. ##
## ----------- ##

#define PACKAGE_NAME ""
#define PACKAGE_TARNAME ""
#define PACKAGE_VERSION ""
#define PACKAGE_STRING ""
#define PACKAGE_BUGREPORT ""
#define PACKAGE "lors"
#define VERSION "0.826"
#define STDC_HEADERS 1
#define HAVE_SYS_TYPES_H 1
#define HAVE_SYS_STAT_H 1
#define HAVE_STDLIB_H 1
#define HAVE_STRING_H 1
#define HAVE_MEMORY_H 1
#define HAVE_STRINGS_H 1
#define HAVE_INTTYPES_H 1
#define HAVE_STDINT_H 1
#define HAVE_UNISTD_H 1
#define HAVE_DLFCN_H 1
#define HAVE_LIBPTHREAD 1
#define HAVE_LIBXML2 1
#define HAVE_LIBZ 1
#define HAVE_LIBM 1
#define STDC_HEADERS 1
#define HAVE_FCNTL_H 1
#define HAVE_LIMITS_H 1
#define HAVE_SGTTY_H 1
#define HAVE_SYS_IOCTL_H 1
#define HAVE_SYS_TIME_H 1
#define HAVE_UNISTD_H 1
#define TIME_WITH_SYS_TIME 1
#define RETSIGTYPE void
#define HAVE_STRFTIME 1
#define HAVE_VPRINTF 1
#define HAVE_FTIME 1
#define HAVE_GETTIMEOFDAY 1
#define HAVE_SELECT 1
#define HAVE_STRDUP 1
#define HAVE_STRERROR 1
#define HAVE_STRSPN 1
#define HAVE_STRSTR 1

configure: exit 0
