This file contains any messages produced by compilers while
running configure, to aid debugging if configure makes a mistake.

It was created by configure, which was
generated by GNU Autoconf 2.61.  Invocation command line was

  $ ./configure --prefix=/sw/lors/ --no-create --no-recursion

## --------- ##
## Platform. ##
## --------- ##

hostname = Matilda.local
uname -m = x86_64
uname -r = 13.0.3
uname -s = Darwin
uname -v = Darwin Kernel Version 13.0.3: Thu Oct 17 20:41:40 PDT 2013; root:xnu-2422.85.3~1/RELEASE_X86_64

/usr/bin/uname -p = i386
/bin/uname -X     = unknown

/bin/arch              = unknown
/usr/bin/arch -k       = unknown
/usr/convex/getsysinfo = unknown
/usr/bin/hostinfo      = Mach kernel version:
	 Darwin Kernel Version 13.0.3: Thu Oct 17 20:41:40 PDT 2013; root:xnu-2422.85.3~1/RELEASE_X86_64
Kernel configured for up to 16 processors.
8 processors are physically available.
16 processors are logically available.
Processor type: i486 (Intel 80486)
Processors active: 0 1 2 3 4 5 6 7 8 9 10 11 12 13 14 15
Primary memory available: 64.00 gigabytes
Default processor set: 233 tasks, 1295 threads, 16 processors
Load average: 3.22, Mach factor: 12.77
/bin/machine           = unknown
/usr/bin/oslevel       = unknown
/bin/universe          = unknown

PATH: /usr/local/bin
PATH: /sbin
PATH: /usr/sbin/
PATH: /usr/bin
PATH: /bin


## ----------- ##
## Core tests. ##
## ----------- ##

configure:1983: checking build system type
configure:2001: result: i386-apple-darwin13.0.3
configure:2023: checking host system type
configure:2038: result: i386-apple-darwin13.0.3
configure:2060: checking target system type
configure:2075: result: i386-apple-darwin13.0.3
configure:2154: checking for a BSD-compatible install
configure:2210: result: /usr/bin/install -c
configure:2221: checking whether build environment is sane
configure:2264: result: yes
configure:2292: checking for a thread-safe mkdir -p
configure:2331: result: ./install-sh -c -d
configure:2344: checking for gawk
configure:2374: result: no
configure:2344: checking for mawk
configure:2374: result: no
configure:2344: checking for nawk
configure:2374: result: no
configure:2344: checking for awk
configure:2360: found /usr/bin/awk
configure:2371: result: awk
configure:2382: checking whether make sets $(MAKE)
configure:2403: result: yes
configure:2676: checking for style of include used by make
configure:2704: result: GNU
configure:2774: checking for gcc
configure:2790: found /usr/bin/gcc
configure:2801: result: gcc
configure:3039: checking for C compiler version
configure:3046: gcc --version >&5
Configured with: --prefix=/Applications/Xcode.app/Contents/Developer/usr --with-gxx-include-dir=/usr/include/c++/4.2.1
Apple LLVM version 5.0 (clang-500.2.79) (based on LLVM 3.3svn)
Target: x86_64-apple-darwin13.0.3
Thread model: posix
configure:3049: $? = 0
configure:3056: gcc -v >&5
Configured with: --prefix=/Applications/Xcode.app/Contents/Developer/usr --with-gxx-include-dir=/usr/include/c++/4.2.1
Apple LLVM version 5.0 (clang-500.2.79) (based on LLVM 3.3svn)
Target: x86_64-apple-darwin13.0.3
Thread model: posix
configure:3059: $? = 0
configure:3066: gcc -V >&5
clang: error: argument to '-V' is missing (expected 1 value)
clang: error: no input files
configure:3069: $? = 1
configure:3092: checking for C compiler default output file name
configure:3119: gcc    conftest.c  >&5
configure:3122: $? = 0
configure:3160: result: a.out
configure:3177: checking whether the C compiler works
configure:3187: ./a.out
configure:3190: $? = 0
configure:3207: result: yes
configure:3214: checking whether we are cross compiling
configure:3216: result: no
configure:3219: checking for suffix of executables
configure:3226: gcc -o conftest    conftest.c  >&5
configure:3229: $? = 0
configure:3253: result: 
configure:3259: checking for suffix of object files
configure:3285: gcc -c   conftest.c >&5
configure:3288: $? = 0
configure:3311: result: o
configure:3315: checking whether we are using the GNU C compiler
configure:3344: gcc -c   conftest.c >&5
configure:3350: $? = 0
configure:3367: result: yes
configure:3372: checking whether gcc accepts -g
configure:3402: gcc -c -g  conftest.c >&5
configure:3408: $? = 0
configure:3507: result: yes
configure:3524: checking for gcc option to accept ISO C89
configure:3598: gcc  -c -g -O2  conftest.c >&5
configure:3604: $? = 0
configure:3627: result: none needed
configure:3647: checking dependency style of gcc
configure:3738: result: gcc3
configure:3753: checking for a sed that does not truncate output
configure:3807: result: /usr/bin/sed
configure:3810: checking for grep that handles long lines and -e
configure:3884: result: /usr/bin/grep
configure:3889: checking for egrep
configure:3967: result: /usr/bin/grep -E
configure:3983: checking for ld used by gcc
configure:4050: result: /Applications/Xcode.app/Contents/Developer/Toolchains/XcodeDefault.xctoolchain/usr/bin/ld
configure:4059: checking if the linker (/Applications/Xcode.app/Contents/Developer/Toolchains/XcodeDefault.xctoolchain/usr/bin/ld) is GNU ld
configure:4074: result: no
configure:4079: checking for /Applications/Xcode.app/Contents/Developer/Toolchains/XcodeDefault.xctoolchain/usr/bin/ld option to reload object files
configure:4086: result: -r
configure:4104: checking for BSD-compatible nm
configure:4153: result: /usr/bin/nm
configure:4157: checking whether ln -s works
configure:4161: result: yes
configure:4168: checking how to recognise dependent libraries
configure:4344: result: pass_all
configure:4578: checking how to run the C preprocessor
configure:4618: gcc -E  conftest.c
configure:4624: $? = 0
configure:4655: gcc -E  conftest.c
conftest.c:10:10: fatal error: 'ac_nonexistent.h' file not found
#include <ac_nonexistent.h>
         ^
1 error generated.
configure:4661: $? = 1
configure: failed program was:
| /* confdefs.h.  */
| #define PACKAGE_NAME ""
| #define PACKAGE_TARNAME ""
| #define PACKAGE_VERSION ""
| #define PACKAGE_STRING ""
| #define PACKAGE_BUGREPORT ""
| #define PACKAGE "lbone_lib"
| #define VERSION "0.5"
| /* end confdefs.h.  */
| #include <ac_nonexistent.h>
configure:4694: result: gcc -E
configure:4723: gcc -E  conftest.c
configure:4729: $? = 0
configure:4760: gcc -E  conftest.c
conftest.c:10:10: fatal error: 'ac_nonexistent.h' file not found
#include <ac_nonexistent.h>
         ^
1 error generated.
configure:4766: $? = 1
configure: failed program was:
| /* confdefs.h.  */
| #define PACKAGE_NAME ""
| #define PACKAGE_TARNAME ""
| #define PACKAGE_VERSION ""
| #define PACKAGE_STRING ""
| #define PACKAGE_BUGREPORT ""
| #define PACKAGE "lbone_lib"
| #define VERSION "0.5"
| /* end confdefs.h.  */
| #include <ac_nonexistent.h>
configure:4804: checking for ANSI C header files
configure:4834: gcc -c -g -O2  conftest.c >&5
configure:4840: $? = 0
configure:4939: gcc -o conftest -g -O2   conftest.c  >&5
configure:4942: $? = 0
configure:4948: ./conftest
configure:4951: $? = 0
configure:4968: result: yes
configure:4992: checking for sys/types.h
configure:5013: gcc -c -g -O2  conftest.c >&5
configure:5019: $? = 0
configure:5035: result: yes
configure:4992: checking for sys/stat.h
configure:5013: gcc -c -g -O2  conftest.c >&5
configure:5019: $? = 0
configure:5035: result: yes
configure:4992: checking for stdlib.h
configure:5013: gcc -c -g -O2  conftest.c >&5
configure:5019: $? = 0
configure:5035: result: yes
configure:4992: checking for string.h
configure:5013: gcc -c -g -O2  conftest.c >&5
configure:5019: $? = 0
configure:5035: result: yes
configure:4992: checking for memory.h
configure:5013: gcc -c -g -O2  conftest.c >&5
configure:5019: $? = 0
configure:5035: result: yes
configure:4992: checking for strings.h
configure:5013: gcc -c -g -O2  conftest.c >&5
configure:5019: $? = 0
configure:5035: result: yes
configure:4992: checking for inttypes.h
configure:5013: gcc -c -g -O2  conftest.c >&5
configure:5019: $? = 0
configure:5035: result: yes
configure:4992: checking for stdint.h
configure:5013: gcc -c -g -O2  conftest.c >&5
configure:5019: $? = 0
configure:5035: result: yes
configure:4992: checking for unistd.h
configure:5013: gcc -c -g -O2  conftest.c >&5
configure:5019: $? = 0
configure:5035: result: yes
configure:5062: checking dlfcn.h usability
configure:5079: gcc -c -g -O2  conftest.c >&5
configure:5085: $? = 0
configure:5099: result: yes
configure:5103: checking dlfcn.h presence
configure:5118: gcc -E  conftest.c
configure:5124: $? = 0
configure:5138: result: yes
configure:5166: checking for dlfcn.h
configure:5174: result: yes
configure:5245: checking for g++
configure:5261: found /usr/bin/g++
configure:5272: result: g++
configure:5303: checking for C++ compiler version
configure:5310: g++ --version >&5
Configured with: --prefix=/Applications/Xcode.app/Contents/Developer/usr --with-gxx-include-dir=/usr/include/c++/4.2.1
Apple LLVM version 5.0 (clang-500.2.79) (based on LLVM 3.3svn)
Target: x86_64-apple-darwin13.0.3
Thread model: posix
configure:5313: $? = 0
configure:5320: g++ -v >&5
Configured with: --prefix=/Applications/Xcode.app/Contents/Developer/usr --with-gxx-include-dir=/usr/include/c++/4.2.1
Apple LLVM version 5.0 (clang-500.2.79) (based on LLVM 3.3svn)
Target: x86_64-apple-darwin13.0.3
Thread model: posix
configure:5323: $? = 0
configure:5330: g++ -V >&5
clang: error: argument to '-V' is missing (expected 1 value)
clang: error: no input files
configure:5333: $? = 1
configure:5336: checking whether we are using the GNU C++ compiler
configure:5365: g++ -c   conftest.cpp >&5
configure:5371: $? = 0
configure:5388: result: yes
configure:5393: checking whether g++ accepts -g
configure:5423: g++ -c -g  conftest.cpp >&5
configure:5429: $? = 0
configure:5528: result: yes
configure:5553: checking dependency style of g++
configure:5644: result: gcc3
configure:5669: checking how to run the C++ preprocessor
configure:5705: g++ -E  conftest.cpp
configure:5711: $? = 0
configure:5742: g++ -E  conftest.cpp
conftest.cpp:21:10: fatal error: 'ac_nonexistent.h' file not found
#include <ac_nonexistent.h>
         ^
1 error generated.
configure:5748: $? = 1
configure: failed program was:
| /* confdefs.h.  */
| #define PACKAGE_NAME ""
| #define PACKAGE_TARNAME ""
| #define PACKAGE_VERSION ""
| #define PACKAGE_STRING ""
| #define PACKAGE_BUGREPORT ""
| #define PACKAGE "lbone_lib"
| #define VERSION "0.5"
| #define STDC_HEADERS 1
| #define HAVE_SYS_TYPES_H 1
| #define HAVE_SYS_STAT_H 1
| #define HAVE_STDLIB_H 1
| #define HAVE_STRING_H 1
| #define HAVE_MEMORY_H 1
| #define HAVE_STRINGS_H 1
| #define HAVE_INTTYPES_H 1
| #define HAVE_STDINT_H 1
| #define HAVE_UNISTD_H 1
| #define HAVE_DLFCN_H 1
| /* end confdefs.h.  */
| #include <ac_nonexistent.h>
configure:5781: result: g++ -E
configure:5810: g++ -E  conftest.cpp
configure:5816: $? = 0
configure:5847: g++ -E  conftest.cpp
conftest.cpp:21:10: fatal error: 'ac_nonexistent.h' file not found
#include <ac_nonexistent.h>
         ^
1 error generated.
configure:5853: $? = 1
configure: failed program was:
| /* confdefs.h.  */
| #define PACKAGE_NAME ""
| #define PACKAGE_TARNAME ""
| #define PACKAGE_VERSION ""
| #define PACKAGE_STRING ""
| #define PACKAGE_BUGREPORT ""
| #define PACKAGE "lbone_lib"
| #define VERSION "0.5"
| #define STDC_HEADERS 1
| #define HAVE_SYS_TYPES_H 1
| #define HAVE_SYS_STAT_H 1
| #define HAVE_STDLIB_H 1
| #define HAVE_STRING_H 1
| #define HAVE_MEMORY_H 1
| #define HAVE_STRINGS_H 1
| #define HAVE_INTTYPES_H 1
| #define HAVE_STDINT_H 1
| #define HAVE_UNISTD_H 1
| #define HAVE_DLFCN_H 1
| /* end confdefs.h.  */
| #include <ac_nonexistent.h>
configure:5946: checking for g77
configure:5976: result: no
configure:5946: checking for xlf
configure:5976: result: no
configure:5946: checking for f77
configure:5976: result: no
configure:5946: checking for frt
configure:5976: result: no
configure:5946: checking for pgf77
configure:5976: result: no
configure:5946: checking for cf77
configure:5976: result: no
configure:5946: checking for fort77
configure:5976: result: no
configure:5946: checking for fl32
configure:5976: result: no
configure:5946: checking for af77
configure:5976: result: no
configure:5946: checking for xlf90
configure:5976: result: no
configure:5946: checking for f90
configure:5976: result: no
configure:5946: checking for pgf90
configure:5976: result: no
configure:5946: checking for pghpf
configure:5976: result: no
configure:5946: checking for epcf90
configure:5976: result: no
configure:5946: checking for gfortran
configure:5976: result: no
configure:5946: checking for g95
configure:5976: result: no
configure:5946: checking for xlf95
configure:5976: result: no
configure:5946: checking for f95
configure:5976: result: no
configure:5946: checking for fort
configure:5976: result: no
configure:5946: checking for ifort
configure:5976: result: no
configure:5946: checking for ifc
configure:5976: result: no
configure:5946: checking for efc
configure:5976: result: no
configure:5946: checking for pgf95
configure:5976: result: no
configure:5946: checking for lf95
configure:5976: result: no
configure:5946: checking for ftn
configure:5976: result: no
configure:6003: checking for Fortran 77 compiler version
configure:6010:  --version >&5
./configure: line 6011: --version: command not found
configure:6013: $? = 127
configure:6020:  -v >&5
./configure: line 6021: -v: command not found
configure:6023: $? = 127
configure:6030:  -V >&5
./configure: line 6031: -V: command not found
configure:6033: $? = 127
configure:6041: checking whether we are using the GNU Fortran 77 compiler
configure:6060:  -c  conftest.F >&5
./configure: line 6061: -c: command not found
configure:6066: $? = 127
configure: failed program was:
|       program main
| #ifndef __GNUC__
|        choke me
| #endif
| 
|       end
configure:6083: result: no
configure:6089: checking whether  accepts -g
configure:6106:  -c -g conftest.f >&5
./configure: line 6107: -c: command not found
configure:6112: $? = 127
configure: failed program was:
|       program main
| 
|       end
configure:6128: result: no
configure:6158: checking the maximum length of command line arguments
configure:6267: result: 196608
configure:6278: checking command to parse /usr/bin/nm output from gcc object
configure:6383: gcc -c -g -O2  conftest.c >&5
configure:6386: $? = 0
configure:6390: /usr/bin/nm conftest.o \| sed -n -e 's/^.*[ 	]\([BCDEGRST][BCDEGRST]*\)[ 	][ 	]*\([_A-Za-z][_A-Za-z0-9]*\)$/\1 \2 \2/p' \> conftest.nm
configure:6393: $? = 0
cannot find nm_test_var in conftest.nm
configure:6383: gcc -c -g -O2  conftest.c >&5
configure:6386: $? = 0
configure:6390: /usr/bin/nm conftest.o \| sed -n -e 's/^.*[ 	]\([BCDEGRST][BCDEGRST]*\)[ 	][ 	]*_\([_A-Za-z][_A-Za-z0-9]*\)$/\1 _\2 \2/p' \> conftest.nm
configure:6393: $? = 0
configure:6445: gcc -o conftest -g -O2   conftest.c conftstm.o >&5
configure:6448: $? = 0
configure:6486: result: ok
configure:6490: checking for objdir
configure:6505: result: .libs
configure:6597: checking for ar
configure:6613: found /usr/bin/ar
configure:6624: result: ar
configure:6693: checking for ranlib
configure:6709: found /usr/bin/ranlib
configure:6720: result: ranlib
configure:6789: checking for strip
configure:6805: found /usr/bin/strip
configure:6816: result: strip
configure:7102: checking if gcc supports -fno-rtti -fno-exceptions
configure:7120: gcc -c -g -O2  -fno-rtti -fno-exceptions conftest.c >&5
configure:7124: $? = 0
configure:7137: result: yes
configure:7152: checking for gcc option to produce PIC
configure:7362: result: -fno-common
configure:7370: checking if gcc PIC flag -fno-common works
configure:7388: gcc -c -g -O2  -fno-common -DPIC conftest.c >&5
configure:7392: $? = 0
configure:7405: result: yes
configure:7433: checking if gcc static flag -static works
configure:7461: result: no
configure:7471: checking if gcc supports -c -o file.o
configure:7492: gcc -c -g -O2  -o out/conftest2.o conftest.c >&5
configure:7496: $? = 0
configure:7518: result: yes
configure:7544: checking whether the gcc linker (/Applications/Xcode.app/Contents/Developer/Toolchains/XcodeDefault.xctoolchain/usr/bin/ld) supports shared libraries
configure:8498: result: yes
configure:8565: checking dynamic linker characteristics
configure:9153: result: darwin13.0.3 dyld
configure:9162: checking how to hardcode library paths into programs
configure:9187: result: immediate
configure:9201: checking whether stripping libraries is possible
configure:9214: result: yes
configure:10007: checking if libtool supports shared libraries
configure:10009: result: yes
configure:10012: checking whether to build shared libraries
configure:10033: result: yes
configure:10036: checking whether to build static libraries
configure:10040: result: yes
configure:10132: creating libtool
configure:10720: checking for ld used by g++
configure:10787: result: /Applications/Xcode.app/Contents/Developer/Toolchains/XcodeDefault.xctoolchain/usr/bin/ld
configure:10796: checking if the linker (/Applications/Xcode.app/Contents/Developer/Toolchains/XcodeDefault.xctoolchain/usr/bin/ld) is GNU ld
configure:10811: result: no
configure:10862: checking whether the g++ linker (/Applications/Xcode.app/Contents/Developer/Toolchains/XcodeDefault.xctoolchain/usr/bin/ld) supports shared libraries
configure:11796: result: yes
configure:11814: g++ -c -g -O2  conftest.cpp >&5
configure:11817: $? = 0
configure:11936: checking for g++ option to produce PIC
configure:12210: result: -fno-common
configure:12218: checking if g++ PIC flag -fno-common works
configure:12236: g++ -c -g -O2  -fno-common -DPIC conftest.cpp >&5
configure:12240: $? = 0
configure:12253: result: yes
configure:12281: checking if g++ static flag -static works
configure:12309: result: no
configure:12319: checking if g++ supports -c -o file.o
configure:12340: g++ -c -g -O2  -o out/conftest2.o conftest.cpp >&5
configure:12344: $? = 0
configure:12366: result: yes
configure:12392: checking whether the g++ linker (/Applications/Xcode.app/Contents/Developer/Toolchains/XcodeDefault.xctoolchain/usr/bin/ld) supports shared libraries
configure:12417: result: yes
configure:12484: checking dynamic linker characteristics
configure:13072: result: darwin13.0.3 dyld
configure:13081: checking how to hardcode library paths into programs
configure:13106: result: immediate
configure:19250: checking for gawk
configure:19277: result: awk
configure:19336: checking for gcc
configure:19363: result: gcc
configure:19601: checking for C compiler version
configure:19608: gcc --version >&5
Configured with: --prefix=/Applications/Xcode.app/Contents/Developer/usr --with-gxx-include-dir=/usr/include/c++/4.2.1
Apple LLVM version 5.0 (clang-500.2.79) (based on LLVM 3.3svn)
Target: x86_64-apple-darwin13.0.3
Thread model: posix
configure:19611: $? = 0
configure:19618: gcc -v >&5
Configured with: --prefix=/Applications/Xcode.app/Contents/Developer/usr --with-gxx-include-dir=/usr/include/c++/4.2.1
Apple LLVM version 5.0 (clang-500.2.79) (based on LLVM 3.3svn)
Target: x86_64-apple-darwin13.0.3
Thread model: posix
configure:19621: $? = 0
configure:19628: gcc -V >&5
clang: error: argument to '-V' is missing (expected 1 value)
clang: error: no input files
configure:19631: $? = 1
configure:19634: checking whether we are using the GNU C compiler
configure:19686: result: yes
configure:19691: checking whether gcc accepts -g
configure:19826: result: yes
configure:19843: checking for gcc option to accept ISO C89
configure:19946: result: none needed
configure:19966: checking dependency style of gcc
configure:20057: result: gcc3
configure:20085: checking for a BSD-compatible install
configure:20141: result: /usr/bin/install -c
configure:20152: checking whether ln -s works
configure:20156: result: yes
configure:20163: checking whether make sets $(MAKE)
configure:20184: result: yes
configure:20369: checking for main in -lm
configure:20398: gcc -o conftest -g -O2   conftest.c -lm   >&5
configure:20404: $? = 0
configure:20422: result: yes
configure:20434: checking for main in -lnsl
configure:20463: gcc -o conftest -g -O2   conftest.c -lnsl  -lm  >&5
ld: library not found for -lnsl
clang: error: linker command failed with exit code 1 (use -v to see invocation)
configure:20469: $? = 1
configure: failed program was:
| /* confdefs.h.  */
| #define PACKAGE_NAME ""
| #define PACKAGE_TARNAME ""
| #define PACKAGE_VERSION ""
| #define PACKAGE_STRING ""
| #define PACKAGE_BUGREPORT ""
| #define PACKAGE "lbone_lib"
| #define VERSION "0.5"
| #define STDC_HEADERS 1
| #define HAVE_SYS_TYPES_H 1
| #define HAVE_SYS_STAT_H 1
| #define HAVE_STDLIB_H 1
| #define HAVE_STRING_H 1
| #define HAVE_MEMORY_H 1
| #define HAVE_STRINGS_H 1
| #define HAVE_INTTYPES_H 1
| #define HAVE_STDINT_H 1
| #define HAVE_UNISTD_H 1
| #define HAVE_DLFCN_H 1
| #define HAVE_LIBM 1
| /* end confdefs.h.  */
| 
| 
| int
| main ()
| {
| return main ();
|   ;
|   return 0;
| }
configure:20487: result: no
configure:20499: checking for main in -lposix4
configure:20528: gcc -o conftest -g -O2   conftest.c -lposix4  -lm  >&5
ld: library not found for -lposix4
clang: error: linker command failed with exit code 1 (use -v to see invocation)
configure:20534: $? = 1
configure: failed program was:
| /* confdefs.h.  */
| #define PACKAGE_NAME ""
| #define PACKAGE_TARNAME ""
| #define PACKAGE_VERSION ""
| #define PACKAGE_STRING ""
| #define PACKAGE_BUGREPORT ""
| #define PACKAGE "lbone_lib"
| #define VERSION "0.5"
| #define STDC_HEADERS 1
| #define HAVE_SYS_TYPES_H 1
| #define HAVE_SYS_STAT_H 1
| #define HAVE_STDLIB_H 1
| #define HAVE_STRING_H 1
| #define HAVE_MEMORY_H 1
| #define HAVE_STRINGS_H 1
| #define HAVE_INTTYPES_H 1
| #define HAVE_STDINT_H 1
| #define HAVE_UNISTD_H 1
| #define HAVE_DLFCN_H 1
| #define HAVE_LIBM 1
| /* end confdefs.h.  */
| 
| 
| int
| main ()
| {
| return main ();
|   ;
|   return 0;
| }
configure:20552: result: no
configure:20564: checking for main in -lpthread
configure:20593: gcc -o conftest -g -O2   conftest.c -lpthread  -lm  >&5
configure:20599: $? = 0
configure:20617: result: yes
configure:20629: checking for main in -lresolv
configure:20658: gcc -o conftest -g -O2   conftest.c -lresolv  -lpthread -lm  >&5
configure:20664: $? = 0
configure:20682: result: yes
configure:20694: checking for main in -lsocket
configure:20723: gcc -o conftest -g -O2   conftest.c -lsocket  -lresolv -lpthread -lm  >&5
ld: library not found for -lsocket
clang: error: linker command failed with exit code 1 (use -v to see invocation)
configure:20729: $? = 1
configure: failed program was:
| /* confdefs.h.  */
| #define PACKAGE_NAME ""
| #define PACKAGE_TARNAME ""
| #define PACKAGE_VERSION ""
| #define PACKAGE_STRING ""
| #define PACKAGE_BUGREPORT ""
| #define PACKAGE "lbone_lib"
| #define VERSION "0.5"
| #define STDC_HEADERS 1
| #define HAVE_SYS_TYPES_H 1
| #define HAVE_SYS_STAT_H 1
| #define HAVE_STDLIB_H 1
| #define HAVE_STRING_H 1
| #define HAVE_MEMORY_H 1
| #define HAVE_STRINGS_H 1
| #define HAVE_INTTYPES_H 1
| #define HAVE_STDINT_H 1
| #define HAVE_UNISTD_H 1
| #define HAVE_DLFCN_H 1
| #define HAVE_LIBM 1
| #define HAVE_LIBPTHREAD 1
| #define HAVE_LIBRESOLV 1
| /* end confdefs.h.  */
| 
| 
| int
| main ()
| {
| return main ();
|   ;
|   return 0;
| }
configure:20747: result: no
configure:20767: checking for dirent.h that defines DIR
configure:20796: gcc -c -g -O2  conftest.c >&5
configure:20802: $? = 0
configure:20818: result: yes
configure:20831: checking for library containing opendir
configure:20872: gcc -o conftest -g -O2   conftest.c -lresolv -lpthread -lm  >&5
configure:20878: $? = 0
configure:20906: result: none required
configure:21000: checking for ANSI C header files
configure:21164: result: yes
configure:21174: checking for sys/wait.h that is POSIX.1 compatible
configure:21210: gcc -c -g -O2  conftest.c >&5
configure:21216: $? = 0
configure:21231: result: yes
configure:21262: checking fcntl.h usability
configure:21279: gcc -c -g -O2  conftest.c >&5
configure:21285: $? = 0
configure:21299: result: yes
configure:21303: checking fcntl.h presence
configure:21318: gcc -E  conftest.c
configure:21324: $? = 0
configure:21338: result: yes
configure:21366: checking for fcntl.h
configure:21374: result: yes
configure:21262: checking limits.h usability
configure:21279: gcc -c -g -O2  conftest.c >&5
configure:21285: $? = 0
configure:21299: result: yes
configure:21303: checking limits.h presence
configure:21318: gcc -E  conftest.c
configure:21324: $? = 0
configure:21338: result: yes
configure:21366: checking for limits.h
configure:21374: result: yes
configure:21262: checking malloc.h usability
configure:21279: gcc -c -g -O2  conftest.c >&5
conftest.c:62:10: fatal error: 'malloc.h' file not found
#include <malloc.h>
         ^
1 error generated.
configure:21285: $? = 1
configure: failed program was:
| /* confdefs.h.  */
| #define PACKAGE_NAME ""
| #define PACKAGE_TARNAME ""
| #define PACKAGE_VERSION ""
| #define PACKAGE_STRING ""
| #define PACKAGE_BUGREPORT ""
| #define PACKAGE "lbone_lib"
| #define VERSION "0.5"
| #define STDC_HEADERS 1
| #define HAVE_SYS_TYPES_H 1
| #define HAVE_SYS_STAT_H 1
| #define HAVE_STDLIB_H 1
| #define HAVE_STRING_H 1
| #define HAVE_MEMORY_H 1
| #define HAVE_STRINGS_H 1
| #define HAVE_INTTYPES_H 1
| #define HAVE_STDINT_H 1
| #define HAVE_UNISTD_H 1
| #define HAVE_DLFCN_H 1
| #define HAVE_LIBM 1
| #define HAVE_LIBPTHREAD 1
| #define HAVE_LIBRESOLV 1
| #define HAVE_DIRENT_H 1
| #define STDC_HEADERS 1
| #define HAVE_SYS_WAIT_H 1
| #define HAVE_FCNTL_H 1
| #define HAVE_LIMITS_H 1
| /* end confdefs.h.  */
| #include <stdio.h>
| #ifdef HAVE_SYS_TYPES_H
| # include <sys/types.h>
| #endif
| #ifdef HAVE_SYS_STAT_H
| # include <sys/stat.h>
| #endif
| #ifdef STDC_HEADERS
| # include <stdlib.h>
| # include <stddef.h>
| #else
| # ifdef HAVE_STDLIB_H
| #  include <stdlib.h>
| # endif
| #endif
| #ifdef HAVE_STRING_H
| # if !defined STDC_HEADERS && defined HAVE_MEMORY_H
| #  include <memory.h>
| # endif
| # include <string.h>
| #endif
| #ifdef HAVE_STRINGS_H
| # include <strings.h>
| #endif
| #ifdef HAVE_INTTYPES_H
| # include <inttypes.h>
| #endif
| #ifdef HAVE_STDINT_H
| # include <stdint.h>
| #endif
| #ifdef HAVE_UNISTD_H
| # include <unistd.h>
| #endif
| #include <malloc.h>
configure:21299: result: no
configure:21303: checking malloc.h presence
configure:21318: gcc -E  conftest.c
conftest.c:29:10: fatal error: 'malloc.h' file not found
#include <malloc.h>
         ^
1 error generated.
configure:21324: $? = 1
configure: failed program was:
| /* confdefs.h.  */
| #define PACKAGE_NAME ""
| #define PACKAGE_TARNAME ""
| #define PACKAGE_VERSION ""
| #define PACKAGE_STRING ""
| #define PACKAGE_BUGREPORT ""
| #define PACKAGE "lbone_lib"
| #define VERSION "0.5"
| #define STDC_HEADERS 1
| #define HAVE_SYS_TYPES_H 1
| #define HAVE_SYS_STAT_H 1
| #define HAVE_STDLIB_H 1
| #define HAVE_STRING_H 1
| #define HAVE_MEMORY_H 1
| #define HAVE_STRINGS_H 1
| #define HAVE_INTTYPES_H 1
| #define HAVE_STDINT_H 1
| #define HAVE_UNISTD_H 1
| #define HAVE_DLFCN_H 1
| #define HAVE_LIBM 1
| #define HAVE_LIBPTHREAD 1
| #define HAVE_LIBRESOLV 1
| #define HAVE_DIRENT_H 1
| #define STDC_HEADERS 1
| #define HAVE_SYS_WAIT_H 1
| #define HAVE_FCNTL_H 1
| #define HAVE_LIMITS_H 1
| /* end confdefs.h.  */
| #include <malloc.h>
configure:21338: result: no
configure:21366: checking for malloc.h
configure:21374: result: no
configure:21252: checking for strings.h
configure:21258: result: yes
configure:21262: checking sys/file.h usability
configure:21279: gcc -c -g -O2  conftest.c >&5
configure:21285: $? = 0
configure:21299: result: yes
configure:21303: checking sys/file.h presence
configure:21318: gcc -E  conftest.c
configure:21324: $? = 0
configure:21338: result: yes
configure:21366: checking for sys/file.h
configure:21374: result: yes
configure:21262: checking sys/time.h usability
configure:21279: gcc -c -g -O2  conftest.c >&5
configure:21285: $? = 0
configure:21299: result: yes
configure:21303: checking sys/time.h presence
configure:21318: gcc -E  conftest.c
configure:21324: $? = 0
configure:21338: result: yes
configure:21366: checking for sys/time.h
configure:21374: result: yes
configure:21252: checking for unistd.h
configure:21258: result: yes
configure:21388: checking for an ANSI C-conforming const
configure:21463: gcc -c -g -O2  conftest.c >&5
configure:21469: $? = 0
configure:21484: result: yes
configure:21494: checking for mode_t
configure:21524: gcc -c -g -O2  conftest.c >&5
configure:21530: $? = 0
configure:21545: result: yes
configure:21557: checking for pid_t
configure:21587: gcc -c -g -O2  conftest.c >&5
configure:21593: $? = 0
configure:21608: result: yes
configure:21620: checking for size_t
configure:21650: gcc -c -g -O2  conftest.c >&5
configure:21656: $? = 0
configure:21671: result: yes
configure:21683: checking whether time.h and sys/time.h may both be included
configure:21713: gcc -c -g -O2  conftest.c >&5
configure:21719: $? = 0
configure:21734: result: yes
configure:21744: checking whether struct tm is in sys/time.h or time.h
configure:21774: gcc -c -g -O2  conftest.c >&5
configure:21780: $? = 0
configure:21795: result: time.h
configure:21806: checking whether getpgrp requires zero arguments
configure:21833: gcc -c -g -O2  conftest.c >&5
conftest.c:70:10: error: too many arguments to function call, expected 0, have 1
getpgrp (0);
~~~~~~~  ^
/usr/include/unistd.h:453:1: note: 'getpgrp' declared here
pid_t    getpgrp(void);
^
1 error generated.
configure:21839: $? = 1
configure: failed program was:
| /* confdefs.h.  */
| #define PACKAGE_NAME ""
| #define PACKAGE_TARNAME ""
| #define PACKAGE_VERSION ""
| #define PACKAGE_STRING ""
| #define PACKAGE_BUGREPORT ""
| #define PACKAGE "lbone_lib"
| #define VERSION "0.5"
| #define STDC_HEADERS 1
| #define HAVE_SYS_TYPES_H 1
| #define HAVE_SYS_STAT_H 1
| #define HAVE_STDLIB_H 1
| #define HAVE_STRING_H 1
| #define HAVE_MEMORY_H 1
| #define HAVE_STRINGS_H 1
| #define HAVE_INTTYPES_H 1
| #define HAVE_STDINT_H 1
| #define HAVE_UNISTD_H 1
| #define HAVE_DLFCN_H 1
| #define HAVE_LIBM 1
| #define HAVE_LIBPTHREAD 1
| #define HAVE_LIBRESOLV 1
| #define HAVE_DIRENT_H 1
| #define STDC_HEADERS 1
| #define HAVE_SYS_WAIT_H 1
| #define HAVE_FCNTL_H 1
| #define HAVE_LIMITS_H 1
| #define HAVE_STRINGS_H 1
| #define HAVE_SYS_FILE_H 1
| #define HAVE_SYS_TIME_H 1
| #define HAVE_UNISTD_H 1
| #define TIME_WITH_SYS_TIME 1
| /* end confdefs.h.  */
| #include <stdio.h>
| #ifdef HAVE_SYS_TYPES_H
| # include <sys/types.h>
| #endif
| #ifdef HAVE_SYS_STAT_H
| # include <sys/stat.h>
| #endif
| #ifdef STDC_HEADERS
| # include <stdlib.h>
| # include <stddef.h>
| #else
| # ifdef HAVE_STDLIB_H
| #  include <stdlib.h>
| # endif
| #endif
| #ifdef HAVE_STRING_H
| # if !defined STDC_HEADERS && defined HAVE_MEMORY_H
| #  include <memory.h>
| # endif
| # include <string.h>
| #endif
| #ifdef HAVE_STRINGS_H
| # include <strings.h>
| #endif
| #ifdef HAVE_INTTYPES_H
| # include <inttypes.h>
| #endif
| #ifdef HAVE_STDINT_H
| # include <stdint.h>
| #endif
| #ifdef HAVE_UNISTD_H
| # include <unistd.h>
| #endif
| int
| main ()
| {
| getpgrp (0);
|   ;
|   return 0;
| }
configure:21855: result: yes
configure:21865: checking return type of signal handlers
configure:21893: gcc -c -g -O2  conftest.c >&5
conftest.c:41:8: error: indirection requires pointer operand ('void' invalid)
return *(signal (0, 0)) (0) == 1;
       ^~~~~~~~~~~~~~~~~~~~
1 error generated.
configure:21899: $? = 1
configure: failed program was:
| /* confdefs.h.  */
| #define PACKAGE_NAME ""
| #define PACKAGE_TARNAME ""
| #define PACKAGE_VERSION ""
| #define PACKAGE_STRING ""
| #define PACKAGE_BUGREPORT ""
| #define PACKAGE "lbone_lib"
| #define VERSION "0.5"
| #define STDC_HEADERS 1
| #define HAVE_SYS_TYPES_H 1
| #define HAVE_SYS_STAT_H 1
| #define HAVE_STDLIB_H 1
| #define HAVE_STRING_H 1
| #define HAVE_MEMORY_H 1
| #define HAVE_STRINGS_H 1
| #define HAVE_INTTYPES_H 1
| #define HAVE_STDINT_H 1
| #define HAVE_UNISTD_H 1
| #define HAVE_DLFCN_H 1
| #define HAVE_LIBM 1
| #define HAVE_LIBPTHREAD 1
| #define HAVE_LIBRESOLV 1
| #define HAVE_DIRENT_H 1
| #define STDC_HEADERS 1
| #define HAVE_SYS_WAIT_H 1
| #define HAVE_FCNTL_H 1
| #define HAVE_LIMITS_H 1
| #define HAVE_STRINGS_H 1
| #define HAVE_SYS_FILE_H 1
| #define HAVE_SYS_TIME_H 1
| #define HAVE_UNISTD_H 1
| #define TIME_WITH_SYS_TIME 1
| #define GETPGRP_VOID 1
| /* end confdefs.h.  */
| #include <sys/types.h>
| #include <signal.h>
| 
| int
| main ()
| {
| return *(signal (0, 0)) (0) == 1;
|   ;
|   return 0;
| }
configure:21914: result: void
configure:21926: checking for vprintf
configure:21982: gcc -o conftest -g -O2   conftest.c -lresolv -lpthread -lm  >&5
conftest.c:59:6: warning: incompatible redeclaration of library function 'vprintf' [-Wincompatible-library-redeclaration]
char vprintf ();
     ^
conftest.c:59:6: note: 'vprintf' is a builtin with type 'int (const char *, __va_list_tag *)'
1 warning generated.
configure:21988: $? = 0
configure:22006: result: yes
configure:22013: checking for _doprnt
configure:22069: gcc -o conftest -g -O2   conftest.c -lresolv -lpthread -lm  >&5
Undefined symbols for architecture x86_64:
  "__doprnt", referenced from:
      _main in conftest-XRWseI.o
ld: symbol(s) not found for architecture x86_64
clang: error: linker command failed with exit code 1 (use -v to see invocation)
configure:22075: $? = 1
configure: failed program was:
| /* confdefs.h.  */
| #define PACKAGE_NAME ""
| #define PACKAGE_TARNAME ""
| #define PACKAGE_VERSION ""
| #define PACKAGE_STRING ""
| #define PACKAGE_BUGREPORT ""
| #define PACKAGE "lbone_lib"
| #define VERSION "0.5"
| #define STDC_HEADERS 1
| #define HAVE_SYS_TYPES_H 1
| #define HAVE_SYS_STAT_H 1
| #define HAVE_STDLIB_H 1
| #define HAVE_STRING_H 1
| #define HAVE_MEMORY_H 1
| #define HAVE_STRINGS_H 1
| #define HAVE_INTTYPES_H 1
| #define HAVE_STDINT_H 1
| #define HAVE_UNISTD_H 1
| #define HAVE_DLFCN_H 1
| #define HAVE_LIBM 1
| #define HAVE_LIBPTHREAD 1
| #define HAVE_LIBRESOLV 1
| #define HAVE_DIRENT_H 1
| #define STDC_HEADERS 1
| #define HAVE_SYS_WAIT_H 1
| #define HAVE_FCNTL_H 1
| #define HAVE_LIMITS_H 1
| #define HAVE_STRINGS_H 1
| #define HAVE_SYS_FILE_H 1
| #define HAVE_SYS_TIME_H 1
| #define HAVE_UNISTD_H 1
| #define TIME_WITH_SYS_TIME 1
| #define GETPGRP_VOID 1
| #define RETSIGTYPE void
| #define HAVE_VPRINTF 1
| /* end confdefs.h.  */
| /* Define _doprnt to an innocuous variant, in case <limits.h> declares _doprnt.
|    For example, HP-UX 11i <limits.h> declares gettimeofday.  */
| #define _doprnt innocuous__doprnt
| 
| /* System header to define __stub macros and hopefully few prototypes,
|     which can conflict with char _doprnt (); below.
|     Prefer <limits.h> to <assert.h> if __STDC__ is defined, since
|     <limits.h> exists even on freestanding compilers.  */
| 
| #ifdef __STDC__
| # include <limits.h>
| #else
| # include <assert.h>
| #endif
| 
| #undef _doprnt
| 
| /* Override any GCC internal prototype to avoid an error.
|    Use char because int might match the return type of a GCC
|    builtin and then its argument prototype would still apply.  */
| #ifdef __cplusplus
| extern "C"
| #endif
| char _doprnt ();
| /* The GNU C library defines this for functions which it implements
|     to always fail with ENOSYS.  Some functions are actually named
|     something starting with __ and the normal name is an alias.  */
| #if defined __stub__doprnt || defined __stub____doprnt
| choke me
| #endif
| 
| int
| main ()
| {
| return _doprnt ();
|   ;
|   return 0;
| }
configure:22092: result: no
configure:22122: checking for gethostname
configure:22178: gcc -o conftest -g -O2   conftest.c -lresolv -lpthread -lm  >&5
configure:22184: $? = 0
configure:22202: result: yes
configure:22122: checking for gettimeofday
configure:22178: gcc -o conftest -g -O2   conftest.c -lresolv -lpthread -lm  >&5
configure:22184: $? = 0
configure:22202: result: yes
configure:22122: checking for mkdir
configure:22178: gcc -o conftest -g -O2   conftest.c -lresolv -lpthread -lm  >&5
configure:22184: $? = 0
configure:22202: result: yes
configure:22122: checking for select
configure:22178: gcc -o conftest -g -O2   conftest.c -lresolv -lpthread -lm  >&5
configure:22184: $? = 0
configure:22202: result: yes
configure:22122: checking for socket
configure:22178: gcc -o conftest -g -O2   conftest.c -lresolv -lpthread -lm  >&5
configure:22184: $? = 0
configure:22202: result: yes
configure:22122: checking for strcspn
configure:22178: gcc -o conftest -g -O2   conftest.c -lresolv -lpthread -lm  >&5
conftest.c:65:6: warning: incompatible redeclaration of library function 'strcspn' [-Wincompatible-library-redeclaration]
char strcspn ();
     ^
conftest.c:65:6: note: 'strcspn' is a builtin with type 'unsigned long (const char *, const char *)'
1 warning generated.
configure:22184: $? = 0
configure:22202: result: yes
configure:22122: checking for strdup
configure:22178: gcc -o conftest -g -O2   conftest.c -lresolv -lpthread -lm  >&5
conftest.c:66:6: warning: incompatible redeclaration of library function 'strdup' [-Wincompatible-library-redeclaration]
char strdup ();
     ^
conftest.c:66:6: note: 'strdup' is a builtin with type 'char *(const char *)'
1 warning generated.
configure:22184: $? = 0
configure:22202: result: yes
configure:22122: checking for strerror
configure:22178: gcc -o conftest -g -O2   conftest.c -lresolv -lpthread -lm  >&5
conftest.c:67:6: warning: incompatible redeclaration of library function 'strerror' [-Wincompatible-library-redeclaration]
char strerror ();
     ^
conftest.c:67:6: note: 'strerror' is a builtin with type 'char *(int)'
1 warning generated.
configure:22184: $? = 0
configure:22202: result: yes
configure:22122: checking for strstr
configure:22178: gcc -o conftest -g -O2   conftest.c -lresolv -lpthread -lm  >&5
conftest.c:68:6: warning: incompatible redeclaration of library function 'strstr' [-Wincompatible-library-redeclaration]
char strstr ();
     ^
conftest.c:68:6: note: 'strstr' is a builtin with type 'char *(const char *, const char *)'
1 warning generated.
configure:22184: $? = 0
configure:22202: result: yes
configure:22122: checking for strtod
configure:22178: gcc -o conftest -g -O2   conftest.c -lresolv -lpthread -lm  >&5
configure:22184: $? = 0
configure:22202: result: yes
configure:22122: checking for strtol
configure:22178: gcc -o conftest -g -O2   conftest.c -lresolv -lpthread -lm  >&5
configure:22184: $? = 0
configure:22202: result: yes
configure:22122: checking for strtoul
configure:22178: gcc -o conftest -g -O2   conftest.c -lresolv -lpthread -lm  >&5
configure:22184: $? = 0
configure:22202: result: yes
configure:22122: checking for uname
configure:22178: gcc -o conftest -g -O2   conftest.c -lresolv -lpthread -lm  >&5
configure:22184: $? = 0
configure:22202: result: yes
configure:22342: checking for "/Users/brumgard/Documents/Work/LoCI/workspace/lors/lbone/ibp/lib/libibp.a"
configure:22349: result: no
configure:22351: checking for "/Users/brumgard/Documents/Work/LoCI/workspace/lors/lbone/ibp/src/ibp_ClientLib.c"
configure:22354: result: found
configure:22511: creating ./config.status

## ---------------- ##
## Cache variables. ##
## ---------------- ##

ac_cv_build=i386-apple-darwin13.0.3
ac_cv_c_compiler_gnu=yes
ac_cv_c_const=yes
ac_cv_cxx_compiler_gnu=yes
ac_cv_env_CCC_set=
ac_cv_env_CCC_value=
ac_cv_env_CC_set=
ac_cv_env_CC_value=
ac_cv_env_CFLAGS_set=
ac_cv_env_CFLAGS_value=
ac_cv_env_CPPFLAGS_set=
ac_cv_env_CPPFLAGS_value=
ac_cv_env_CPP_set=
ac_cv_env_CPP_value=
ac_cv_env_CXXCPP_set=
ac_cv_env_CXXCPP_value=
ac_cv_env_CXXFLAGS_set=
ac_cv_env_CXXFLAGS_value=
ac_cv_env_CXX_set=
ac_cv_env_CXX_value=
ac_cv_env_F77_set=
ac_cv_env_F77_value=
ac_cv_env_FFLAGS_set=
ac_cv_env_FFLAGS_value=
ac_cv_env_LDFLAGS_set=
ac_cv_env_LDFLAGS_value=
ac_cv_env_LIBS_set=
ac_cv_env_LIBS_value=
ac_cv_env_build_alias_set=
ac_cv_env_build_alias_value=
ac_cv_env_host_alias_set=
ac_cv_env_host_alias_value=
ac_cv_env_target_alias_set=
ac_cv_env_target_alias_value=
ac_cv_f77_compiler_gnu=no
ac_cv_func__doprnt=no
ac_cv_func_gethostname=yes
ac_cv_func_getpgrp_void=yes
ac_cv_func_gettimeofday=yes
ac_cv_func_mkdir=yes
ac_cv_func_select=yes
ac_cv_func_socket=yes
ac_cv_func_strcspn=yes
ac_cv_func_strdup=yes
ac_cv_func_strerror=yes
ac_cv_func_strstr=yes
ac_cv_func_strtod=yes
ac_cv_func_strtol=yes
ac_cv_func_strtoul=yes
ac_cv_func_uname=yes
ac_cv_func_vprintf=yes
ac_cv_header_dirent_dirent_h=yes
ac_cv_header_dlfcn_h=yes
ac_cv_header_fcntl_h=yes
ac_cv_header_inttypes_h=yes
ac_cv_header_limits_h=yes
ac_cv_header_malloc_h=no
ac_cv_header_memory_h=yes
ac_cv_header_stdc=yes
ac_cv_header_stdint_h=yes
ac_cv_header_stdlib_h=yes
ac_cv_header_string_h=yes
ac_cv_header_strings_h=yes
ac_cv_header_sys_file_h=yes
ac_cv_header_sys_stat_h=yes
ac_cv_header_sys_time_h=yes
ac_cv_header_sys_types_h=yes
ac_cv_header_sys_wait_h=yes
ac_cv_header_time=yes
ac_cv_header_unistd_h=yes
ac_cv_host=i386-apple-darwin13.0.3
ac_cv_lib_m_main=yes
ac_cv_lib_nsl_main=no
ac_cv_lib_posix4_main=no
ac_cv_lib_pthread_main=yes
ac_cv_lib_resolv_main=yes
ac_cv_lib_socket_main=no
ac_cv_objext=o
ac_cv_path_EGREP='/usr/bin/grep -E'
ac_cv_path_GREP=/usr/bin/grep
ac_cv_path_install='/usr/bin/install -c'
ac_cv_prog_AWK=awk
ac_cv_prog_CPP='gcc -E'
ac_cv_prog_CXXCPP='g++ -E'
ac_cv_prog_ac_ct_AR=ar
ac_cv_prog_ac_ct_CC=gcc
ac_cv_prog_ac_ct_CXX=g++
ac_cv_prog_ac_ct_RANLIB=ranlib
ac_cv_prog_ac_ct_STRIP=strip
ac_cv_prog_cc_c89=
ac_cv_prog_cc_g=yes
ac_cv_prog_cxx_g=yes
ac_cv_prog_f77_g=no
ac_cv_prog_make_make_set=yes
ac_cv_search_opendir='none required'
ac_cv_struct_tm=time.h
ac_cv_target=i386-apple-darwin13.0.3
ac_cv_type_mode_t=yes
ac_cv_type_pid_t=yes
ac_cv_type_signal=void
ac_cv_type_size_t=yes
am_cv_CC_dependencies_compiler_type=gcc3
am_cv_CXX_dependencies_compiler_type=gcc3
lt_cv_deplibs_check_method=pass_all
lt_cv_file_magic_cmd='$MAGIC_CMD'
lt_cv_file_magic_test_file=
lt_cv_ld_reload_flag=-r
lt_cv_objdir=.libs
lt_cv_path_LD=/Applications/Xcode.app/Contents/Developer/Toolchains/XcodeDefault.xctoolchain/usr/bin/ld
lt_cv_path_LDCXX=/Applications/Xcode.app/Contents/Developer/Toolchains/XcodeDefault.xctoolchain/usr/bin/ld
lt_cv_path_NM=/usr/bin/nm
lt_cv_path_SED=/usr/bin/sed
lt_cv_prog_compiler_c_o=yes
lt_cv_prog_compiler_c_o_CXX=yes
lt_cv_prog_compiler_rtti_exceptions=yes
lt_cv_prog_gnu_ld=no
lt_cv_prog_gnu_ldcxx=no
lt_cv_sys_global_symbol_pipe='sed -n -e '\''s/^.*[ 	]\([BCDEGRST][BCDEGRST]*\)[ 	][ 	]*_\([_A-Za-z][_A-Za-z0-9]*\)$/\1 _\2 \2/p'\'''
lt_cv_sys_global_symbol_to_c_name_address='sed -n -e '\''s/^: \([^ ]*\) $/  {\"\1\", (lt_ptr) 0},/p'\'' -e '\''s/^[BCDEGRST] \([^ ]*\) \([^ ]*\)$/  {"\2", (lt_ptr) \&\2},/p'\'''
lt_cv_sys_global_symbol_to_cdecl='sed -n -e '\''s/^. .* \(.*\)$/extern int \1;/p'\'''
lt_cv_sys_max_cmd_len=196608
lt_lt_cv_prog_compiler_c_o='"yes"'
lt_lt_cv_prog_compiler_c_o_CXX='"yes"'
lt_lt_cv_sys_global_symbol_pipe='"sed -n -e '\''s/^.*[ 	]\\([BCDEGRST][BCDEGRST]*\\)[ 	][ 	]*_\\([_A-Za-z][_A-Za-z0-9]*\\)\$/\\1 _\\2 \\2/p'\''"'
lt_lt_cv_sys_global_symbol_to_c_name_address='"sed -n -e '\''s/^: \\([^ ]*\\) \$/  {\\\"\\1\\\", (lt_ptr) 0},/p'\'' -e '\''s/^[BCDEGRST] \\([^ ]*\\) \\([^ ]*\\)\$/  {\"\\2\", (lt_ptr) \\&\\2},/p'\''"'
lt_lt_cv_sys_global_symbol_to_cdecl='"sed -n -e '\''s/^. .* \\(.*\\)\$/extern int \\1;/p'\''"'

## ----------------- ##
## Output variables. ##
## ----------------- ##

ACLOCAL='${SHELL} /Users/brumgard/Documents/Work/LoCI/workspace/lors/lbone/missing --run aclocal-1.10'
AMDEPBACKSLASH='\'
AMDEP_FALSE='#'
AMDEP_TRUE=''
AMTAR='${SHELL} /Users/brumgard/Documents/Work/LoCI/workspace/lors/lbone/missing --run tar'
AR='ar'
AUTOCONF='${SHELL} /Users/brumgard/Documents/Work/LoCI/workspace/lors/lbone/missing --run autoconf'
AUTOHEADER='${SHELL} /Users/brumgard/Documents/Work/LoCI/workspace/lors/lbone/missing --run autoheader'
AUTOMAKE='${SHELL} /Users/brumgard/Documents/Work/LoCI/workspace/lors/lbone/missing --run automake-1.10'
AWK='awk'
CC='gcc'
CCDEPMODE='depmode=gcc3'
CFLAGS='-g -O2'
CGIDIR='/Users/brumgard/Documents/Work/LoCI/workspace/lors/lbone/ecgi'
CPP='gcc -E'
CPPFLAGS=''
CXX='g++'
CXXCPP='g++ -E'
CXXDEPMODE='depmode=gcc3'
CXXFLAGS='-g -O2'
CYGPATH_W='echo'
DEFS='-DHAVE_CONFIG_H'
DEPDIR='.deps'
ECHO='/bin/echo'
ECHO_C='ECHO_N=''
ECHO_T=''
EGREP='/usr/bin/grep -E'
EXEEXT=''
F77=''
FFLAGS=''
GREP='/usr/bin/grep'
IBPDIR='/sw/lors/'
INSTALL_DATA='${INSTALL} -m 644'
INSTALL_PROGRAM='${INSTALL}'
INSTALL_SCRIPT='${INSTALL}'
INSTALL_STRIP_PROGRAM='$(install_sh) -c -s'
LDAPDIR=''
LDFLAGS=''
LIBOBJS=''
LIBS='-lresolv -lpthread -lm '
LIBTOOL='$(SHELL) $(top_builddir)/libtool'
LN_S='ln -s'
LORS_BUILD_ECGI='no,'
LORS_BUILD_IBP='yes'
LORS_BUILD_NWS='no,'
LORS_ECGI_SRC_DIR=''
LORS_IBP_SRC_DIR='/Users/brumgard/Documents/Work/LoCI/workspace/lors/lbone/ibp'
LORS_NWS_SRC_DIR=''
LTLIBOBJS=''
MAKEINFO='${SHELL} /Users/brumgard/Documents/Work/LoCI/workspace/lors/lbone/missing --run makeinfo'
NWSDIR='/Users/brumgard/Documents/Work/LoCI/workspace/lors/lbone/nws'
OBJEXT='o'
OSDEF='_DARWIN'
OSTYPE='Darwin'
PACKAGE='lbone_lib'
PACKAGE_BUGREPORT=''
PACKAGE_NAME=''
PACKAGE_STRING=''
PACKAGE_TARNAME=''
PACKAGE_VERSION=''
PATH_SEPARATOR=':'
PREFIX='/Users/brumgard/Documents/Work/LoCI/workspace/lors/lbone'
RANLIB='ranlib'
SERVER_FALSE=''
SERVER_TRUE='#'
SET_MAKE=''
SHELL='/bin/sh'
STRIP='strip'
VERSION='0.5'
ac_ct_CC='gcc'
ac_ct_CXX='g++'
ac_ct_F77=''
am__fastdepCC_FALSE='#'
am__fastdepCC_TRUE=''
am__fastdepCXX_FALSE='#'
am__fastdepCXX_TRUE=''
am__include='include'
am__isrc=''
am__leading_dot='.'
am__quote=''
am__tar='${AMTAR} chof - "$$tardir"'
am__untar='${AMTAR} xf -'
bindir='${exec_prefix}/bin'
build='i386-apple-darwin13.0.3'
build_alias=''
build_cpu='i386'
build_os='darwin13.0.3'
build_vendor='apple'
datadir='${datarootdir}'
datarootdir='${prefix}/share'
docdir='${datarootdir}/doc/${PACKAGE}'
dvidir='${docdir}'
exec_prefix='${prefix}'
host='i386-apple-darwin13.0.3'
host_alias=''
host_cpu='i386'
host_os='darwin13.0.3'
host_vendor='apple'
htmldir='${docdir}'
includedir='${prefix}/include'
infodir='${datarootdir}/info'
install_sh='$(SHELL) /Users/brumgard/Documents/Work/LoCI/workspace/lors/lbone/install-sh'
libdir='${exec_prefix}/lib'
libexecdir='${exec_prefix}/libexec'
localedir='${datarootdir}/locale'
localstatedir='${prefix}/var'
mandir='${datarootdir}/man'
mkdir_p='$(top_builddir)/./install-sh -c -d'
oldincludedir='/usr/include'
pdfdir='${docdir}'
prefix='/sw/lors/'
program_transform_name='s,x,x,'
psdir='${docdir}'
sbindir='${exec_prefix}/sbin'
sharedstatedir='${prefix}/com'
sysconfdir='${prefix}/etc'
target='i386-apple-darwin13.0.3'
target_alias=''
target_cpu='i386'
target_os='darwin13.0.3'
target_vendor='apple'

## ----------- ##
## confdefs.h. ##
## ----------- ##

#define PACKAGE_NAME ""
#define PACKAGE_TARNAME ""
#define PACKAGE_VERSION ""
#define PACKAGE_STRING ""
#define PACKAGE_BUGREPORT ""
#define PACKAGE "lbone_lib"
#define VERSION "0.5"
#define STDC_HEADERS 1
#define HAVE_SYS_TYPES_H 1
#define HAVE_SYS_STAT_H 1
#define HAVE_STDLIB_H 1
#define HAVE_STRING_H 1
#define HAVE_MEMORY_H 1
#define HAVE_STRINGS_H 1
#define HAVE_INTTYPES_H 1
#define HAVE_STDINT_H 1
#define HAVE_UNISTD_H 1
#define HAVE_DLFCN_H 1
#define HAVE_LIBM 1
#define HAVE_LIBPTHREAD 1
#define HAVE_LIBRESOLV 1
#define HAVE_DIRENT_H 1
#define STDC_HEADERS 1
#define HAVE_SYS_WAIT_H 1
#define HAVE_FCNTL_H 1
#define HAVE_LIMITS_H 1
#define HAVE_STRINGS_H 1
#define HAVE_SYS_FILE_H 1
#define HAVE_SYS_TIME_H 1
#define HAVE_UNISTD_H 1
#define TIME_WITH_SYS_TIME 1
#define GETPGRP_VOID 1
#define RETSIGTYPE void
#define HAVE_VPRINTF 1
#define HAVE_GETHOSTNAME 1
#define HAVE_GETTIMEOFDAY 1
#define HAVE_MKDIR 1
#define HAVE_SELECT 1
#define HAVE_SOCKET 1
#define HAVE_STRCSPN 1
#define HAVE_STRDUP 1
#define HAVE_STRERROR 1
#define HAVE_STRSTR 1
#define HAVE_STRTOD 1
#define HAVE_STRTOL 1
#define HAVE_STRTOUL 1
#define HAVE_UNAME 1

configure: exit 0

## ---------------------- ##
## Running config.status. ##
## ---------------------- ##

This file was extended by config.status, which was
generated by GNU Autoconf 2.61.  Invocation command line was

  CONFIG_FILES    = 
  CONFIG_HEADERS  = 
  CONFIG_LINKS    = 
  CONFIG_COMMANDS = 
  $ ./config.status 

on Matilda.local

config.status:689: creating client/Makefile
config.status:689: creating client/src/Makefile
config.status:689: creating client/include/Makefile
config.status:689: creating server/Makefile
config.status:689: creating server/src/Makefile
config.status:689: creating cgi/Makefile
config.status:689: creating cgi/src/Makefile
config.status:689: creating Makefile
config.status:689: creating pre-install.sh
config.status:689: creating config.h
config.status:945: config.h is unchanged
config.status:991: executing depfiles commands
config.status:991: executing default commands

## ---------------------- ##
## Running config.status. ##
## ---------------------- ##

This file was extended by config.status, which was
generated by GNU Autoconf 2.61.  Invocation command line was

  CONFIG_FILES    = 
  CONFIG_HEADERS  = 
  CONFIG_LINKS    = 
  CONFIG_COMMANDS = 
  $ ./config.status config.h

on Matilda.local

config.status:689: creating config.h
config.status:945: config.h is unchanged
