This file contains any messages produced by compilers while
running configure, to aid debugging if configure makes a mistake.

It was created by configure, which was
generated by GNU Autoconf 2.59.  Invocation command line was

  $ ./configure --prefix=/sw/lors/ --with-libxml2=/usr --with-libfdr=/sw/lors/

## --------- ##
## Platform. ##
## --------- ##

hostname = Matilda.local
uname -m = x86_64
uname -r = 13.0.3
uname -s = Darwin
uname -v = Darwin Kernel Version 13.0.3: Thu Oct 17 20:41:40 PDT 2013; root:xnu-2422.85.3~1/RELEASE_X86_64

/usr/bin/uname -p = i386
/bin/uname -X     = unknown

/bin/arch              = unknown
/usr/bin/arch -k       = unknown
/usr/convex/getsysinfo = unknown
hostinfo               = Mach kernel version:
	 Darwin Kernel Version 13.0.3: Thu Oct 17 20:41:40 PDT 2013; root:xnu-2422.85.3~1/RELEASE_X86_64
Kernel configured for up to 16 processors.
8 processors are physically available.
16 processors are logically available.
Processor type: i486 (Intel 80486)
Processors active: 0 1 2 3 4 5 6 7 8 9 10 11 12 13 14 15
Primary memory available: 64.00 gigabytes
Default processor set: 234 tasks, 1267 threads, 16 processors
Load average: 3.74, Mach factor: 12.25
/bin/machine           = unknown
/usr/bin/oslevel       = unknown
/bin/universe          = unknown

PATH: /usr/local/bin
PATH: /sbin
PATH: /usr/sbin/
PATH: /usr/bin
PATH: /bin


## ----------- ##
## Core tests. ##
## ----------- ##

configure:1539: checking for a BSD-compatible install
configure:1594: result: /usr/bin/install -c
configure:1605: checking whether build environment is sane
configure:1648: result: yes
configure:1713: checking for gawk
configure:1742: result: no
configure:1713: checking for mawk
configure:1742: result: no
configure:1713: checking for nawk
configure:1742: result: no
configure:1713: checking for awk
configure:1729: found /usr/bin/awk
configure:1739: result: awk
configure:1749: checking whether make sets $(MAKE)
configure:1769: result: yes
configure:1986: checking for gcc
configure:2002: found /usr/bin/gcc
configure:2012: result: gcc
configure:2256: checking for C compiler version
configure:2259: gcc --version </dev/null >&5
Configured with: --prefix=/Applications/Xcode.app/Contents/Developer/usr --with-gxx-include-dir=/usr/include/c++/4.2.1
Apple LLVM version 5.0 (clang-500.2.79) (based on LLVM 3.3svn)
Target: x86_64-apple-darwin13.0.3
Thread model: posix
configure:2262: $? = 0
configure:2264: gcc -v </dev/null >&5
Configured with: --prefix=/Applications/Xcode.app/Contents/Developer/usr --with-gxx-include-dir=/usr/include/c++/4.2.1
Apple LLVM version 5.0 (clang-500.2.79) (based on LLVM 3.3svn)
Target: x86_64-apple-darwin13.0.3
Thread model: posix
configure:2267: $? = 0
configure:2269: gcc -V </dev/null >&5
clang: error: argument to '-V' is missing (expected 1 value)
clang: error: no input files
configure:2272: $? = 1
configure:2295: checking for C compiler default output file name
configure:2298: gcc    conftest.c  >&5
configure:2301: $? = 0
configure:2347: result: a.out
configure:2352: checking whether the C compiler works
configure:2358: ./a.out
configure:2361: $? = 0
configure:2378: result: yes
configure:2385: checking whether we are cross compiling
configure:2387: result: no
configure:2390: checking for suffix of executables
configure:2392: gcc -o conftest    conftest.c  >&5
configure:2395: $? = 0
configure:2420: result: 
configure:2426: checking for suffix of object files
configure:2447: gcc -c   conftest.c >&5
configure:2450: $? = 0
configure:2472: result: o
configure:2476: checking whether we are using the GNU C compiler
configure:2500: gcc -c   conftest.c >&5
configure:2506: $? = 0
configure:2510: test -z 
			 || test ! -s conftest.err
configure:2513: $? = 0
configure:2516: test -s conftest.o
configure:2519: $? = 0
configure:2532: result: yes
configure:2538: checking whether gcc accepts -g
configure:2559: gcc -c -g  conftest.c >&5
configure:2565: $? = 0
configure:2569: test -z 
			 || test ! -s conftest.err
configure:2572: $? = 0
configure:2575: test -s conftest.o
configure:2578: $? = 0
configure:2589: result: yes
configure:2606: checking for gcc option to accept ANSI C
configure:2676: gcc  -c -g -O2  conftest.c >&5
configure:2682: $? = 0
configure:2686: test -z 
			 || test ! -s conftest.err
configure:2689: $? = 0
configure:2692: test -s conftest.o
configure:2695: $? = 0
configure:2713: result: none needed
configure:2731: gcc -c -g -O2  conftest.c >&5
conftest.c:2:3: error: unknown type name 'choke'
  choke me
  ^
conftest.c:2:11: error: expected ';' after top level declarator
  choke me
          ^
          ;
2 errors generated.
configure:2737: $? = 1
configure: failed program was:
| #ifndef __cplusplus
|   choke me
| #endif
configure:2881: checking for style of include used by make
configure:2909: result: GNU
configure:2937: checking dependency style of gcc
configure:3027: result: gcc3
configure:3122: checking build system type
configure:3140: result: i686-apple-darwin13.0.3
configure:3148: checking host system type
configure:3162: result: i686-apple-darwin13.0.3
configure:3170: checking for a sed that does not truncate output
configure:3226: result: /usr/bin/sed
configure:3229: checking for egrep
configure:3239: result: grep -E
configure:3255: checking for ld used by gcc
configure:3322: result: /Applications/Xcode.app/Contents/Developer/Toolchains/XcodeDefault.xctoolchain/usr/bin/ld
configure:3331: checking if the linker (/Applications/Xcode.app/Contents/Developer/Toolchains/XcodeDefault.xctoolchain/usr/bin/ld) is GNU ld
configure:3346: result: no
configure:3351: checking for /Applications/Xcode.app/Contents/Developer/Toolchains/XcodeDefault.xctoolchain/usr/bin/ld option to reload object files
configure:3358: result: -r
configure:3376: checking for BSD-compatible nm
configure:3425: result: /usr/bin/nm
configure:3429: checking whether ln -s works
configure:3433: result: yes
configure:3440: checking how to recognise dependent libraries
configure:3616: result: pass_all
configure:3853: checking how to run the C preprocessor
configure:3888: gcc -E  conftest.c
configure:3894: $? = 0
configure:3926: gcc -E  conftest.c
conftest.c:11:10: fatal error: 'ac_nonexistent.h' file not found
#include <ac_nonexistent.h>
         ^
1 error generated.
configure:3932: $? = 1
configure: failed program was:
| /* confdefs.h.  */
| 
| #define PACKAGE_NAME ""
| #define PACKAGE_TARNAME ""
| #define PACKAGE_VERSION ""
| #define PACKAGE_STRING ""
| #define PACKAGE_BUGREPORT ""
| #define PACKAGE "libexnode"
| #define VERSION "0.6.5"
| /* end confdefs.h.  */
| #include <ac_nonexistent.h>
configure:3971: result: gcc -E
configure:3995: gcc -E  conftest.c
configure:4001: $? = 0
configure:4033: gcc -E  conftest.c
conftest.c:11:10: fatal error: 'ac_nonexistent.h' file not found
#include <ac_nonexistent.h>
         ^
1 error generated.
configure:4039: $? = 1
configure: failed program was:
| /* confdefs.h.  */
| 
| #define PACKAGE_NAME ""
| #define PACKAGE_TARNAME ""
| #define PACKAGE_VERSION ""
| #define PACKAGE_STRING ""
| #define PACKAGE_BUGREPORT ""
| #define PACKAGE "libexnode"
| #define VERSION "0.6.5"
| /* end confdefs.h.  */
| #include <ac_nonexistent.h>
configure:4083: checking for ANSI C header files
configure:4108: gcc -c -g -O2  conftest.c >&5
configure:4114: $? = 0
configure:4118: test -z 
			 || test ! -s conftest.err
configure:4121: $? = 0
configure:4124: test -s conftest.o
configure:4127: $? = 0
configure:4216: gcc -o conftest -g -O2   conftest.c  >&5
conftest.c:28:7: warning: implicitly declaring library function 'exit' with type 'void (int) __attribute__((noreturn))'
      exit(2);
      ^
conftest.c:28:7: note: please include the header <stdlib.h> or explicitly provide a declaration for 'exit'
1 warning generated.
configure:4219: $? = 0
configure:4221: ./conftest
configure:4224: $? = 0
configure:4239: result: yes
configure:4263: checking for sys/types.h
configure:4279: gcc -c -g -O2  conftest.c >&5
configure:4285: $? = 0
configure:4289: test -z 
			 || test ! -s conftest.err
configure:4292: $? = 0
configure:4295: test -s conftest.o
configure:4298: $? = 0
configure:4309: result: yes
configure:4263: checking for sys/stat.h
configure:4279: gcc -c -g -O2  conftest.c >&5
configure:4285: $? = 0
configure:4289: test -z 
			 || test ! -s conftest.err
configure:4292: $? = 0
configure:4295: test -s conftest.o
configure:4298: $? = 0
configure:4309: result: yes
configure:4263: checking for stdlib.h
configure:4279: gcc -c -g -O2  conftest.c >&5
configure:4285: $? = 0
configure:4289: test -z 
			 || test ! -s conftest.err
configure:4292: $? = 0
configure:4295: test -s conftest.o
configure:4298: $? = 0
configure:4309: result: yes
configure:4263: checking for string.h
configure:4279: gcc -c -g -O2  conftest.c >&5
configure:4285: $? = 0
configure:4289: test -z 
			 || test ! -s conftest.err
configure:4292: $? = 0
configure:4295: test -s conftest.o
configure:4298: $? = 0
configure:4309: result: yes
configure:4263: checking for memory.h
configure:4279: gcc -c -g -O2  conftest.c >&5
configure:4285: $? = 0
configure:4289: test -z 
			 || test ! -s conftest.err
configure:4292: $? = 0
configure:4295: test -s conftest.o
configure:4298: $? = 0
configure:4309: result: yes
configure:4263: checking for strings.h
configure:4279: gcc -c -g -O2  conftest.c >&5
configure:4285: $? = 0
configure:4289: test -z 
			 || test ! -s conftest.err
configure:4292: $? = 0
configure:4295: test -s conftest.o
configure:4298: $? = 0
configure:4309: result: yes
configure:4263: checking for inttypes.h
configure:4279: gcc -c -g -O2  conftest.c >&5
configure:4285: $? = 0
configure:4289: test -z 
			 || test ! -s conftest.err
configure:4292: $? = 0
configure:4295: test -s conftest.o
configure:4298: $? = 0
configure:4309: result: yes
configure:4263: checking for stdint.h
configure:4279: gcc -c -g -O2  conftest.c >&5
configure:4285: $? = 0
configure:4289: test -z 
			 || test ! -s conftest.err
configure:4292: $? = 0
configure:4295: test -s conftest.o
configure:4298: $? = 0
configure:4309: result: yes
configure:4263: checking for unistd.h
configure:4279: gcc -c -g -O2  conftest.c >&5
configure:4285: $? = 0
configure:4289: test -z 
			 || test ! -s conftest.err
configure:4292: $? = 0
configure:4295: test -s conftest.o
configure:4298: $? = 0
configure:4309: result: yes
configure:4335: checking dlfcn.h usability
configure:4347: gcc -c -g -O2  conftest.c >&5
configure:4353: $? = 0
configure:4357: test -z 
			 || test ! -s conftest.err
configure:4360: $? = 0
configure:4363: test -s conftest.o
configure:4366: $? = 0
configure:4376: result: yes
configure:4380: checking dlfcn.h presence
configure:4390: gcc -E  conftest.c
configure:4396: $? = 0
configure:4416: result: yes
configure:4451: checking for dlfcn.h
configure:4458: result: yes
configure:4523: checking for g++
configure:4539: found /usr/bin/g++
configure:4549: result: g++
configure:4565: checking for C++ compiler version
configure:4568: g++ --version </dev/null >&5
Configured with: --prefix=/Applications/Xcode.app/Contents/Developer/usr --with-gxx-include-dir=/usr/include/c++/4.2.1
Apple LLVM version 5.0 (clang-500.2.79) (based on LLVM 3.3svn)
Target: x86_64-apple-darwin13.0.3
Thread model: posix
configure:4571: $? = 0
configure:4573: g++ -v </dev/null >&5
Configured with: --prefix=/Applications/Xcode.app/Contents/Developer/usr --with-gxx-include-dir=/usr/include/c++/4.2.1
Apple LLVM version 5.0 (clang-500.2.79) (based on LLVM 3.3svn)
Target: x86_64-apple-darwin13.0.3
Thread model: posix
configure:4576: $? = 0
configure:4578: g++ -V </dev/null >&5
clang: error: argument to '-V' is missing (expected 1 value)
clang: error: no input files
configure:4581: $? = 1
configure:4584: checking whether we are using the GNU C++ compiler
configure:4608: g++ -c   conftest.cc >&5
configure:4614: $? = 0
configure:4618: test -z 
			 || test ! -s conftest.err
configure:4621: $? = 0
configure:4624: test -s conftest.o
configure:4627: $? = 0
configure:4640: result: yes
configure:4646: checking whether g++ accepts -g
configure:4667: g++ -c -g  conftest.cc >&5
configure:4673: $? = 0
configure:4677: test -z 
			 || test ! -s conftest.err
configure:4680: $? = 0
configure:4683: test -s conftest.o
configure:4686: $? = 0
configure:4697: result: yes
configure:4739: g++ -c -g -O2  conftest.cc >&5
configure:4745: $? = 0
configure:4749: test -z 
			 || test ! -s conftest.err
configure:4752: $? = 0
configure:4755: test -s conftest.o
configure:4758: $? = 0
configure:4784: g++ -c -g -O2  conftest.cc >&5
conftest.cc:26:1: error: use of undeclared identifier 'exit'
exit (42);
^
1 error generated.
configure:4790: $? = 1
configure: failed program was:
| /* confdefs.h.  */
| 
| #define PACKAGE_NAME ""
| #define PACKAGE_TARNAME ""
| #define PACKAGE_VERSION ""
| #define PACKAGE_STRING ""
| #define PACKAGE_BUGREPORT ""
| #define PACKAGE "libexnode"
| #define VERSION "0.6.5"
| #define STDC_HEADERS 1
| #define HAVE_SYS_TYPES_H 1
| #define HAVE_SYS_STAT_H 1
| #define HAVE_STDLIB_H 1
| #define HAVE_STRING_H 1
| #define HAVE_MEMORY_H 1
| #define HAVE_STRINGS_H 1
| #define HAVE_INTTYPES_H 1
| #define HAVE_STDINT_H 1
| #define HAVE_UNISTD_H 1
| #define HAVE_DLFCN_H 1
| /* end confdefs.h.  */
| 
| int
| main ()
| {
| exit (42);
|   ;
|   return 0;
| }
configure:4739: g++ -c -g -O2  conftest.cc >&5
conftest.cc:22:17: error: use of undeclared identifier 'std'
extern "C" void std::exit (int) throw (); using std::exit;
                ^
conftest.cc:22:49: error: use of undeclared identifier 'std'
extern "C" void std::exit (int) throw (); using std::exit;
                                                ^
2 errors generated.
configure:4745: $? = 1
configure: failed program was:
| /* confdefs.h.  */
| 
| #define PACKAGE_NAME ""
| #define PACKAGE_TARNAME ""
| #define PACKAGE_VERSION ""
| #define PACKAGE_STRING ""
| #define PACKAGE_BUGREPORT ""
| #define PACKAGE "libexnode"
| #define VERSION "0.6.5"
| #define STDC_HEADERS 1
| #define HAVE_SYS_TYPES_H 1
| #define HAVE_SYS_STAT_H 1
| #define HAVE_STDLIB_H 1
| #define HAVE_STRING_H 1
| #define HAVE_MEMORY_H 1
| #define HAVE_STRINGS_H 1
| #define HAVE_INTTYPES_H 1
| #define HAVE_STDINT_H 1
| #define HAVE_UNISTD_H 1
| #define HAVE_DLFCN_H 1
| /* end confdefs.h.  */
| extern "C" void std::exit (int) throw (); using std::exit;
| #include <stdlib.h>
| int
| main ()
| {
| exit (42);
|   ;
|   return 0;
| }
configure:4739: g++ -c -g -O2  conftest.cc >&5
conftest.cc:22:17: error: use of undeclared identifier 'std'
extern "C" void std::exit (int); using std::exit;
                ^
conftest.cc:22:40: error: use of undeclared identifier 'std'
extern "C" void std::exit (int); using std::exit;
                                       ^
2 errors generated.
configure:4745: $? = 1
configure: failed program was:
| /* confdefs.h.  */
| 
| #define PACKAGE_NAME ""
| #define PACKAGE_TARNAME ""
| #define PACKAGE_VERSION ""
| #define PACKAGE_STRING ""
| #define PACKAGE_BUGREPORT ""
| #define PACKAGE "libexnode"
| #define VERSION "0.6.5"
| #define STDC_HEADERS 1
| #define HAVE_SYS_TYPES_H 1
| #define HAVE_SYS_STAT_H 1
| #define HAVE_STDLIB_H 1
| #define HAVE_STRING_H 1
| #define HAVE_MEMORY_H 1
| #define HAVE_STRINGS_H 1
| #define HAVE_INTTYPES_H 1
| #define HAVE_STDINT_H 1
| #define HAVE_UNISTD_H 1
| #define HAVE_DLFCN_H 1
| /* end confdefs.h.  */
| extern "C" void std::exit (int); using std::exit;
| #include <stdlib.h>
| int
| main ()
| {
| exit (42);
|   ;
|   return 0;
| }
configure:4739: g++ -c -g -O2  conftest.cc >&5
configure:4745: $? = 0
configure:4749: test -z 
			 || test ! -s conftest.err
configure:4752: $? = 0
configure:4755: test -s conftest.o
configure:4758: $? = 0
configure:4784: g++ -c -g -O2  conftest.cc >&5
configure:4790: $? = 0
configure:4794: test -z 
			 || test ! -s conftest.err
configure:4797: $? = 0
configure:4800: test -s conftest.o
configure:4803: $? = 0
configure:4828: checking dependency style of g++
configure:4918: result: gcc3
configure:4945: checking how to run the C++ preprocessor
configure:4976: g++ -E  conftest.cc
configure:4982: $? = 0
configure:5014: g++ -E  conftest.cc
conftest.cc:25:10: fatal error: 'ac_nonexistent.h' file not found
#include <ac_nonexistent.h>
         ^
1 error generated.
configure:5020: $? = 1
configure: failed program was:
| /* confdefs.h.  */
| 
| #define PACKAGE_NAME ""
| #define PACKAGE_TARNAME ""
| #define PACKAGE_VERSION ""
| #define PACKAGE_STRING ""
| #define PACKAGE_BUGREPORT ""
| #define PACKAGE "libexnode"
| #define VERSION "0.6.5"
| #define STDC_HEADERS 1
| #define HAVE_SYS_TYPES_H 1
| #define HAVE_SYS_STAT_H 1
| #define HAVE_STDLIB_H 1
| #define HAVE_STRING_H 1
| #define HAVE_MEMORY_H 1
| #define HAVE_STRINGS_H 1
| #define HAVE_INTTYPES_H 1
| #define HAVE_STDINT_H 1
| #define HAVE_UNISTD_H 1
| #define HAVE_DLFCN_H 1
| #ifdef __cplusplus
| extern "C" void exit (int) throw ();
| #endif
| /* end confdefs.h.  */
| #include <ac_nonexistent.h>
configure:5059: result: g++ -E
configure:5083: g++ -E  conftest.cc
configure:5089: $? = 0
configure:5121: g++ -E  conftest.cc
conftest.cc:25:10: fatal error: 'ac_nonexistent.h' file not found
#include <ac_nonexistent.h>
         ^
1 error generated.
configure:5127: $? = 1
configure: failed program was:
| /* confdefs.h.  */
| 
| #define PACKAGE_NAME ""
| #define PACKAGE_TARNAME ""
| #define PACKAGE_VERSION ""
| #define PACKAGE_STRING ""
| #define PACKAGE_BUGREPORT ""
| #define PACKAGE "libexnode"
| #define VERSION "0.6.5"
| #define STDC_HEADERS 1
| #define HAVE_SYS_TYPES_H 1
| #define HAVE_SYS_STAT_H 1
| #define HAVE_STDLIB_H 1
| #define HAVE_STRING_H 1
| #define HAVE_MEMORY_H 1
| #define HAVE_STRINGS_H 1
| #define HAVE_INTTYPES_H 1
| #define HAVE_STDINT_H 1
| #define HAVE_UNISTD_H 1
| #define HAVE_DLFCN_H 1
| #ifdef __cplusplus
| extern "C" void exit (int) throw ();
| #endif
| /* end confdefs.h.  */
| #include <ac_nonexistent.h>
configure:5224: checking for g77
configure:5253: result: no
configure:5224: checking for f77
configure:5253: result: no
configure:5224: checking for xlf
configure:5253: result: no
configure:5224: checking for frt
configure:5253: result: no
configure:5224: checking for pgf77
configure:5253: result: no
configure:5224: checking for fort77
configure:5253: result: no
configure:5224: checking for fl32
configure:5253: result: no
configure:5224: checking for af77
configure:5253: result: no
configure:5224: checking for f90
configure:5253: result: no
configure:5224: checking for xlf90
configure:5253: result: no
configure:5224: checking for pgf90
configure:5253: result: no
configure:5224: checking for epcf90
configure:5253: result: no
configure:5224: checking for f95
configure:5253: result: no
configure:5224: checking for fort
configure:5253: result: no
configure:5224: checking for xlf95
configure:5253: result: no
configure:5224: checking for ifc
configure:5253: result: no
configure:5224: checking for efc
configure:5253: result: no
configure:5224: checking for pgf95
configure:5253: result: no
configure:5224: checking for lf95
configure:5253: result: no
configure:5224: checking for gfortran
configure:5253: result: no
configure:5265: checking for Fortran 77 compiler version
configure:5268:  --version </dev/null >&5
./configure: line 5269: --version: command not found
configure:5271: $? = 127
configure:5273:  -v </dev/null >&5
./configure: line 5274: -v: command not found
configure:5276: $? = 127
configure:5278:  -V </dev/null >&5
./configure: line 5279: -V: command not found
configure:5281: $? = 127
configure:5289: checking whether we are using the GNU Fortran 77 compiler
configure:5303:  -c  conftest.F >&5
./configure: line 5304: -c: command not found
configure:5309: $? = 127
configure: failed program was:
|       program main
| #ifndef __GNUC__
|        choke me
| #endif
| 
|       end
configure:5335: result: no
configure:5341: checking whether  accepts -g
configure:5353:  -c -g conftest.f >&5
./configure: line 5354: -c: command not found
configure:5359: $? = 127
configure: failed program was:
|       program main
| 
|       end
configure:5384: result: no
configure:5414: checking the maximum length of command line arguments
configure:5523: result: 196608
configure:5534: checking command to parse /usr/bin/nm output from gcc object
configure:5639: gcc -c -g -O2  conftest.c >&5
configure:5642: $? = 0
configure:5646: /usr/bin/nm conftest.o \| sed -n -e 's/^.*[ 	]\([BCDEGRST][BCDEGRST]*\)[ 	][ 	]*\([_A-Za-z][_A-Za-z0-9]*\)$/\1 \2 \2/p' \> conftest.nm
configure:5649: $? = 0
cannot find nm_test_var in conftest.nm
configure:5639: gcc -c -g -O2  conftest.c >&5
configure:5642: $? = 0
configure:5646: /usr/bin/nm conftest.o \| sed -n -e 's/^.*[ 	]\([BCDEGRST][BCDEGRST]*\)[ 	][ 	]*_\([_A-Za-z][_A-Za-z0-9]*\)$/\1 _\2 \2/p' \> conftest.nm
configure:5649: $? = 0
configure:5701: gcc -o conftest -g -O2   conftest.c conftstm.o >&5
configure:5704: $? = 0
configure:5742: result: ok
configure:5746: checking for objdir
configure:5761: result: .libs
configure:5851: checking for ar
configure:5867: found /usr/bin/ar
configure:5878: result: ar
configure:5931: checking for ranlib
configure:5947: found /usr/bin/ranlib
configure:5958: result: ranlib
configure:6011: checking for strip
configure:6027: found /usr/bin/strip
configure:6038: result: strip
configure:6310: checking if gcc supports -fno-rtti -fno-exceptions
configure:6328: gcc -c -g -O2  -fno-rtti -fno-exceptions conftest.c >&5
configure:6332: $? = 0
configure:6345: result: yes
configure:6360: checking for gcc option to produce PIC
configure:6570: result: -fno-common
configure:6578: checking if gcc PIC flag -fno-common works
configure:6596: gcc -c -g -O2  -fno-common -DPIC conftest.c >&5
configure:6600: $? = 0
configure:6613: result: yes
configure:6641: checking if gcc static flag -static works
configure:6669: result: no
configure:6679: checking if gcc supports -c -o file.o
configure:6700: gcc -c -g -O2  -o out/conftest2.o conftest.c >&5
configure:6704: $? = 0
configure:6726: result: yes
configure:6752: checking whether the gcc linker (/Applications/Xcode.app/Contents/Developer/Toolchains/XcodeDefault.xctoolchain/usr/bin/ld) supports shared libraries
configure:7710: result: yes
configure:7777: checking dynamic linker characteristics
configure:8386: result: darwin13.0.3 dyld
configure:8395: checking how to hardcode library paths into programs
configure:8420: result: immediate
configure:8434: checking whether stripping libraries is possible
configure:8447: result: yes
configure:9273: checking if libtool supports shared libraries
configure:9275: result: yes
configure:9278: checking whether to build shared libraries
configure:9299: result: yes
configure:9302: checking whether to build static libraries
configure:9306: result: yes
configure:9398: creating libtool
configure:9989: checking for ld used by g++
configure:10056: result: /Applications/Xcode.app/Contents/Developer/Toolchains/XcodeDefault.xctoolchain/usr/bin/ld
configure:10065: checking if the linker (/Applications/Xcode.app/Contents/Developer/Toolchains/XcodeDefault.xctoolchain/usr/bin/ld) is GNU ld
configure:10080: result: no
configure:10131: checking whether the g++ linker (/Applications/Xcode.app/Contents/Developer/Toolchains/XcodeDefault.xctoolchain/usr/bin/ld) supports shared libraries
configure:11069: result: yes
configure:11087: g++ -c -g -O2  conftest.cpp >&5
configure:11090: $? = 0
configure:11209: checking for g++ option to produce PIC
configure:11483: result: -fno-common
configure:11491: checking if g++ PIC flag -fno-common works
configure:11509: g++ -c -g -O2  -fno-common -DPIC conftest.cpp >&5
configure:11513: $? = 0
configure:11526: result: yes
configure:11554: checking if g++ static flag -static works
configure:11582: result: no
configure:11592: checking if g++ supports -c -o file.o
configure:11613: g++ -c -g -O2  -o out/conftest2.o conftest.cpp >&5
configure:11617: $? = 0
configure:11639: result: yes
configure:11665: checking whether the g++ linker (/Applications/Xcode.app/Contents/Developer/Toolchains/XcodeDefault.xctoolchain/usr/bin/ld) supports shared libraries
configure:11690: result: yes
configure:11757: checking dynamic linker characteristics
configure:12366: result: darwin13.0.3 dyld
configure:12375: checking how to hardcode library paths into programs
configure:12400: result: immediate
configure:18604: checking whether make sets $(MAKE)
configure:18624: result: yes
configure:18635: checking for xmlNewDocNode in -lxml2
configure:18665: gcc -o conftest -g -O2   conftest.c -lxml2   >&5
configure:18671: $? = 0
configure:18675: test -z 
			 || test ! -s conftest.err
configure:18678: $? = 0
configure:18681: test -s conftest
configure:18684: $? = 0
configure:18697: result: yes
configure:18712: checking for ANSI C header files
configure:18868: result: yes
configure:18920: checking for strdup
configure:18977: gcc -o conftest -g -O2   conftest.c -lxml2  >&5
conftest.c:51:6: warning: incompatible redeclaration of library function 'strdup' [-Wincompatible-library-redeclaration]
char strdup ();
     ^
conftest.c:51:6: note: 'strdup' is a builtin with type 'char *(const char *)'
1 warning generated.
configure:18983: $? = 0
configure:18987: test -z 
			 || test ! -s conftest.err
configure:18990: $? = 0
configure:18993: test -s conftest
configure:18996: $? = 0
configure:19008: result: yes
configure:18920: checking for strtod
configure:18977: gcc -o conftest -g -O2   conftest.c -lxml2  >&5
configure:18983: $? = 0
configure:18987: test -z 
			 || test ! -s conftest.err
configure:18990: $? = 0
configure:18993: test -s conftest
configure:18996: $? = 0
configure:19008: result: yes
configure:18920: checking for strtoul
configure:18977: gcc -o conftest -g -O2   conftest.c -lxml2  >&5
configure:18983: $? = 0
configure:18987: test -z 
			 || test ! -s conftest.err
configure:18990: $? = 0
configure:18993: test -s conftest
configure:18996: $? = 0
configure:19008: result: yes
configure:19167: creating ./config.status

## ---------------------- ##
## Running config.status. ##
## ---------------------- ##

This file was extended by config.status, which was
generated by GNU Autoconf 2.59.  Invocation command line was

  CONFIG_FILES    = 
  CONFIG_HEADERS  = 
  CONFIG_LINKS    = 
  CONFIG_COMMANDS = 
  $ ./config.status 

on Matilda.local

config.status:715: creating Makefile
config.status:715: creating src/Makefile
config.status:715: creating include/Makefile
config.status:898: executing depfiles commands

## ---------------- ##
## Cache variables. ##
## ---------------- ##

ac_cv_build=i686-apple-darwin13.0.3
ac_cv_build_alias=i686-apple-darwin13.0.3
ac_cv_c_compiler_gnu=yes
ac_cv_cxx_compiler_gnu=yes
ac_cv_env_CC_set=
ac_cv_env_CC_value=
ac_cv_env_CFLAGS_set=
ac_cv_env_CFLAGS_value=
ac_cv_env_CPPFLAGS_set=
ac_cv_env_CPPFLAGS_value=
ac_cv_env_CPP_set=
ac_cv_env_CPP_value=
ac_cv_env_CXXCPP_set=
ac_cv_env_CXXCPP_value=
ac_cv_env_CXXFLAGS_set=
ac_cv_env_CXXFLAGS_value=
ac_cv_env_CXX_set=
ac_cv_env_CXX_value=
ac_cv_env_F77_set=
ac_cv_env_F77_value=
ac_cv_env_FFLAGS_set=
ac_cv_env_FFLAGS_value=
ac_cv_env_LDFLAGS_set=
ac_cv_env_LDFLAGS_value=
ac_cv_env_build_alias_set=
ac_cv_env_build_alias_value=
ac_cv_env_host_alias_set=
ac_cv_env_host_alias_value=
ac_cv_env_target_alias_set=
ac_cv_env_target_alias_value=
ac_cv_exeext=
ac_cv_f77_compiler_gnu=no
ac_cv_func_strdup=yes
ac_cv_func_strtod=yes
ac_cv_func_strtoul=yes
ac_cv_header_dlfcn_h=yes
ac_cv_header_inttypes_h=yes
ac_cv_header_memory_h=yes
ac_cv_header_stdc=yes
ac_cv_header_stdint_h=yes
ac_cv_header_stdlib_h=yes
ac_cv_header_string_h=yes
ac_cv_header_strings_h=yes
ac_cv_header_sys_stat_h=yes
ac_cv_header_sys_types_h=yes
ac_cv_header_unistd_h=yes
ac_cv_host=i686-apple-darwin13.0.3
ac_cv_host_alias=i686-apple-darwin13.0.3
ac_cv_lib_xml2_xmlNewDocNode=yes
ac_cv_objext=o
ac_cv_path_install='/usr/bin/install -c'
ac_cv_prog_AWK=awk
ac_cv_prog_CPP='gcc -E'
ac_cv_prog_CXXCPP='g++ -E'
ac_cv_prog_ac_ct_AR=ar
ac_cv_prog_ac_ct_CC=gcc
ac_cv_prog_ac_ct_CXX=g++
ac_cv_prog_ac_ct_RANLIB=ranlib
ac_cv_prog_ac_ct_STRIP=strip
ac_cv_prog_cc_g=yes
ac_cv_prog_cc_stdc=
ac_cv_prog_cxx_g=yes
ac_cv_prog_egrep='grep -E'
ac_cv_prog_f77_g=no
ac_cv_prog_make_make_set=yes
am_cv_CC_dependencies_compiler_type=gcc3
am_cv_CXX_dependencies_compiler_type=gcc3
lt_cv_deplibs_check_method=pass_all
lt_cv_file_magic_cmd='$MAGIC_CMD'
lt_cv_file_magic_test_file=
lt_cv_ld_reload_flag=-r
lt_cv_objdir=.libs
lt_cv_path_LD=/Applications/Xcode.app/Contents/Developer/Toolchains/XcodeDefault.xctoolchain/usr/bin/ld
lt_cv_path_LDCXX=/Applications/Xcode.app/Contents/Developer/Toolchains/XcodeDefault.xctoolchain/usr/bin/ld
lt_cv_path_NM=/usr/bin/nm
lt_cv_path_SED=/usr/bin/sed
lt_cv_prog_compiler_c_o=yes
lt_cv_prog_compiler_c_o_CXX=yes
lt_cv_prog_compiler_rtti_exceptions=yes
lt_cv_prog_gnu_ld=no
lt_cv_prog_gnu_ldcxx=no
lt_cv_sys_global_symbol_pipe='sed -n -e '\''s/^.*[ 	]\([BCDEGRST][BCDEGRST]*\)[ 	][ 	]*_\([_A-Za-z][_A-Za-z0-9]*\)$/\1 _\2 \2/p'\'''
lt_cv_sys_global_symbol_to_c_name_address='sed -n -e '\''s/^: \([^ ]*\) $/  {\"\1\", (lt_ptr) 0},/p'\'' -e '\''s/^[BCDEGRST] \([^ ]*\) \([^ ]*\)$/  {"\2", (lt_ptr) \&\2},/p'\'''
lt_cv_sys_global_symbol_to_cdecl='sed -n -e '\''s/^. .* \(.*\)$/extern int \1;/p'\'''
lt_cv_sys_max_cmd_len=196608
lt_lt_cv_prog_compiler_c_o='"yes"'
lt_lt_cv_prog_compiler_c_o_CXX='"yes"'
lt_lt_cv_sys_global_symbol_pipe='"sed -n -e '\''s/^.*[ 	]\\([BCDEGRST][BCDEGRST]*\\)[ 	][ 	]*_\\([_A-Za-z][_A-Za-z0-9]*\\)\$/\\1 _\\2 \\2/p'\''"'
lt_lt_cv_sys_global_symbol_to_c_name_address='"sed -n -e '\''s/^: \\([^ ]*\\) \$/  {\\\"\\1\\\", (lt_ptr) 0},/p'\'' -e '\''s/^[BCDEGRST] \\([^ ]*\\) \\([^ ]*\\)\$/  {\"\\2\", (lt_ptr) \\&\\2},/p'\''"'
lt_lt_cv_sys_global_symbol_to_cdecl='"sed -n -e '\''s/^. .* \\(.*\\)\$/extern int \\1;/p'\''"'

## ----------------- ##
## Output variables. ##
## ----------------- ##

ACLOCAL='${SHELL} /Users/brumgard/Documents/Work/LoCI/workspace/lors/libexnode/missing --run aclocal-1.9'
AMDEPBACKSLASH='\'
AMDEP_FALSE='#'
AMDEP_TRUE=''
AMTAR='${SHELL} /Users/brumgard/Documents/Work/LoCI/workspace/lors/libexnode/missing --run tar'
AR='ar'
AUTOCONF='${SHELL} /Users/brumgard/Documents/Work/LoCI/workspace/lors/libexnode/missing --run autoconf'
AUTOHEADER='${SHELL} /Users/brumgard/Documents/Work/LoCI/workspace/lors/libexnode/missing --run autoheader'
AUTOMAKE='${SHELL} /Users/brumgard/Documents/Work/LoCI/workspace/lors/libexnode/missing --run automake-1.9'
AWK='awk'
CC='gcc'
CCDEPMODE='depmode=gcc3'
CFLAGS='-g -O2'
CPP='gcc -E'
CPPFLAGS=''
CXX='g++'
CXXCPP='g++ -E'
CXXDEPMODE='depmode=gcc3'
CXXFLAGS='-g -O2'
CYGPATH_W='echo'
DEFS='-DPACKAGE_NAME=\"\" -DPACKAGE_TARNAME=\"\" -DPACKAGE_VERSION=\"\" -DPACKAGE_STRING=\"\" -DPACKAGE_BUGREPORT=\"\" -DPACKAGE=\"libexnode\" -DVERSION=\"0.6.5\" -DSTDC_HEADERS=1 -DHAVE_SYS_TYPES_H=1 -DHAVE_SYS_STAT_H=1 -DHAVE_STDLIB_H=1 -DHAVE_STRING_H=1 -DHAVE_MEMORY_H=1 -DHAVE_STRINGS_H=1 -DHAVE_INTTYPES_H=1 -DHAVE_STDINT_H=1 -DHAVE_UNISTD_H=1 -DHAVE_DLFCN_H=1 -DHAVE_LIBXML2=1 -DSTDC_HEADERS=1 -DHAVE_STRDUP=1 -DHAVE_STRTOD=1 -DHAVE_STRTOUL=1 '
DEPDIR='.deps'
ECHO='/bin/echo'
ECHO_C='ECHO_N=''
ECHO_T=''
EGREP='grep -E'
EXEEXT=''
F77=''
FDRDIR='/sw/lors/'
FDRINC='-I$(FDRDIR)/include'
FDRLIB='-L$(FDRDIR)/lib'
FFLAGS=''
INSTALL_DATA='${INSTALL} -m 644'
INSTALL_PROGRAM='${INSTALL}'
INSTALL_SCRIPT='${INSTALL}'
INSTALL_STRIP_PROGRAM='${SHELL} $(install_sh) -c -s'
LDFLAGS=''
LIBOBJS=''
LIBS='-lxml2 '
LIBTOOL='$(SHELL) $(top_builddir)/libtool'
LN_S='ln -s'
LTLIBOBJS=''
MAKEINFO='${SHELL} /Users/brumgard/Documents/Work/LoCI/workspace/lors/libexnode/missing --run makeinfo'
OBJEXT='o'
PACKAGE='libexnode'
PACKAGE_BUGREPORT=''
PACKAGE_NAME=''
PACKAGE_STRING=''
PACKAGE_TARNAME=''
PACKAGE_VERSION=''
PATH_SEPARATOR=':'
RANLIB='ranlib'
SED='/usr/bin/sed'
SET_MAKE=''
SHELL='/bin/sh'
STRIP='strip'
VERSION='0.6.5'
XMLDIR='/usr'
XMLINC='-I$(XMLDIR)/include/libxml2'
XMLLIB='-L$(XMLDIR)/lib -lm -lz'
ac_ct_AR='ar'
ac_ct_CC='gcc'
ac_ct_CXX='g++'
ac_ct_F77=''
ac_ct_RANLIB='ranlib'
ac_ct_STRIP='strip'
am__fastdepCC_FALSE='#'
am__fastdepCC_TRUE=''
am__fastdepCXX_FALSE='#'
am__fastdepCXX_TRUE=''
am__include='include'
am__leading_dot='.'
am__quote=''
am__tar='${AMTAR} chof - "$$tardir"'
am__untar='${AMTAR} xf -'
bindir='${exec_prefix}/bin'
build='i686-apple-darwin13.0.3'
build_alias=''
build_cpu='i686'
build_os='darwin13.0.3'
build_vendor='apple'
datadir='${prefix}/share'
exec_prefix='${prefix}'
host='i686-apple-darwin13.0.3'
host_alias=''
host_cpu='i686'
host_os='darwin13.0.3'
host_vendor='apple'
includedir='${prefix}/include'
infodir='${prefix}/info'
install_sh='/Users/brumgard/Documents/Work/LoCI/workspace/lors/libexnode/install-sh'
libdir='${exec_prefix}/lib'
libexecdir='${exec_prefix}/libexec'
localstatedir='${prefix}/var'
mandir='${prefix}/man'
mkdir_p='$(mkinstalldirs)'
oldincludedir='/usr/include'
prefix='/sw/lors/'
program_transform_name='s,x,x,'
sbindir='${exec_prefix}/sbin'
sharedstatedir='${prefix}/com'
sysconfdir='${prefix}/etc'
target_alias=''

## ----------- ##
## confdefs.h. ##
## ----------- ##

#define HAVE_DLFCN_H 1
#define HAVE_INTTYPES_H 1
#define HAVE_LIBXML2 1
#define HAVE_MEMORY_H 1
#define HAVE_STDINT_H 1
#define HAVE_STDLIB_H 1
#define HAVE_STRDUP 1
#define HAVE_STRINGS_H 1
#define HAVE_STRING_H 1
#define HAVE_STRTOD 1
#define HAVE_STRTOUL 1
#define HAVE_SYS_STAT_H 1
#define HAVE_SYS_TYPES_H 1
#define HAVE_UNISTD_H 1
#define PACKAGE "libexnode"
#define PACKAGE_BUGREPORT ""
#define PACKAGE_NAME ""
#define PACKAGE_STRING ""
#define PACKAGE_TARNAME ""
#define PACKAGE_VERSION ""
#define STDC_HEADERS 1
#define STDC_HEADERS 1
#define VERSION "0.6.5"
#endif
#ifdef __cplusplus
extern "C" void exit (int) throw ();

configure: exit 0
