This file contains any messages produced by compilers while
running configure, to aid debugging if configure makes a mistake.

It was created by ibp configure 1.4.0.6, which was
generated by GNU Autoconf 2.61.  Invocation command line was

  $ ./configure --prefix=/sw/lors/ --enable-clientonly=yes

## --------- ##
## Platform. ##
## --------- ##

hostname = Matilda.local
uname -m = x86_64
uname -r = 13.0.3
uname -s = Darwin
uname -v = Darwin Kernel Version 13.0.3: Thu Oct 17 20:41:40 PDT 2013; root:xnu-2422.85.3~1/RELEASE_X86_64

/usr/bin/uname -p = i386
/bin/uname -X     = unknown

/bin/arch              = unknown
/usr/bin/arch -k       = unknown
/usr/convex/getsysinfo = unknown
/usr/bin/hostinfo      = Mach kernel version:
	 Darwin Kernel Version 13.0.3: Thu Oct 17 20:41:40 PDT 2013; root:xnu-2422.85.3~1/RELEASE_X86_64
Kernel configured for up to 16 processors.
8 processors are physically available.
16 processors are logically available.
Processor type: i486 (Intel 80486)
Processors active: 0 1 2 3 4 5 6 7 8 9 10 11 12 13 14 15
Primary memory available: 64.00 gigabytes
Default processor set: 236 tasks, 1294 threads, 16 processors
Load average: 3.52, Mach factor: 12.47
/bin/machine           = unknown
/usr/bin/oslevel       = unknown
/bin/universe          = unknown

PATH: /usr/local/bin
PATH: /sbin
PATH: /usr/sbin/
PATH: /usr/bin
PATH: /bin


## ----------- ##
## Core tests. ##
## ----------- ##

configure:2008: checking build system type
configure:2026: result: i386-apple-darwin13.0.3
configure:2048: checking host system type
configure:2063: result: i386-apple-darwin13.0.3
configure:2085: checking target system type
configure:2100: result: i386-apple-darwin13.0.3
configure:2152: checking for a BSD-compatible install
configure:2208: result: /usr/bin/install -c
configure:2219: checking whether build environment is sane
configure:2262: result: yes
configure:2290: checking for a thread-safe mkdir -p
configure:2329: result: ./install-sh -c -d
configure:2342: checking for gawk
configure:2372: result: no
configure:2342: checking for mawk
configure:2372: result: no
configure:2342: checking for nawk
configure:2372: result: no
configure:2342: checking for awk
configure:2358: found /usr/bin/awk
configure:2369: result: awk
configure:2380: checking whether make sets $(MAKE)
configure:2401: result: yes
configure:2642: checking for gcc
configure:2658: found /usr/bin/gcc
configure:2669: result: gcc
configure:2907: checking for C compiler version
configure:2914: gcc --version >&5
Configured with: --prefix=/Applications/Xcode.app/Contents/Developer/usr --with-gxx-include-dir=/usr/include/c++/4.2.1
Apple LLVM version 5.0 (clang-500.2.79) (based on LLVM 3.3svn)
Target: x86_64-apple-darwin13.0.3
Thread model: posix
configure:2917: $? = 0
configure:2924: gcc -v >&5
Configured with: --prefix=/Applications/Xcode.app/Contents/Developer/usr --with-gxx-include-dir=/usr/include/c++/4.2.1
Apple LLVM version 5.0 (clang-500.2.79) (based on LLVM 3.3svn)
Target: x86_64-apple-darwin13.0.3
Thread model: posix
configure:2927: $? = 0
configure:2934: gcc -V >&5
clang: error: argument to '-V' is missing (expected 1 value)
clang: error: no input files
configure:2937: $? = 1
configure:2960: checking for C compiler default output file name
configure:2987: gcc    conftest.c  >&5
configure:2990: $? = 0
configure:3028: result: a.out
configure:3045: checking whether the C compiler works
configure:3055: ./a.out
configure:3058: $? = 0
configure:3075: result: yes
configure:3082: checking whether we are cross compiling
configure:3084: result: no
configure:3087: checking for suffix of executables
configure:3094: gcc -o conftest    conftest.c  >&5
configure:3097: $? = 0
configure:3121: result: 
configure:3127: checking for suffix of object files
configure:3153: gcc -c   conftest.c >&5
configure:3156: $? = 0
configure:3179: result: o
configure:3183: checking whether we are using the GNU C compiler
configure:3212: gcc -c   conftest.c >&5
configure:3218: $? = 0
configure:3235: result: yes
configure:3240: checking whether gcc accepts -g
configure:3270: gcc -c -g  conftest.c >&5
configure:3276: $? = 0
configure:3375: result: yes
configure:3392: checking for gcc option to accept ISO C89
configure:3466: gcc  -c -g -O2  conftest.c >&5
configure:3472: $? = 0
configure:3495: result: none needed
configure:3524: checking for style of include used by make
configure:3552: result: GNU
configure:3577: checking dependency style of gcc
configure:3668: result: gcc3
configure:3689: checking how to run the C preprocessor
configure:3729: gcc -E  conftest.c
configure:3735: $? = 0
configure:3766: gcc -E  conftest.c
conftest.c:10:10: fatal error: 'ac_nonexistent.h' file not found
#include <ac_nonexistent.h>
         ^
1 error generated.
configure:3772: $? = 1
configure: failed program was:
| /* confdefs.h.  */
| #define PACKAGE_NAME "ibp"
| #define PACKAGE_TARNAME "ibp"
| #define PACKAGE_VERSION "1.4.0.6"
| #define PACKAGE_STRING "ibp 1.4.0.6"
| #define PACKAGE_BUGREPORT ""
| #define PACKAGE "ibp"
| #define VERSION "1.4.0.6"
| /* end confdefs.h.  */
| #include <ac_nonexistent.h>
configure:3805: result: gcc -E
configure:3834: gcc -E  conftest.c
configure:3840: $? = 0
configure:3871: gcc -E  conftest.c
conftest.c:10:10: fatal error: 'ac_nonexistent.h' file not found
#include <ac_nonexistent.h>
         ^
1 error generated.
configure:3877: $? = 1
configure: failed program was:
| /* confdefs.h.  */
| #define PACKAGE_NAME "ibp"
| #define PACKAGE_TARNAME "ibp"
| #define PACKAGE_VERSION "1.4.0.6"
| #define PACKAGE_STRING "ibp 1.4.0.6"
| #define PACKAGE_BUGREPORT ""
| #define PACKAGE "ibp"
| #define VERSION "1.4.0.6"
| /* end confdefs.h.  */
| #include <ac_nonexistent.h>
configure:3915: checking for grep that handles long lines and -e
configure:3989: result: /usr/bin/grep
configure:3994: checking for egrep
configure:4072: result: /usr/bin/grep -E
configure:4078: checking whether gcc needs -traditional
conftest.c:10:10: fatal error: 'termio.h' file not found
#include <termio.h>
         ^
1 error generated.
configure:4120: result: no
configure:4199: checking for a sed that does not truncate output
configure:4255: result: /usr/bin/sed
configure:4269: checking for ld used by gcc
configure:4336: result: /Applications/Xcode.app/Contents/Developer/Toolchains/XcodeDefault.xctoolchain/usr/bin/ld
configure:4345: checking if the linker (/Applications/Xcode.app/Contents/Developer/Toolchains/XcodeDefault.xctoolchain/usr/bin/ld) is GNU ld
configure:4360: result: no
configure:4365: checking for /Applications/Xcode.app/Contents/Developer/Toolchains/XcodeDefault.xctoolchain/usr/bin/ld option to reload object files
configure:4372: result: -r
configure:4390: checking for BSD-compatible nm
configure:4439: result: /usr/bin/nm
configure:4443: checking whether ln -s works
configure:4447: result: yes
configure:4454: checking how to recognize dependent libraries
configure:4640: result: pass_all
configure:4879: checking for ANSI C header files
configure:4909: gcc -c -g -O2  conftest.c >&5
configure:4915: $? = 0
configure:5014: gcc -o conftest -g -O2   conftest.c  >&5
configure:5017: $? = 0
configure:5023: ./conftest
configure:5026: $? = 0
configure:5043: result: yes
configure:5067: checking for sys/types.h
configure:5088: gcc -c -g -O2  conftest.c >&5
configure:5094: $? = 0
configure:5110: result: yes
configure:5067: checking for sys/stat.h
configure:5088: gcc -c -g -O2  conftest.c >&5
configure:5094: $? = 0
configure:5110: result: yes
configure:5067: checking for stdlib.h
configure:5088: gcc -c -g -O2  conftest.c >&5
configure:5094: $? = 0
configure:5110: result: yes
configure:5067: checking for string.h
configure:5088: gcc -c -g -O2  conftest.c >&5
configure:5094: $? = 0
configure:5110: result: yes
configure:5067: checking for memory.h
configure:5088: gcc -c -g -O2  conftest.c >&5
configure:5094: $? = 0
configure:5110: result: yes
configure:5067: checking for strings.h
configure:5088: gcc -c -g -O2  conftest.c >&5
configure:5094: $? = 0
configure:5110: result: yes
configure:5067: checking for inttypes.h
configure:5088: gcc -c -g -O2  conftest.c >&5
configure:5094: $? = 0
configure:5110: result: yes
configure:5067: checking for stdint.h
configure:5088: gcc -c -g -O2  conftest.c >&5
configure:5094: $? = 0
configure:5110: result: yes
configure:5067: checking for unistd.h
configure:5088: gcc -c -g -O2  conftest.c >&5
configure:5094: $? = 0
configure:5110: result: yes
configure:5137: checking dlfcn.h usability
configure:5154: gcc -c -g -O2  conftest.c >&5
configure:5160: $? = 0
configure:5174: result: yes
configure:5178: checking dlfcn.h presence
configure:5193: gcc -E  conftest.c
configure:5199: $? = 0
configure:5213: result: yes
configure:5241: checking for dlfcn.h
configure:5249: result: yes
configure:5320: checking for g++
configure:5336: found /usr/bin/g++
configure:5347: result: g++
configure:5378: checking for C++ compiler version
configure:5385: g++ --version >&5
Configured with: --prefix=/Applications/Xcode.app/Contents/Developer/usr --with-gxx-include-dir=/usr/include/c++/4.2.1
Apple LLVM version 5.0 (clang-500.2.79) (based on LLVM 3.3svn)
Target: x86_64-apple-darwin13.0.3
Thread model: posix
configure:5388: $? = 0
configure:5395: g++ -v >&5
Configured with: --prefix=/Applications/Xcode.app/Contents/Developer/usr --with-gxx-include-dir=/usr/include/c++/4.2.1
Apple LLVM version 5.0 (clang-500.2.79) (based on LLVM 3.3svn)
Target: x86_64-apple-darwin13.0.3
Thread model: posix
configure:5398: $? = 0
configure:5405: g++ -V >&5
clang: error: argument to '-V' is missing (expected 1 value)
clang: error: no input files
configure:5408: $? = 1
configure:5411: checking whether we are using the GNU C++ compiler
configure:5440: g++ -c   conftest.cpp >&5
configure:5446: $? = 0
configure:5463: result: yes
configure:5468: checking whether g++ accepts -g
configure:5498: g++ -c -g  conftest.cpp >&5
configure:5504: $? = 0
configure:5603: result: yes
configure:5628: checking dependency style of g++
configure:5719: result: gcc3
configure:5744: checking how to run the C++ preprocessor
configure:5780: g++ -E  conftest.cpp
configure:5786: $? = 0
configure:5817: g++ -E  conftest.cpp
conftest.cpp:21:10: fatal error: 'ac_nonexistent.h' file not found
#include <ac_nonexistent.h>
         ^
1 error generated.
configure:5823: $? = 1
configure: failed program was:
| /* confdefs.h.  */
| #define PACKAGE_NAME "ibp"
| #define PACKAGE_TARNAME "ibp"
| #define PACKAGE_VERSION "1.4.0.6"
| #define PACKAGE_STRING "ibp 1.4.0.6"
| #define PACKAGE_BUGREPORT ""
| #define PACKAGE "ibp"
| #define VERSION "1.4.0.6"
| #define STDC_HEADERS 1
| #define HAVE_SYS_TYPES_H 1
| #define HAVE_SYS_STAT_H 1
| #define HAVE_STDLIB_H 1
| #define HAVE_STRING_H 1
| #define HAVE_MEMORY_H 1
| #define HAVE_STRINGS_H 1
| #define HAVE_INTTYPES_H 1
| #define HAVE_STDINT_H 1
| #define HAVE_UNISTD_H 1
| #define HAVE_DLFCN_H 1
| /* end confdefs.h.  */
| #include <ac_nonexistent.h>
configure:5856: result: g++ -E
configure:5885: g++ -E  conftest.cpp
configure:5891: $? = 0
configure:5922: g++ -E  conftest.cpp
conftest.cpp:21:10: fatal error: 'ac_nonexistent.h' file not found
#include <ac_nonexistent.h>
         ^
1 error generated.
configure:5928: $? = 1
configure: failed program was:
| /* confdefs.h.  */
| #define PACKAGE_NAME "ibp"
| #define PACKAGE_TARNAME "ibp"
| #define PACKAGE_VERSION "1.4.0.6"
| #define PACKAGE_STRING "ibp 1.4.0.6"
| #define PACKAGE_BUGREPORT ""
| #define PACKAGE "ibp"
| #define VERSION "1.4.0.6"
| #define STDC_HEADERS 1
| #define HAVE_SYS_TYPES_H 1
| #define HAVE_SYS_STAT_H 1
| #define HAVE_STDLIB_H 1
| #define HAVE_STRING_H 1
| #define HAVE_MEMORY_H 1
| #define HAVE_STRINGS_H 1
| #define HAVE_INTTYPES_H 1
| #define HAVE_STDINT_H 1
| #define HAVE_UNISTD_H 1
| #define HAVE_DLFCN_H 1
| /* end confdefs.h.  */
| #include <ac_nonexistent.h>
configure:6021: checking for g77
configure:6051: result: no
configure:6021: checking for xlf
configure:6051: result: no
configure:6021: checking for f77
configure:6051: result: no
configure:6021: checking for frt
configure:6051: result: no
configure:6021: checking for pgf77
configure:6051: result: no
configure:6021: checking for cf77
configure:6051: result: no
configure:6021: checking for fort77
configure:6051: result: no
configure:6021: checking for fl32
configure:6051: result: no
configure:6021: checking for af77
configure:6051: result: no
configure:6021: checking for xlf90
configure:6051: result: no
configure:6021: checking for f90
configure:6051: result: no
configure:6021: checking for pgf90
configure:6051: result: no
configure:6021: checking for pghpf
configure:6051: result: no
configure:6021: checking for epcf90
configure:6051: result: no
configure:6021: checking for gfortran
configure:6051: result: no
configure:6021: checking for g95
configure:6051: result: no
configure:6021: checking for xlf95
configure:6051: result: no
configure:6021: checking for f95
configure:6051: result: no
configure:6021: checking for fort
configure:6051: result: no
configure:6021: checking for ifort
configure:6051: result: no
configure:6021: checking for ifc
configure:6051: result: no
configure:6021: checking for efc
configure:6051: result: no
configure:6021: checking for pgf95
configure:6051: result: no
configure:6021: checking for lf95
configure:6051: result: no
configure:6021: checking for ftn
configure:6051: result: no
configure:6078: checking for Fortran 77 compiler version
configure:6085:  --version >&5
./configure: line 6086: --version: command not found
configure:6088: $? = 127
configure:6095:  -v >&5
./configure: line 6096: -v: command not found
configure:6098: $? = 127
configure:6105:  -V >&5
./configure: line 6106: -V: command not found
configure:6108: $? = 127
configure:6116: checking whether we are using the GNU Fortran 77 compiler
configure:6135:  -c  conftest.F >&5
./configure: line 6136: -c: command not found
configure:6141: $? = 127
configure: failed program was:
|       program main
| #ifndef __GNUC__
|        choke me
| #endif
| 
|       end
configure:6158: result: no
configure:6164: checking whether  accepts -g
configure:6181:  -c -g conftest.f >&5
./configure: line 6182: -c: command not found
configure:6187: $? = 127
configure: failed program was:
|       program main
| 
|       end
configure:6203: result: no
configure:6232: checking the maximum length of command line arguments
configure:6344: result: 196608
configure:6356: checking command to parse /usr/bin/nm output from gcc object
configure:6461: gcc -c -g -O2  conftest.c >&5
configure:6464: $? = 0
configure:6468: /usr/bin/nm conftest.o \| sed -n -e 's/^.*[ 	]\([BCDEGRST][BCDEGRST]*\)[ 	][ 	]*\([_A-Za-z][_A-Za-z0-9]*\)$/\1 \2 \2/p' \> conftest.nm
configure:6471: $? = 0
cannot find nm_test_var in conftest.nm
configure:6461: gcc -c -g -O2  conftest.c >&5
configure:6464: $? = 0
configure:6468: /usr/bin/nm conftest.o \| sed -n -e 's/^.*[ 	]\([BCDEGRST][BCDEGRST]*\)[ 	][ 	]*_\([_A-Za-z][_A-Za-z0-9]*\)$/\1 _\2 \2/p' \> conftest.nm
configure:6471: $? = 0
configure:6523: gcc -o conftest -g -O2   conftest.c conftstm.o >&5
configure:6526: $? = 0
configure:6564: result: ok
configure:6568: checking for objdir
configure:6583: result: .libs
configure:6675: checking for ar
configure:6691: found /usr/bin/ar
configure:6702: result: ar
configure:6771: checking for ranlib
configure:6787: found /usr/bin/ranlib
configure:6798: result: ranlib
configure:6867: checking for strip
configure:6883: found /usr/bin/strip
configure:6894: result: strip
configure:7151: checking for dsymutil
configure:7167: found /usr/bin/dsymutil
configure:7178: result: dsymutil
configure:7247: checking for nmedit
configure:7263: found /usr/bin/nmedit
configure:7274: result: nmedit
configure:7301: checking for -single_module linker flag
configure:7322: result: yes
configure:7324: checking for -exported_symbols_list linker flag
configure:7354: gcc -o conftest -g -O2   -Wl,-exported_symbols_list,conftest.sym conftest.c  >&5
configure:7360: $? = 0
configure:7379: result: yes
configure:7492: checking if gcc supports -fno-rtti -fno-exceptions
configure:7510: gcc -c -g -O2  -fno-rtti -fno-exceptions conftest.c >&5
configure:7514: $? = 0
configure:7527: result: yes
configure:7542: checking for gcc option to produce PIC
configure:7774: result: -fno-common
configure:7782: checking if gcc PIC flag -fno-common works
configure:7800: gcc -c -g -O2  -fno-common -DPIC conftest.c >&5
configure:7804: $? = 0
configure:7817: result: yes
configure:7845: checking if gcc static flag -static works
configure:7873: result: no
configure:7883: checking if gcc supports -c -o file.o
configure:7904: gcc -c -g -O2  -o out/conftest2.o conftest.c >&5
configure:7908: $? = 0
configure:7930: result: yes
configure:7956: checking whether the gcc linker (/Applications/Xcode.app/Contents/Developer/Toolchains/XcodeDefault.xctoolchain/usr/bin/ld) supports shared libraries
configure:8937: result: yes
configure:9004: checking dynamic linker characteristics
configure:9618: result: darwin13.0.3 dyld
configure:9642: checking how to hardcode library paths into programs
configure:9667: result: immediate
configure:9681: checking whether stripping libraries is possible
configure:9695: result: yes
configure:10488: checking if libtool supports shared libraries
configure:10490: result: yes
configure:10493: checking whether to build shared libraries
configure:10514: result: yes
configure:10517: checking whether to build static libraries
configure:10521: result: yes
configure:10615: creating libtool
configure:11208: checking for ld used by g++
configure:11275: result: /Applications/Xcode.app/Contents/Developer/Toolchains/XcodeDefault.xctoolchain/usr/bin/ld
configure:11284: checking if the linker (/Applications/Xcode.app/Contents/Developer/Toolchains/XcodeDefault.xctoolchain/usr/bin/ld) is GNU ld
configure:11299: result: no
configure:11350: checking whether the g++ linker (/Applications/Xcode.app/Contents/Developer/Toolchains/XcodeDefault.xctoolchain/usr/bin/ld) supports shared libraries
configure:12296: result: yes
configure:12313: g++ -c -g -O2  conftest.cpp >&5
configure:12316: $? = 0
configure:12472: checking for g++ option to produce PIC
configure:12756: result: -fno-common
configure:12764: checking if g++ PIC flag -fno-common works
configure:12782: g++ -c -g -O2  -fno-common -DPIC conftest.cpp >&5
configure:12786: $? = 0
configure:12799: result: yes
configure:12827: checking if g++ static flag -static works
configure:12855: result: no
configure:12865: checking if g++ supports -c -o file.o
configure:12886: g++ -c -g -O2  -o out/conftest2.o conftest.cpp >&5
configure:12890: $? = 0
configure:12912: result: yes
configure:12938: checking whether the g++ linker (/Applications/Xcode.app/Contents/Developer/Toolchains/XcodeDefault.xctoolchain/usr/bin/ld) supports shared libraries
configure:12967: result: yes
configure:13034: checking dynamic linker characteristics
configure:13596: result: darwin13.0.3 dyld
configure:13620: checking how to hardcode library paths into programs
configure:13645: result: immediate
configure:19905: checking for a BSD-compatible install
configure:19961: result: /usr/bin/install -c
configure:19973: checking for AIX
configure:19995: result: no
configure:20003: checking for working alloca.h
configure:20030: gcc -o conftest -g -O2   conftest.c  >&5
configure:20036: $? = 0
configure:20053: result: yes
configure:20063: checking for alloca
configure:20110: gcc -o conftest -g -O2   conftest.c  >&5
configure:20116: $? = 0
configure:20133: result: yes
configure:20360: checking whether make sets $(MAKE)
configure:20381: result: yes
configure:20390: checking whether ln -s works
configure:20394: result: yes
configure:20404: checking for ping
configure:20423: found /sbin/ping
configure:20436: result: /sbin/ping
configure:20464: checking for pthread_create in -lpthread
configure:20499: gcc -o conftest -g -O2   conftest.c -lpthread   >&5
configure:20505: $? = 0
configure:20523: result: yes
configure:20607: checking for pthread_create in -lc_r
configure:20642: gcc -o conftest -g -O2   conftest.c -lc_r  -lpthread  >&5
ld: library not found for -lc_r
clang: error: linker command failed with exit code 1 (use -v to see invocation)
configure:20648: $? = 1
configure: failed program was:
| /* confdefs.h.  */
| #define PACKAGE_NAME "ibp"
| #define PACKAGE_TARNAME "ibp"
| #define PACKAGE_VERSION "1.4.0.6"
| #define PACKAGE_STRING "ibp 1.4.0.6"
| #define PACKAGE_BUGREPORT ""
| #define PACKAGE "ibp"
| #define VERSION "1.4.0.6"
| #define STDC_HEADERS 1
| #define HAVE_SYS_TYPES_H 1
| #define HAVE_SYS_STAT_H 1
| #define HAVE_STDLIB_H 1
| #define HAVE_STRING_H 1
| #define HAVE_MEMORY_H 1
| #define HAVE_STRINGS_H 1
| #define HAVE_INTTYPES_H 1
| #define HAVE_STDINT_H 1
| #define HAVE_UNISTD_H 1
| #define HAVE_DLFCN_H 1
| #define HAVE_ALLOCA_H 1
| #define HAVE_ALLOCA 1
| #define HAVE_LIBPTHREAD 1
| /* end confdefs.h.  */
| 
| /* Override any GCC internal prototype to avoid an error.
|    Use char because int might match the return type of a GCC
|    builtin and then its argument prototype would still apply.  */
| #ifdef __cplusplus
| extern "C"
| #endif
| char pthread_create ();
| int
| main ()
| {
| return pthread_create ();
|   ;
|   return 0;
| }
configure:20666: result: no
configure:20678: checking for connect in -lsocket
configure:20713: gcc -o conftest -g -O2   conftest.c -lsocket  -lpthread  >&5
ld: library not found for -lsocket
clang: error: linker command failed with exit code 1 (use -v to see invocation)
configure:20719: $? = 1
configure: failed program was:
| /* confdefs.h.  */
| #define PACKAGE_NAME "ibp"
| #define PACKAGE_TARNAME "ibp"
| #define PACKAGE_VERSION "1.4.0.6"
| #define PACKAGE_STRING "ibp 1.4.0.6"
| #define PACKAGE_BUGREPORT ""
| #define PACKAGE "ibp"
| #define VERSION "1.4.0.6"
| #define STDC_HEADERS 1
| #define HAVE_SYS_TYPES_H 1
| #define HAVE_SYS_STAT_H 1
| #define HAVE_STDLIB_H 1
| #define HAVE_STRING_H 1
| #define HAVE_MEMORY_H 1
| #define HAVE_STRINGS_H 1
| #define HAVE_INTTYPES_H 1
| #define HAVE_STDINT_H 1
| #define HAVE_UNISTD_H 1
| #define HAVE_DLFCN_H 1
| #define HAVE_ALLOCA_H 1
| #define HAVE_ALLOCA 1
| #define HAVE_LIBPTHREAD 1
| /* end confdefs.h.  */
| 
| /* Override any GCC internal prototype to avoid an error.
|    Use char because int might match the return type of a GCC
|    builtin and then its argument prototype would still apply.  */
| #ifdef __cplusplus
| extern "C"
| #endif
| char connect ();
| int
| main ()
| {
| return connect ();
|   ;
|   return 0;
| }
configure:20737: result: no
configure:20749: checking for c in -lgetpagesize
configure:20784: gcc -o conftest -g -O2   conftest.c -lgetpagesize  -lpthread  >&5
ld: library not found for -lgetpagesize
clang: error: linker command failed with exit code 1 (use -v to see invocation)
configure:20790: $? = 1
configure: failed program was:
| /* confdefs.h.  */
| #define PACKAGE_NAME "ibp"
| #define PACKAGE_TARNAME "ibp"
| #define PACKAGE_VERSION "1.4.0.6"
| #define PACKAGE_STRING "ibp 1.4.0.6"
| #define PACKAGE_BUGREPORT ""
| #define PACKAGE "ibp"
| #define VERSION "1.4.0.6"
| #define STDC_HEADERS 1
| #define HAVE_SYS_TYPES_H 1
| #define HAVE_SYS_STAT_H 1
| #define HAVE_STDLIB_H 1
| #define HAVE_STRING_H 1
| #define HAVE_MEMORY_H 1
| #define HAVE_STRINGS_H 1
| #define HAVE_INTTYPES_H 1
| #define HAVE_STDINT_H 1
| #define HAVE_UNISTD_H 1
| #define HAVE_DLFCN_H 1
| #define HAVE_ALLOCA_H 1
| #define HAVE_ALLOCA 1
| #define HAVE_LIBPTHREAD 1
| /* end confdefs.h.  */
| 
| /* Override any GCC internal prototype to avoid an error.
|    Use char because int might match the return type of a GCC
|    builtin and then its argument prototype would still apply.  */
| #ifdef __cplusplus
| extern "C"
| #endif
| char c ();
| int
| main ()
| {
| return c ();
|   ;
|   return 0;
| }
configure:20808: result: no
configure:20820: checking for getaddrinfo in -lnsl
configure:20855: gcc -o conftest -g -O2   conftest.c -lnsl  -lpthread  >&5
ld: library not found for -lnsl
clang: error: linker command failed with exit code 1 (use -v to see invocation)
configure:20861: $? = 1
configure: failed program was:
| /* confdefs.h.  */
| #define PACKAGE_NAME "ibp"
| #define PACKAGE_TARNAME "ibp"
| #define PACKAGE_VERSION "1.4.0.6"
| #define PACKAGE_STRING "ibp 1.4.0.6"
| #define PACKAGE_BUGREPORT ""
| #define PACKAGE "ibp"
| #define VERSION "1.4.0.6"
| #define STDC_HEADERS 1
| #define HAVE_SYS_TYPES_H 1
| #define HAVE_SYS_STAT_H 1
| #define HAVE_STDLIB_H 1
| #define HAVE_STRING_H 1
| #define HAVE_MEMORY_H 1
| #define HAVE_STRINGS_H 1
| #define HAVE_INTTYPES_H 1
| #define HAVE_STDINT_H 1
| #define HAVE_UNISTD_H 1
| #define HAVE_DLFCN_H 1
| #define HAVE_ALLOCA_H 1
| #define HAVE_ALLOCA 1
| #define HAVE_LIBPTHREAD 1
| /* end confdefs.h.  */
| 
| /* Override any GCC internal prototype to avoid an error.
|    Use char because int might match the return type of a GCC
|    builtin and then its argument prototype would still apply.  */
| #ifdef __cplusplus
| extern "C"
| #endif
| char getaddrinfo ();
| int
| main ()
| {
| return getaddrinfo ();
|   ;
|   return 0;
| }
configure:20879: result: no
configure:20891: checking for gethostbyname in -lnsl
configure:20926: gcc -o conftest -g -O2   conftest.c -lnsl  -lpthread  >&5
ld: library not found for -lnsl
clang: error: linker command failed with exit code 1 (use -v to see invocation)
configure:20932: $? = 1
configure: failed program was:
| /* confdefs.h.  */
| #define PACKAGE_NAME "ibp"
| #define PACKAGE_TARNAME "ibp"
| #define PACKAGE_VERSION "1.4.0.6"
| #define PACKAGE_STRING "ibp 1.4.0.6"
| #define PACKAGE_BUGREPORT ""
| #define PACKAGE "ibp"
| #define VERSION "1.4.0.6"
| #define STDC_HEADERS 1
| #define HAVE_SYS_TYPES_H 1
| #define HAVE_SYS_STAT_H 1
| #define HAVE_STDLIB_H 1
| #define HAVE_STRING_H 1
| #define HAVE_MEMORY_H 1
| #define HAVE_STRINGS_H 1
| #define HAVE_INTTYPES_H 1
| #define HAVE_STDINT_H 1
| #define HAVE_UNISTD_H 1
| #define HAVE_DLFCN_H 1
| #define HAVE_ALLOCA_H 1
| #define HAVE_ALLOCA 1
| #define HAVE_LIBPTHREAD 1
| /* end confdefs.h.  */
| 
| /* Override any GCC internal prototype to avoid an error.
|    Use char because int might match the return type of a GCC
|    builtin and then its argument prototype would still apply.  */
| #ifdef __cplusplus
| extern "C"
| #endif
| char gethostbyname ();
| int
| main ()
| {
| return gethostbyname ();
|   ;
|   return 0;
| }
configure:20950: result: no
configure:20962: checking for pow in -lm
configure:20997: gcc -o conftest -g -O2   conftest.c -lm  -lpthread  >&5
conftest.c:31:6: warning: incompatible redeclaration of library function 'pow' [-Wincompatible-library-redeclaration]
char pow ();
     ^
conftest.c:31:6: note: 'pow' is a builtin with type 'double (double, double)'
1 warning generated.
configure:21003: $? = 0
configure:21021: result: yes
configure:21033: checking for dlopen in -ldl
configure:21068: gcc -o conftest -g -O2   conftest.c -ldl  -lm -lpthread  >&5
configure:21074: $? = 0
configure:21092: result: yes
configure:21257: checking for dirent.h that defines DIR
configure:21286: gcc -c -g -O2  conftest.c >&5
configure:21292: $? = 0
configure:21308: result: yes
configure:21321: checking for library containing opendir
configure:21362: gcc -o conftest -g -O2   conftest.c -ldl -lm -lpthread  >&5
configure:21368: $? = 0
configure:21396: result: none required
configure:21490: checking for ANSI C header files
configure:21654: result: yes
configure:21664: checking for sys/wait.h that is POSIX.1 compatible
configure:21700: gcc -c -g -O2  conftest.c >&5
configure:21706: $? = 0
configure:21721: result: yes
configure:21753: checking fcntl.h usability
configure:21770: gcc -c -g -O2  conftest.c >&5
configure:21776: $? = 0
configure:21790: result: yes
configure:21794: checking fcntl.h presence
configure:21809: gcc -E  conftest.c
configure:21815: $? = 0
configure:21829: result: yes
configure:21857: checking for fcntl.h
configure:21865: result: yes
configure:21753: checking limits.h usability
configure:21770: gcc -c -g -O2  conftest.c >&5
configure:21776: $? = 0
configure:21790: result: yes
configure:21794: checking limits.h presence
configure:21809: gcc -E  conftest.c
configure:21815: $? = 0
configure:21829: result: yes
configure:21857: checking for limits.h
configure:21865: result: yes
configure:21753: checking malloc.h usability
configure:21770: gcc -c -g -O2  conftest.c >&5
conftest.c:64:10: fatal error: 'malloc.h' file not found
#include <malloc.h>
         ^
1 error generated.
configure:21776: $? = 1
configure: failed program was:
| /* confdefs.h.  */
| #define PACKAGE_NAME "ibp"
| #define PACKAGE_TARNAME "ibp"
| #define PACKAGE_VERSION "1.4.0.6"
| #define PACKAGE_STRING "ibp 1.4.0.6"
| #define PACKAGE_BUGREPORT ""
| #define PACKAGE "ibp"
| #define VERSION "1.4.0.6"
| #define STDC_HEADERS 1
| #define HAVE_SYS_TYPES_H 1
| #define HAVE_SYS_STAT_H 1
| #define HAVE_STDLIB_H 1
| #define HAVE_STRING_H 1
| #define HAVE_MEMORY_H 1
| #define HAVE_STRINGS_H 1
| #define HAVE_INTTYPES_H 1
| #define HAVE_STDINT_H 1
| #define HAVE_UNISTD_H 1
| #define HAVE_DLFCN_H 1
| #define HAVE_ALLOCA_H 1
| #define HAVE_ALLOCA 1
| #define HAVE_LIBPTHREAD 1
| #define HAVE_LIBM 1
| #define HAVE_LIBDL 1
| #define HAVE_DIRENT_H 1
| #define STDC_HEADERS 1
| #define HAVE_SYS_WAIT_H 1
| #define HAVE_FCNTL_H 1
| #define HAVE_LIMITS_H 1
| /* end confdefs.h.  */
| #include <stdio.h>
| #ifdef HAVE_SYS_TYPES_H
| # include <sys/types.h>
| #endif
| #ifdef HAVE_SYS_STAT_H
| # include <sys/stat.h>
| #endif
| #ifdef STDC_HEADERS
| # include <stdlib.h>
| # include <stddef.h>
| #else
| # ifdef HAVE_STDLIB_H
| #  include <stdlib.h>
| # endif
| #endif
| #ifdef HAVE_STRING_H
| # if !defined STDC_HEADERS && defined HAVE_MEMORY_H
| #  include <memory.h>
| # endif
| # include <string.h>
| #endif
| #ifdef HAVE_STRINGS_H
| # include <strings.h>
| #endif
| #ifdef HAVE_INTTYPES_H
| # include <inttypes.h>
| #endif
| #ifdef HAVE_STDINT_H
| # include <stdint.h>
| #endif
| #ifdef HAVE_UNISTD_H
| # include <unistd.h>
| #endif
| #include <malloc.h>
configure:21790: result: no
configure:21794: checking malloc.h presence
configure:21809: gcc -E  conftest.c
conftest.c:31:10: fatal error: 'malloc.h' file not found
#include <malloc.h>
         ^
1 error generated.
configure:21815: $? = 1
configure: failed program was:
| /* confdefs.h.  */
| #define PACKAGE_NAME "ibp"
| #define PACKAGE_TARNAME "ibp"
| #define PACKAGE_VERSION "1.4.0.6"
| #define PACKAGE_STRING "ibp 1.4.0.6"
| #define PACKAGE_BUGREPORT ""
| #define PACKAGE "ibp"
| #define VERSION "1.4.0.6"
| #define STDC_HEADERS 1
| #define HAVE_SYS_TYPES_H 1
| #define HAVE_SYS_STAT_H 1
| #define HAVE_STDLIB_H 1
| #define HAVE_STRING_H 1
| #define HAVE_MEMORY_H 1
| #define HAVE_STRINGS_H 1
| #define HAVE_INTTYPES_H 1
| #define HAVE_STDINT_H 1
| #define HAVE_UNISTD_H 1
| #define HAVE_DLFCN_H 1
| #define HAVE_ALLOCA_H 1
| #define HAVE_ALLOCA 1
| #define HAVE_LIBPTHREAD 1
| #define HAVE_LIBM 1
| #define HAVE_LIBDL 1
| #define HAVE_DIRENT_H 1
| #define STDC_HEADERS 1
| #define HAVE_SYS_WAIT_H 1
| #define HAVE_FCNTL_H 1
| #define HAVE_LIMITS_H 1
| /* end confdefs.h.  */
| #include <malloc.h>
configure:21829: result: no
configure:21857: checking for malloc.h
configure:21865: result: no
configure:21743: checking for strings.h
configure:21749: result: yes
configure:21753: checking sys/file.h usability
configure:21770: gcc -c -g -O2  conftest.c >&5
configure:21776: $? = 0
configure:21790: result: yes
configure:21794: checking sys/file.h presence
configure:21809: gcc -E  conftest.c
configure:21815: $? = 0
configure:21829: result: yes
configure:21857: checking for sys/file.h
configure:21865: result: yes
configure:21753: checking sys/time.h usability
configure:21770: gcc -c -g -O2  conftest.c >&5
configure:21776: $? = 0
configure:21790: result: yes
configure:21794: checking sys/time.h presence
configure:21809: gcc -E  conftest.c
configure:21815: $? = 0
configure:21829: result: yes
configure:21857: checking for sys/time.h
configure:21865: result: yes
configure:21743: checking for unistd.h
configure:21749: result: yes
configure:21753: checking ctype.h usability
configure:21770: gcc -c -g -O2  conftest.c >&5
configure:21776: $? = 0
configure:21790: result: yes
configure:21794: checking ctype.h presence
configure:21809: gcc -E  conftest.c
configure:21815: $? = 0
configure:21829: result: yes
configure:21857: checking for ctype.h
configure:21865: result: yes
configure:21897: checking sys/utsname.h usability
configure:21914: gcc -c -g -O2  conftest.c >&5
configure:21920: $? = 0
configure:21934: result: yes
configure:21938: checking sys/utsname.h presence
configure:21953: gcc -E  conftest.c
configure:21959: $? = 0
configure:21973: result: yes
configure:22001: checking for sys/utsname.h
configure:22009: result: yes
configure:21887: checking for sys/wait.h
configure:21893: result: yes
configure:21887: checking for sys/stat.h
configure:21893: result: yes
configure:21897: checking sys/select usability
configure:21914: gcc -c -g -O2  conftest.c >&5
conftest.c:72:10: fatal error: 'sys/select' file not found
#include <sys/select>
         ^
1 error generated.
configure:21920: $? = 1
configure: failed program was:
| /* confdefs.h.  */
| #define PACKAGE_NAME "ibp"
| #define PACKAGE_TARNAME "ibp"
| #define PACKAGE_VERSION "1.4.0.6"
| #define PACKAGE_STRING "ibp 1.4.0.6"
| #define PACKAGE_BUGREPORT ""
| #define PACKAGE "ibp"
| #define VERSION "1.4.0.6"
| #define STDC_HEADERS 1
| #define HAVE_SYS_TYPES_H 1
| #define HAVE_SYS_STAT_H 1
| #define HAVE_STDLIB_H 1
| #define HAVE_STRING_H 1
| #define HAVE_MEMORY_H 1
| #define HAVE_STRINGS_H 1
| #define HAVE_INTTYPES_H 1
| #define HAVE_STDINT_H 1
| #define HAVE_UNISTD_H 1
| #define HAVE_DLFCN_H 1
| #define HAVE_ALLOCA_H 1
| #define HAVE_ALLOCA 1
| #define HAVE_LIBPTHREAD 1
| #define HAVE_LIBM 1
| #define HAVE_LIBDL 1
| #define HAVE_DIRENT_H 1
| #define STDC_HEADERS 1
| #define HAVE_SYS_WAIT_H 1
| #define HAVE_FCNTL_H 1
| #define HAVE_LIMITS_H 1
| #define HAVE_STRINGS_H 1
| #define HAVE_SYS_FILE_H 1
| #define HAVE_SYS_TIME_H 1
| #define HAVE_UNISTD_H 1
| #define HAVE_CTYPE_H 1
| #define HAVE_SYS_UTSNAME_H 1
| #define HAVE_SYS_WAIT_H 1
| #define HAVE_SYS_STAT_H 1
| /* end confdefs.h.  */
| #include <stdio.h>
| #ifdef HAVE_SYS_TYPES_H
| # include <sys/types.h>
| #endif
| #ifdef HAVE_SYS_STAT_H
| # include <sys/stat.h>
| #endif
| #ifdef STDC_HEADERS
| # include <stdlib.h>
| # include <stddef.h>
| #else
| # ifdef HAVE_STDLIB_H
| #  include <stdlib.h>
| # endif
| #endif
| #ifdef HAVE_STRING_H
| # if !defined STDC_HEADERS && defined HAVE_MEMORY_H
| #  include <memory.h>
| # endif
| # include <string.h>
| #endif
| #ifdef HAVE_STRINGS_H
| # include <strings.h>
| #endif
| #ifdef HAVE_INTTYPES_H
| # include <inttypes.h>
| #endif
| #ifdef HAVE_STDINT_H
| # include <stdint.h>
| #endif
| #ifdef HAVE_UNISTD_H
| # include <unistd.h>
| #endif
| #include <sys/select>
configure:21934: result: no
configure:21938: checking sys/select presence
configure:21953: gcc -E  conftest.c
conftest.c:39:10: fatal error: 'sys/select' file not found
#include <sys/select>
         ^
1 error generated.
configure:21959: $? = 1
configure: failed program was:
| /* confdefs.h.  */
| #define PACKAGE_NAME "ibp"
| #define PACKAGE_TARNAME "ibp"
| #define PACKAGE_VERSION "1.4.0.6"
| #define PACKAGE_STRING "ibp 1.4.0.6"
| #define PACKAGE_BUGREPORT ""
| #define PACKAGE "ibp"
| #define VERSION "1.4.0.6"
| #define STDC_HEADERS 1
| #define HAVE_SYS_TYPES_H 1
| #define HAVE_SYS_STAT_H 1
| #define HAVE_STDLIB_H 1
| #define HAVE_STRING_H 1
| #define HAVE_MEMORY_H 1
| #define HAVE_STRINGS_H 1
| #define HAVE_INTTYPES_H 1
| #define HAVE_STDINT_H 1
| #define HAVE_UNISTD_H 1
| #define HAVE_DLFCN_H 1
| #define HAVE_ALLOCA_H 1
| #define HAVE_ALLOCA 1
| #define HAVE_LIBPTHREAD 1
| #define HAVE_LIBM 1
| #define HAVE_LIBDL 1
| #define HAVE_DIRENT_H 1
| #define STDC_HEADERS 1
| #define HAVE_SYS_WAIT_H 1
| #define HAVE_FCNTL_H 1
| #define HAVE_LIMITS_H 1
| #define HAVE_STRINGS_H 1
| #define HAVE_SYS_FILE_H 1
| #define HAVE_SYS_TIME_H 1
| #define HAVE_UNISTD_H 1
| #define HAVE_CTYPE_H 1
| #define HAVE_SYS_UTSNAME_H 1
| #define HAVE_SYS_WAIT_H 1
| #define HAVE_SYS_STAT_H 1
| /* end confdefs.h.  */
| #include <sys/select>
configure:21973: result: no
configure:22001: checking for sys/select
configure:22009: result: no
configure:21897: checking sys/un.h usability
configure:21914: gcc -c -g -O2  conftest.c >&5
configure:21920: $? = 0
configure:21934: result: yes
configure:21938: checking sys/un.h presence
configure:21953: gcc -E  conftest.c
configure:21959: $? = 0
configure:21973: result: yes
configure:22001: checking for sys/un.h
configure:22009: result: yes
configure:22037: checking pthread.h usability
configure:22054: gcc -c -g -O2  conftest.c >&5
configure:22060: $? = 0
configure:22074: result: yes
configure:22078: checking pthread.h presence
configure:22093: gcc -E  conftest.c
configure:22099: $? = 0
configure:22113: result: yes
configure:22141: checking for pthread.h
configure:22149: result: yes
configure:22191: checking sys/mman.h usability
configure:22208: gcc -c -g -O2  conftest.c >&5
configure:22214: $? = 0
configure:22228: result: yes
configure:22232: checking sys/mman.h presence
configure:22247: gcc -E  conftest.c
configure:22253: $? = 0
configure:22267: result: yes
configure:22295: checking for sys/mman.h
configure:22303: result: yes
configure:22191: checking arpa/inet.h usability
configure:22208: gcc -c -g -O2  conftest.c >&5
configure:22214: $? = 0
configure:22228: result: yes
configure:22232: checking arpa/inet.h presence
configure:22247: gcc -E  conftest.c
configure:22253: $? = 0
configure:22267: result: yes
configure:22295: checking for arpa/inet.h
configure:22303: result: yes
configure:22191: checking sys/socket.h usability
configure:22208: gcc -c -g -O2  conftest.c >&5
configure:22214: $? = 0
configure:22228: result: yes
configure:22232: checking sys/socket.h presence
configure:22247: gcc -E  conftest.c
configure:22253: $? = 0
configure:22267: result: yes
configure:22295: checking for sys/socket.h
configure:22303: result: yes
configure:22191: checking netinet/in.h usability
configure:22208: gcc -c -g -O2  conftest.c >&5
configure:22214: $? = 0
configure:22228: result: yes
configure:22232: checking netinet/in.h presence
configure:22247: gcc -E  conftest.c
configure:22253: $? = 0
configure:22267: result: yes
configure:22295: checking for netinet/in.h
configure:22303: result: yes
configure:22191: checking netdb.h usability
configure:22208: gcc -c -g -O2  conftest.c >&5
configure:22214: $? = 0
configure:22228: result: yes
configure:22232: checking netdb.h presence
configure:22247: gcc -E  conftest.c
configure:22253: $? = 0
configure:22267: result: yes
configure:22295: checking for netdb.h
configure:22303: result: yes
configure:22334: checking sys/statvfs.h usability
configure:22351: gcc -c -g -O2  conftest.c >&5
configure:22357: $? = 0
configure:22371: result: yes
configure:22375: checking sys/statvfs.h presence
configure:22390: gcc -E  conftest.c
configure:22396: $? = 0
configure:22410: result: yes
configure:22438: checking for sys/statvfs.h
configure:22446: result: yes
configure:22334: checking sys/vfs.h usability
configure:22351: gcc -c -g -O2  conftest.c >&5
conftest.c:80:10: fatal error: 'sys/vfs.h' file not found
#include <sys/vfs.h>
         ^
1 error generated.
configure:22357: $? = 1
configure: failed program was:
| /* confdefs.h.  */
| #define PACKAGE_NAME "ibp"
| #define PACKAGE_TARNAME "ibp"
| #define PACKAGE_VERSION "1.4.0.6"
| #define PACKAGE_STRING "ibp 1.4.0.6"
| #define PACKAGE_BUGREPORT ""
| #define PACKAGE "ibp"
| #define VERSION "1.4.0.6"
| #define STDC_HEADERS 1
| #define HAVE_SYS_TYPES_H 1
| #define HAVE_SYS_STAT_H 1
| #define HAVE_STDLIB_H 1
| #define HAVE_STRING_H 1
| #define HAVE_MEMORY_H 1
| #define HAVE_STRINGS_H 1
| #define HAVE_INTTYPES_H 1
| #define HAVE_STDINT_H 1
| #define HAVE_UNISTD_H 1
| #define HAVE_DLFCN_H 1
| #define HAVE_ALLOCA_H 1
| #define HAVE_ALLOCA 1
| #define HAVE_LIBPTHREAD 1
| #define HAVE_LIBM 1
| #define HAVE_LIBDL 1
| #define HAVE_DIRENT_H 1
| #define STDC_HEADERS 1
| #define HAVE_SYS_WAIT_H 1
| #define HAVE_FCNTL_H 1
| #define HAVE_LIMITS_H 1
| #define HAVE_STRINGS_H 1
| #define HAVE_SYS_FILE_H 1
| #define HAVE_SYS_TIME_H 1
| #define HAVE_UNISTD_H 1
| #define HAVE_CTYPE_H 1
| #define HAVE_SYS_UTSNAME_H 1
| #define HAVE_SYS_WAIT_H 1
| #define HAVE_SYS_STAT_H 1
| #define HAVE_SYS_UN_H 1
| #define HAVE_PTHREAD_H 1
| #define HAVE_SYS_MMAN_H 1
| #define HAVE_ARPA_INET_H 1
| #define HAVE_SYS_SOCKET_H 1
| #define HAVE_NETINET_IN_H 1
| #define HAVE_NETDB_H 1
| #define HAVE_SYS_STATVFS_H 1
| /* end confdefs.h.  */
| #include <stdio.h>
| #ifdef HAVE_SYS_TYPES_H
| # include <sys/types.h>
| #endif
| #ifdef HAVE_SYS_STAT_H
| # include <sys/stat.h>
| #endif
| #ifdef STDC_HEADERS
| # include <stdlib.h>
| # include <stddef.h>
| #else
| # ifdef HAVE_STDLIB_H
| #  include <stdlib.h>
| # endif
| #endif
| #ifdef HAVE_STRING_H
| # if !defined STDC_HEADERS && defined HAVE_MEMORY_H
| #  include <memory.h>
| # endif
| # include <string.h>
| #endif
| #ifdef HAVE_STRINGS_H
| # include <strings.h>
| #endif
| #ifdef HAVE_INTTYPES_H
| # include <inttypes.h>
| #endif
| #ifdef HAVE_STDINT_H
| # include <stdint.h>
| #endif
| #ifdef HAVE_UNISTD_H
| # include <unistd.h>
| #endif
| #include <sys/vfs.h>
configure:22371: result: no
configure:22375: checking sys/vfs.h presence
configure:22390: gcc -E  conftest.c
conftest.c:47:10: fatal error: 'sys/vfs.h' file not found
#include <sys/vfs.h>
         ^
1 error generated.
configure:22396: $? = 1
configure: failed program was:
| /* confdefs.h.  */
| #define PACKAGE_NAME "ibp"
| #define PACKAGE_TARNAME "ibp"
| #define PACKAGE_VERSION "1.4.0.6"
| #define PACKAGE_STRING "ibp 1.4.0.6"
| #define PACKAGE_BUGREPORT ""
| #define PACKAGE "ibp"
| #define VERSION "1.4.0.6"
| #define STDC_HEADERS 1
| #define HAVE_SYS_TYPES_H 1
| #define HAVE_SYS_STAT_H 1
| #define HAVE_STDLIB_H 1
| #define HAVE_STRING_H 1
| #define HAVE_MEMORY_H 1
| #define HAVE_STRINGS_H 1
| #define HAVE_INTTYPES_H 1
| #define HAVE_STDINT_H 1
| #define HAVE_UNISTD_H 1
| #define HAVE_DLFCN_H 1
| #define HAVE_ALLOCA_H 1
| #define HAVE_ALLOCA 1
| #define HAVE_LIBPTHREAD 1
| #define HAVE_LIBM 1
| #define HAVE_LIBDL 1
| #define HAVE_DIRENT_H 1
| #define STDC_HEADERS 1
| #define HAVE_SYS_WAIT_H 1
| #define HAVE_FCNTL_H 1
| #define HAVE_LIMITS_H 1
| #define HAVE_STRINGS_H 1
| #define HAVE_SYS_FILE_H 1
| #define HAVE_SYS_TIME_H 1
| #define HAVE_UNISTD_H 1
| #define HAVE_CTYPE_H 1
| #define HAVE_SYS_UTSNAME_H 1
| #define HAVE_SYS_WAIT_H 1
| #define HAVE_SYS_STAT_H 1
| #define HAVE_SYS_UN_H 1
| #define HAVE_PTHREAD_H 1
| #define HAVE_SYS_MMAN_H 1
| #define HAVE_ARPA_INET_H 1
| #define HAVE_SYS_SOCKET_H 1
| #define HAVE_NETINET_IN_H 1
| #define HAVE_NETDB_H 1
| #define HAVE_SYS_STATVFS_H 1
| /* end confdefs.h.  */
| #include <sys/vfs.h>
configure:22410: result: no
configure:22438: checking for sys/vfs.h
configure:22446: result: no
configure:22334: checking sys/resource.h usability
configure:22351: gcc -c -g -O2  conftest.c >&5
configure:22357: $? = 0
configure:22371: result: yes
configure:22375: checking sys/resource.h presence
configure:22390: gcc -E  conftest.c
configure:22396: $? = 0
configure:22410: result: yes
configure:22438: checking for sys/resource.h
configure:22446: result: yes
configure:22334: checking sys/socketvar.h usability
configure:22351: gcc -c -g -O2  conftest.c >&5
configure:22357: $? = 0
configure:22371: result: yes
configure:22375: checking sys/socketvar.h presence
configure:22390: gcc -E  conftest.c
configure:22396: $? = 0
configure:22410: result: yes
configure:22438: checking for sys/socketvar.h
configure:22446: result: yes
configure:22479: checking sys/sockio.h usability
configure:22496: gcc -c -g -O2  conftest.c >&5
configure:22502: $? = 0
configure:22516: result: yes
configure:22520: checking sys/sockio.h presence
configure:22535: gcc -E  conftest.c
configure:22541: $? = 0
configure:22555: result: yes
configure:22583: checking for sys/sockio.h
configure:22591: result: yes
configure:22479: checking sys/param.h usability
configure:22496: gcc -c -g -O2  conftest.c >&5
configure:22502: $? = 0
configure:22516: result: yes
configure:22520: checking sys/param.h presence
configure:22535: gcc -E  conftest.c
configure:22541: $? = 0
configure:22555: result: yes
configure:22583: checking for sys/param.h
configure:22591: result: yes
configure:22479: checking sys/mount.h usability
configure:22496: gcc -c -g -O2  conftest.c >&5
configure:22502: $? = 0
configure:22516: result: yes
configure:22520: checking sys/mount.h presence
configure:22535: gcc -E  conftest.c
configure:22541: $? = 0
configure:22555: result: yes
configure:22583: checking for sys/mount.h
configure:22591: result: yes
configure:22479: checking assert.h usability
configure:22496: gcc -c -g -O2  conftest.c >&5
configure:22502: $? = 0
configure:22516: result: yes
configure:22520: checking assert.h presence
configure:22535: gcc -E  conftest.c
configure:22541: $? = 0
configure:22555: result: yes
configure:22583: checking for assert.h
configure:22591: result: yes
configure:22469: checking for stdint.h
configure:22475: result: yes
configure:22469: checking for dlfcn.h
configure:22475: result: yes
configure:22766: checking for an ANSI C-conforming const
configure:22841: gcc -c -g -O2  conftest.c >&5
configure:22847: $? = 0
configure:22862: result: yes
configure:22872: checking for size_t
configure:22902: gcc -c -g -O2  conftest.c >&5
configure:22908: $? = 0
configure:22923: result: yes
configure:22935: checking whether time.h and sys/time.h may both be included
configure:22965: gcc -c -g -O2  conftest.c >&5
configure:22971: $? = 0
configure:22986: result: yes
configure:22996: checking for socklen_t
configure:23024: gcc -c -g -O2  conftest.c >&5
configure:23030: $? = 0
configure:23046: result: yes
configure:23056: checking for int64_t
configure:23062: checking for long
configure:23092: gcc -c -g -O2  conftest.c >&5
configure:23098: $? = 0
configure:23113: result: yes
configure:23120: checking size of long
configure:23422: gcc -o conftest -g -O2   conftest.c -ldl -lm -lpthread  >&5
configure:23425: $? = 0
configure:23431: ./conftest
configure:23434: $? = 0
configure:23457: result: 8
configure:23467: checking for long long
configure:23497: gcc -c -g -O2  conftest.c >&5
configure:23503: $? = 0
configure:23518: result: yes
configure:23525: checking size of long long
configure:23827: gcc -o conftest -g -O2   conftest.c -ldl -lm -lpthread  >&5
configure:23830: $? = 0
configure:23836: ./conftest
configure:23839: $? = 0
configure:23862: result: 8
configure:23873: checking for int64_t
configure:23903: gcc -c -g -O2  conftest.c >&5
configure:23909: $? = 0
configure:23924: result: yes
configure:23936: checking for u_int64_t
configure:23966: gcc -c -g -O2  conftest.c >&5
configure:23972: $? = 0
configure:23987: result: yes
configure:24133: result: yes
configure:24144: checking for ulong_t
configure:24174: gcc -c -g -O2  conftest.c >&5
conftest.c:92:9: error: unknown type name 'ulong_t'
typedef ulong_t ac__type_new_;
        ^
1 error generated.
configure:24180: $? = 1
configure: failed program was:
| /* confdefs.h.  */
| #define PACKAGE_NAME "ibp"
| #define PACKAGE_TARNAME "ibp"
| #define PACKAGE_VERSION "1.4.0.6"
| #define PACKAGE_STRING "ibp 1.4.0.6"
| #define PACKAGE_BUGREPORT ""
| #define PACKAGE "ibp"
| #define VERSION "1.4.0.6"
| #define STDC_HEADERS 1
| #define HAVE_SYS_TYPES_H 1
| #define HAVE_SYS_STAT_H 1
| #define HAVE_STDLIB_H 1
| #define HAVE_STRING_H 1
| #define HAVE_MEMORY_H 1
| #define HAVE_STRINGS_H 1
| #define HAVE_INTTYPES_H 1
| #define HAVE_STDINT_H 1
| #define HAVE_UNISTD_H 1
| #define HAVE_DLFCN_H 1
| #define HAVE_ALLOCA_H 1
| #define HAVE_ALLOCA 1
| #define HAVE_LIBPTHREAD 1
| #define HAVE_LIBM 1
| #define HAVE_LIBDL 1
| #define HAVE_DIRENT_H 1
| #define STDC_HEADERS 1
| #define HAVE_SYS_WAIT_H 1
| #define HAVE_FCNTL_H 1
| #define HAVE_LIMITS_H 1
| #define HAVE_STRINGS_H 1
| #define HAVE_SYS_FILE_H 1
| #define HAVE_SYS_TIME_H 1
| #define HAVE_UNISTD_H 1
| #define HAVE_CTYPE_H 1
| #define HAVE_SYS_UTSNAME_H 1
| #define HAVE_SYS_WAIT_H 1
| #define HAVE_SYS_STAT_H 1
| #define HAVE_SYS_UN_H 1
| #define HAVE_PTHREAD_H 1
| #define HAVE_SYS_MMAN_H 1
| #define HAVE_ARPA_INET_H 1
| #define HAVE_SYS_SOCKET_H 1
| #define HAVE_NETINET_IN_H 1
| #define HAVE_NETDB_H 1
| #define HAVE_SYS_STATVFS_H 1
| #define HAVE_SYS_RESOURCE_H 1
| #define HAVE_SYS_SOCKETVAR_H 1
| #define HAVE_SYS_SOCKIO_H 1
| #define HAVE_SYS_PARAM_H 1
| #define HAVE_SYS_MOUNT_H 1
| #define HAVE_ASSERT_H 1
| #define HAVE_STDINT_H 1
| #define HAVE_DLFCN_H 1
| #define TIME_WITH_SYS_TIME 1
| #define SIZEOF_LONG 8
| #define SIZEOF_LONG_LONG 8
| #define HAVE_INT64_T 1
| /* end confdefs.h.  */
| #include <stdio.h>
| #ifdef HAVE_SYS_TYPES_H
| # include <sys/types.h>
| #endif
| #ifdef HAVE_SYS_STAT_H
| # include <sys/stat.h>
| #endif
| #ifdef STDC_HEADERS
| # include <stdlib.h>
| # include <stddef.h>
| #else
| # ifdef HAVE_STDLIB_H
| #  include <stdlib.h>
| # endif
| #endif
| #ifdef HAVE_STRING_H
| # if !defined STDC_HEADERS && defined HAVE_MEMORY_H
| #  include <memory.h>
| # endif
| # include <string.h>
| #endif
| #ifdef HAVE_STRINGS_H
| # include <strings.h>
| #endif
| #ifdef HAVE_INTTYPES_H
| # include <inttypes.h>
| #endif
| #ifdef HAVE_STDINT_H
| # include <stdint.h>
| #endif
| #ifdef HAVE_UNISTD_H
| # include <unistd.h>
| #endif
| typedef ulong_t ac__type_new_;
| int
| main ()
| {
| if ((ac__type_new_ *) 0)
|   return 0;
| if (sizeof (ac__type_new_))
|   return 0;
|   ;
|   return 0;
| }
configure:24195: result: no
configure:24207: checking for ushort_t
configure:24237: gcc -c -g -O2  conftest.c >&5
conftest.c:93:9: error: unknown type name 'ushort_t'; did you mean 'ushort'?
typedef ushort_t ac__type_new_;
        ^~~~~~~~
        ushort
/usr/include/sys/types.h:91:25: note: 'ushort' declared here
typedef unsigned short          ushort;         /* Sys V compatibility */
                                ^
1 error generated.
configure:24243: $? = 1
configure: failed program was:
| /* confdefs.h.  */
| #define PACKAGE_NAME "ibp"
| #define PACKAGE_TARNAME "ibp"
| #define PACKAGE_VERSION "1.4.0.6"
| #define PACKAGE_STRING "ibp 1.4.0.6"
| #define PACKAGE_BUGREPORT ""
| #define PACKAGE "ibp"
| #define VERSION "1.4.0.6"
| #define STDC_HEADERS 1
| #define HAVE_SYS_TYPES_H 1
| #define HAVE_SYS_STAT_H 1
| #define HAVE_STDLIB_H 1
| #define HAVE_STRING_H 1
| #define HAVE_MEMORY_H 1
| #define HAVE_STRINGS_H 1
| #define HAVE_INTTYPES_H 1
| #define HAVE_STDINT_H 1
| #define HAVE_UNISTD_H 1
| #define HAVE_DLFCN_H 1
| #define HAVE_ALLOCA_H 1
| #define HAVE_ALLOCA 1
| #define HAVE_LIBPTHREAD 1
| #define HAVE_LIBM 1
| #define HAVE_LIBDL 1
| #define HAVE_DIRENT_H 1
| #define STDC_HEADERS 1
| #define HAVE_SYS_WAIT_H 1
| #define HAVE_FCNTL_H 1
| #define HAVE_LIMITS_H 1
| #define HAVE_STRINGS_H 1
| #define HAVE_SYS_FILE_H 1
| #define HAVE_SYS_TIME_H 1
| #define HAVE_UNISTD_H 1
| #define HAVE_CTYPE_H 1
| #define HAVE_SYS_UTSNAME_H 1
| #define HAVE_SYS_WAIT_H 1
| #define HAVE_SYS_STAT_H 1
| #define HAVE_SYS_UN_H 1
| #define HAVE_PTHREAD_H 1
| #define HAVE_SYS_MMAN_H 1
| #define HAVE_ARPA_INET_H 1
| #define HAVE_SYS_SOCKET_H 1
| #define HAVE_NETINET_IN_H 1
| #define HAVE_NETDB_H 1
| #define HAVE_SYS_STATVFS_H 1
| #define HAVE_SYS_RESOURCE_H 1
| #define HAVE_SYS_SOCKETVAR_H 1
| #define HAVE_SYS_SOCKIO_H 1
| #define HAVE_SYS_PARAM_H 1
| #define HAVE_SYS_MOUNT_H 1
| #define HAVE_ASSERT_H 1
| #define HAVE_STDINT_H 1
| #define HAVE_DLFCN_H 1
| #define TIME_WITH_SYS_TIME 1
| #define SIZEOF_LONG 8
| #define SIZEOF_LONG_LONG 8
| #define HAVE_INT64_T 1
| #define ulong_t unsigned long int
| /* end confdefs.h.  */
| #include <stdio.h>
| #ifdef HAVE_SYS_TYPES_H
| # include <sys/types.h>
| #endif
| #ifdef HAVE_SYS_STAT_H
| # include <sys/stat.h>
| #endif
| #ifdef STDC_HEADERS
| # include <stdlib.h>
| # include <stddef.h>
| #else
| # ifdef HAVE_STDLIB_H
| #  include <stdlib.h>
| # endif
| #endif
| #ifdef HAVE_STRING_H
| # if !defined STDC_HEADERS && defined HAVE_MEMORY_H
| #  include <memory.h>
| # endif
| # include <string.h>
| #endif
| #ifdef HAVE_STRINGS_H
| # include <strings.h>
| #endif
| #ifdef HAVE_INTTYPES_H
| # include <inttypes.h>
| #endif
| #ifdef HAVE_STDINT_H
| # include <stdint.h>
| #endif
| #ifdef HAVE_UNISTD_H
| # include <unistd.h>
| #endif
| typedef ushort_t ac__type_new_;
| int
| main ()
| {
| if ((ac__type_new_ *) 0)
|   return 0;
| if (sizeof (ac__type_new_))
|   return 0;
|   ;
|   return 0;
| }
configure:24258: result: no
configure:24271: checking for struct addrinfo.ai_family
configure:24300: gcc -c -g -O2  conftest.c >&5
configure:24306: $? = 0
configure:24364: result: yes
configure:24380: checking for struct statvfs64.f_bsize
configure:24409: gcc -c -g -O2  conftest.c >&5
conftest.c:67:25: error: variable has incomplete type 'struct statvfs64'
static struct statvfs64 ac_aggr;
                        ^
conftest.c:67:15: note: forward declaration of 'struct statvfs64'
static struct statvfs64 ac_aggr;
              ^
1 error generated.
configure:24415: $? = 1
configure: failed program was:
| /* confdefs.h.  */
| #define PACKAGE_NAME "ibp"
| #define PACKAGE_TARNAME "ibp"
| #define PACKAGE_VERSION "1.4.0.6"
| #define PACKAGE_STRING "ibp 1.4.0.6"
| #define PACKAGE_BUGREPORT ""
| #define PACKAGE "ibp"
| #define VERSION "1.4.0.6"
| #define STDC_HEADERS 1
| #define HAVE_SYS_TYPES_H 1
| #define HAVE_SYS_STAT_H 1
| #define HAVE_STDLIB_H 1
| #define HAVE_STRING_H 1
| #define HAVE_MEMORY_H 1
| #define HAVE_STRINGS_H 1
| #define HAVE_INTTYPES_H 1
| #define HAVE_STDINT_H 1
| #define HAVE_UNISTD_H 1
| #define HAVE_DLFCN_H 1
| #define HAVE_ALLOCA_H 1
| #define HAVE_ALLOCA 1
| #define HAVE_LIBPTHREAD 1
| #define HAVE_LIBM 1
| #define HAVE_LIBDL 1
| #define HAVE_DIRENT_H 1
| #define STDC_HEADERS 1
| #define HAVE_SYS_WAIT_H 1
| #define HAVE_FCNTL_H 1
| #define HAVE_LIMITS_H 1
| #define HAVE_STRINGS_H 1
| #define HAVE_SYS_FILE_H 1
| #define HAVE_SYS_TIME_H 1
| #define HAVE_UNISTD_H 1
| #define HAVE_CTYPE_H 1
| #define HAVE_SYS_UTSNAME_H 1
| #define HAVE_SYS_WAIT_H 1
| #define HAVE_SYS_STAT_H 1
| #define HAVE_SYS_UN_H 1
| #define HAVE_PTHREAD_H 1
| #define HAVE_SYS_MMAN_H 1
| #define HAVE_ARPA_INET_H 1
| #define HAVE_SYS_SOCKET_H 1
| #define HAVE_NETINET_IN_H 1
| #define HAVE_NETDB_H 1
| #define HAVE_SYS_STATVFS_H 1
| #define HAVE_SYS_RESOURCE_H 1
| #define HAVE_SYS_SOCKETVAR_H 1
| #define HAVE_SYS_SOCKIO_H 1
| #define HAVE_SYS_PARAM_H 1
| #define HAVE_SYS_MOUNT_H 1
| #define HAVE_ASSERT_H 1
| #define HAVE_STDINT_H 1
| #define HAVE_DLFCN_H 1
| #define TIME_WITH_SYS_TIME 1
| #define SIZEOF_LONG 8
| #define SIZEOF_LONG_LONG 8
| #define HAVE_INT64_T 1
| #define ulong_t unsigned long int
| #define ushort_t unsigned short int
| #define HAVE_STRUCT_ADDRINFO_AI_FAMILY 1
| /* end confdefs.h.  */
| #include <sys/statvfs.h>
| 
| int
| main ()
| {
| static struct statvfs64 ac_aggr;
| if (ac_aggr.f_bsize)
| return 0;
|   ;
|   return 0;
| }
configure:24449: gcc -c -g -O2  conftest.c >&5
conftest.c:67:25: error: variable has incomplete type 'struct statvfs64'
static struct statvfs64 ac_aggr;
                        ^
conftest.c:67:15: note: forward declaration of 'struct statvfs64'
static struct statvfs64 ac_aggr;
              ^
1 error generated.
configure:24455: $? = 1
configure: failed program was:
| /* confdefs.h.  */
| #define PACKAGE_NAME "ibp"
| #define PACKAGE_TARNAME "ibp"
| #define PACKAGE_VERSION "1.4.0.6"
| #define PACKAGE_STRING "ibp 1.4.0.6"
| #define PACKAGE_BUGREPORT ""
| #define PACKAGE "ibp"
| #define VERSION "1.4.0.6"
| #define STDC_HEADERS 1
| #define HAVE_SYS_TYPES_H 1
| #define HAVE_SYS_STAT_H 1
| #define HAVE_STDLIB_H 1
| #define HAVE_STRING_H 1
| #define HAVE_MEMORY_H 1
| #define HAVE_STRINGS_H 1
| #define HAVE_INTTYPES_H 1
| #define HAVE_STDINT_H 1
| #define HAVE_UNISTD_H 1
| #define HAVE_DLFCN_H 1
| #define HAVE_ALLOCA_H 1
| #define HAVE_ALLOCA 1
| #define HAVE_LIBPTHREAD 1
| #define HAVE_LIBM 1
| #define HAVE_LIBDL 1
| #define HAVE_DIRENT_H 1
| #define STDC_HEADERS 1
| #define HAVE_SYS_WAIT_H 1
| #define HAVE_FCNTL_H 1
| #define HAVE_LIMITS_H 1
| #define HAVE_STRINGS_H 1
| #define HAVE_SYS_FILE_H 1
| #define HAVE_SYS_TIME_H 1
| #define HAVE_UNISTD_H 1
| #define HAVE_CTYPE_H 1
| #define HAVE_SYS_UTSNAME_H 1
| #define HAVE_SYS_WAIT_H 1
| #define HAVE_SYS_STAT_H 1
| #define HAVE_SYS_UN_H 1
| #define HAVE_PTHREAD_H 1
| #define HAVE_SYS_MMAN_H 1
| #define HAVE_ARPA_INET_H 1
| #define HAVE_SYS_SOCKET_H 1
| #define HAVE_NETINET_IN_H 1
| #define HAVE_NETDB_H 1
| #define HAVE_SYS_STATVFS_H 1
| #define HAVE_SYS_RESOURCE_H 1
| #define HAVE_SYS_SOCKETVAR_H 1
| #define HAVE_SYS_SOCKIO_H 1
| #define HAVE_SYS_PARAM_H 1
| #define HAVE_SYS_MOUNT_H 1
| #define HAVE_ASSERT_H 1
| #define HAVE_STDINT_H 1
| #define HAVE_DLFCN_H 1
| #define TIME_WITH_SYS_TIME 1
| #define SIZEOF_LONG 8
| #define SIZEOF_LONG_LONG 8
| #define HAVE_INT64_T 1
| #define ulong_t unsigned long int
| #define ushort_t unsigned short int
| #define HAVE_STRUCT_ADDRINFO_AI_FAMILY 1
| /* end confdefs.h.  */
| #include <sys/statvfs.h>
| 
| int
| main ()
| {
| static struct statvfs64 ac_aggr;
| if (sizeof ac_aggr.f_bsize)
| return 0;
|   ;
|   return 0;
| }
configure:24473: result: no
configure:24484: checking for struct sockaddr_in.sin_len
configure:24514: gcc -c -g -O2  conftest.c >&5
configure:24520: $? = 0
configure:24579: result: yes
configure:24590: checking return type of signal handlers
configure:24618: gcc -c -g -O2  conftest.c >&5
conftest.c:69:8: error: indirection requires pointer operand ('void' invalid)
return *(signal (0, 0)) (0) == 1;
       ^~~~~~~~~~~~~~~~~~~~
1 error generated.
configure:24624: $? = 1
configure: failed program was:
| /* confdefs.h.  */
| #define PACKAGE_NAME "ibp"
| #define PACKAGE_TARNAME "ibp"
| #define PACKAGE_VERSION "1.4.0.6"
| #define PACKAGE_STRING "ibp 1.4.0.6"
| #define PACKAGE_BUGREPORT ""
| #define PACKAGE "ibp"
| #define VERSION "1.4.0.6"
| #define STDC_HEADERS 1
| #define HAVE_SYS_TYPES_H 1
| #define HAVE_SYS_STAT_H 1
| #define HAVE_STDLIB_H 1
| #define HAVE_STRING_H 1
| #define HAVE_MEMORY_H 1
| #define HAVE_STRINGS_H 1
| #define HAVE_INTTYPES_H 1
| #define HAVE_STDINT_H 1
| #define HAVE_UNISTD_H 1
| #define HAVE_DLFCN_H 1
| #define HAVE_ALLOCA_H 1
| #define HAVE_ALLOCA 1
| #define HAVE_LIBPTHREAD 1
| #define HAVE_LIBM 1
| #define HAVE_LIBDL 1
| #define HAVE_DIRENT_H 1
| #define STDC_HEADERS 1
| #define HAVE_SYS_WAIT_H 1
| #define HAVE_FCNTL_H 1
| #define HAVE_LIMITS_H 1
| #define HAVE_STRINGS_H 1
| #define HAVE_SYS_FILE_H 1
| #define HAVE_SYS_TIME_H 1
| #define HAVE_UNISTD_H 1
| #define HAVE_CTYPE_H 1
| #define HAVE_SYS_UTSNAME_H 1
| #define HAVE_SYS_WAIT_H 1
| #define HAVE_SYS_STAT_H 1
| #define HAVE_SYS_UN_H 1
| #define HAVE_PTHREAD_H 1
| #define HAVE_SYS_MMAN_H 1
| #define HAVE_ARPA_INET_H 1
| #define HAVE_SYS_SOCKET_H 1
| #define HAVE_NETINET_IN_H 1
| #define HAVE_NETDB_H 1
| #define HAVE_SYS_STATVFS_H 1
| #define HAVE_SYS_RESOURCE_H 1
| #define HAVE_SYS_SOCKETVAR_H 1
| #define HAVE_SYS_SOCKIO_H 1
| #define HAVE_SYS_PARAM_H 1
| #define HAVE_SYS_MOUNT_H 1
| #define HAVE_ASSERT_H 1
| #define HAVE_STDINT_H 1
| #define HAVE_DLFCN_H 1
| #define TIME_WITH_SYS_TIME 1
| #define SIZEOF_LONG 8
| #define SIZEOF_LONG_LONG 8
| #define HAVE_INT64_T 1
| #define ulong_t unsigned long int
| #define ushort_t unsigned short int
| #define HAVE_STRUCT_ADDRINFO_AI_FAMILY 1
| #define HAVE_STRUCT_SOCKADDR_IN_SIN_LEN 1
| /* end confdefs.h.  */
| #include <sys/types.h>
| #include <signal.h>
| 
| int
| main ()
| {
| return *(signal (0, 0)) (0) == 1;
|   ;
|   return 0;
| }
configure:24639: result: void
configure:24651: checking for vprintf
configure:24707: gcc -o conftest -g -O2   conftest.c -ldl -lm -lpthread  >&5
conftest.c:87:6: warning: incompatible redeclaration of library function 'vprintf' [-Wincompatible-library-redeclaration]
char vprintf ();
     ^
conftest.c:87:6: note: 'vprintf' is a builtin with type 'int (const char *, __va_list_tag *)'
1 warning generated.
configure:24713: $? = 0
configure:24731: result: yes
configure:24738: checking for _doprnt
configure:24794: gcc -o conftest -g -O2   conftest.c -ldl -lm -lpthread  >&5
Undefined symbols for architecture x86_64:
  "__doprnt", referenced from:
      _main in conftest-Bryb6T.o
ld: symbol(s) not found for architecture x86_64
clang: error: linker command failed with exit code 1 (use -v to see invocation)
configure:24800: $? = 1
configure: failed program was:
| /* confdefs.h.  */
| #define PACKAGE_NAME "ibp"
| #define PACKAGE_TARNAME "ibp"
| #define PACKAGE_VERSION "1.4.0.6"
| #define PACKAGE_STRING "ibp 1.4.0.6"
| #define PACKAGE_BUGREPORT ""
| #define PACKAGE "ibp"
| #define VERSION "1.4.0.6"
| #define STDC_HEADERS 1
| #define HAVE_SYS_TYPES_H 1
| #define HAVE_SYS_STAT_H 1
| #define HAVE_STDLIB_H 1
| #define HAVE_STRING_H 1
| #define HAVE_MEMORY_H 1
| #define HAVE_STRINGS_H 1
| #define HAVE_INTTYPES_H 1
| #define HAVE_STDINT_H 1
| #define HAVE_UNISTD_H 1
| #define HAVE_DLFCN_H 1
| #define HAVE_ALLOCA_H 1
| #define HAVE_ALLOCA 1
| #define HAVE_LIBPTHREAD 1
| #define HAVE_LIBM 1
| #define HAVE_LIBDL 1
| #define HAVE_DIRENT_H 1
| #define STDC_HEADERS 1
| #define HAVE_SYS_WAIT_H 1
| #define HAVE_FCNTL_H 1
| #define HAVE_LIMITS_H 1
| #define HAVE_STRINGS_H 1
| #define HAVE_SYS_FILE_H 1
| #define HAVE_SYS_TIME_H 1
| #define HAVE_UNISTD_H 1
| #define HAVE_CTYPE_H 1
| #define HAVE_SYS_UTSNAME_H 1
| #define HAVE_SYS_WAIT_H 1
| #define HAVE_SYS_STAT_H 1
| #define HAVE_SYS_UN_H 1
| #define HAVE_PTHREAD_H 1
| #define HAVE_SYS_MMAN_H 1
| #define HAVE_ARPA_INET_H 1
| #define HAVE_SYS_SOCKET_H 1
| #define HAVE_NETINET_IN_H 1
| #define HAVE_NETDB_H 1
| #define HAVE_SYS_STATVFS_H 1
| #define HAVE_SYS_RESOURCE_H 1
| #define HAVE_SYS_SOCKETVAR_H 1
| #define HAVE_SYS_SOCKIO_H 1
| #define HAVE_SYS_PARAM_H 1
| #define HAVE_SYS_MOUNT_H 1
| #define HAVE_ASSERT_H 1
| #define HAVE_STDINT_H 1
| #define HAVE_DLFCN_H 1
| #define TIME_WITH_SYS_TIME 1
| #define SIZEOF_LONG 8
| #define SIZEOF_LONG_LONG 8
| #define HAVE_INT64_T 1
| #define ulong_t unsigned long int
| #define ushort_t unsigned short int
| #define HAVE_STRUCT_ADDRINFO_AI_FAMILY 1
| #define HAVE_STRUCT_SOCKADDR_IN_SIN_LEN 1
| #define RETSIGTYPE void
| #define HAVE_VPRINTF 1
| /* end confdefs.h.  */
| /* Define _doprnt to an innocuous variant, in case <limits.h> declares _doprnt.
|    For example, HP-UX 11i <limits.h> declares gettimeofday.  */
| #define _doprnt innocuous__doprnt
| 
| /* System header to define __stub macros and hopefully few prototypes,
|     which can conflict with char _doprnt (); below.
|     Prefer <limits.h> to <assert.h> if __STDC__ is defined, since
|     <limits.h> exists even on freestanding compilers.  */
| 
| #ifdef __STDC__
| # include <limits.h>
| #else
| # include <assert.h>
| #endif
| 
| #undef _doprnt
| 
| /* Override any GCC internal prototype to avoid an error.
|    Use char because int might match the return type of a GCC
|    builtin and then its argument prototype would still apply.  */
| #ifdef __cplusplus
| extern "C"
| #endif
| char _doprnt ();
| /* The GNU C library defines this for functions which it implements
|     to always fail with ENOSYS.  Some functions are actually named
|     something starting with __ and the normal name is an alias.  */
| #if defined __stub__doprnt || defined __stub____doprnt
| choke me
| #endif
| 
| int
| main ()
| {
| return _doprnt ();
|   ;
|   return 0;
| }
configure:24817: result: no
configure:24840: checking for gettimeofday
configure:24896: gcc -o conftest -g -O2   conftest.c -ldl -lm -lpthread  >&5
configure:24902: $? = 0
configure:24920: result: yes
configure:24840: checking for select
configure:24896: gcc -o conftest -g -O2   conftest.c -ldl -lm -lpthread  >&5
configure:24902: $? = 0
configure:24920: result: yes
configure:24840: checking for socket
configure:24896: gcc -o conftest -g -O2   conftest.c -ldl -lm -lpthread  >&5
configure:24902: $? = 0
configure:24920: result: yes
configure:24840: checking for strdup
configure:24896: gcc -o conftest -g -O2   conftest.c -ldl -lm -lpthread  >&5
conftest.c:91:6: warning: incompatible redeclaration of library function 'strdup' [-Wincompatible-library-redeclaration]
char strdup ();
     ^
conftest.c:91:6: note: 'strdup' is a builtin with type 'char *(const char *)'
1 warning generated.
configure:24902: $? = 0
configure:24920: result: yes
configure:24840: checking for strerror
configure:24896: gcc -o conftest -g -O2   conftest.c -ldl -lm -lpthread  >&5
conftest.c:92:6: warning: incompatible redeclaration of library function 'strerror' [-Wincompatible-library-redeclaration]
char strerror ();
     ^
conftest.c:92:6: note: 'strerror' is a builtin with type 'char *(int)'
1 warning generated.
configure:24902: $? = 0
configure:24920: result: yes
configure:24840: checking for uname
configure:24896: gcc -o conftest -g -O2   conftest.c -ldl -lm -lpthread  >&5
configure:24902: $? = 0
configure:24920: result: yes
configure:24935: checking for statvfs
configure:24991: gcc -o conftest -g -O2   conftest.c -ldl -lm -lpthread  >&5
configure:24997: $? = 0
configure:25015: result: yes
configure:24935: checking for statfs
configure:24991: gcc -o conftest -g -O2   conftest.c -ldl -lm -lpthread  >&5
configure:24997: $? = 0
configure:25015: result: yes
configure:25029: checking for strtok_r
configure:25085: gcc -o conftest -g -O2   conftest.c -ldl -lm -lpthread  >&5
configure:25091: $? = 0
configure:25109: result: yes
configure:25124: checking for getaddrinfo
configure:25180: gcc -o conftest -g -O2   conftest.c -ldl -lm -lpthread  >&5
configure:25186: $? = 0
configure:25204: result: yes
configure:25124: checking for freeaddrinfo
configure:25180: gcc -o conftest -g -O2   conftest.c -ldl -lm -lpthread  >&5
configure:25186: $? = 0
configure:25204: result: yes
configure:25219: checking for getrlimit
configure:25275: gcc -o conftest -g -O2   conftest.c -ldl -lm -lpthread  >&5
configure:25281: $? = 0
configure:25299: result: yes
configure:25219: checking for setrlimit
configure:25275: gcc -o conftest -g -O2   conftest.c -ldl -lm -lpthread  >&5
configure:25281: $? = 0
configure:25299: result: yes
configure:25313: checking for statvfs64
configure:25369: gcc -o conftest -g -O2   conftest.c -ldl -lm -lpthread  >&5
Undefined symbols for architecture x86_64:
  "_statvfs64", referenced from:
      _main in conftest-WPnHPh.o
ld: symbol(s) not found for architecture x86_64
clang: error: linker command failed with exit code 1 (use -v to see invocation)
configure:25375: $? = 1
configure: failed program was:
| /* confdefs.h.  */
| #define PACKAGE_NAME "ibp"
| #define PACKAGE_TARNAME "ibp"
| #define PACKAGE_VERSION "1.4.0.6"
| #define PACKAGE_STRING "ibp 1.4.0.6"
| #define PACKAGE_BUGREPORT ""
| #define PACKAGE "ibp"
| #define VERSION "1.4.0.6"
| #define STDC_HEADERS 1
| #define HAVE_SYS_TYPES_H 1
| #define HAVE_SYS_STAT_H 1
| #define HAVE_STDLIB_H 1
| #define HAVE_STRING_H 1
| #define HAVE_MEMORY_H 1
| #define HAVE_STRINGS_H 1
| #define HAVE_INTTYPES_H 1
| #define HAVE_STDINT_H 1
| #define HAVE_UNISTD_H 1
| #define HAVE_DLFCN_H 1
| #define HAVE_ALLOCA_H 1
| #define HAVE_ALLOCA 1
| #define HAVE_LIBPTHREAD 1
| #define HAVE_LIBM 1
| #define HAVE_LIBDL 1
| #define HAVE_DIRENT_H 1
| #define STDC_HEADERS 1
| #define HAVE_SYS_WAIT_H 1
| #define HAVE_FCNTL_H 1
| #define HAVE_LIMITS_H 1
| #define HAVE_STRINGS_H 1
| #define HAVE_SYS_FILE_H 1
| #define HAVE_SYS_TIME_H 1
| #define HAVE_UNISTD_H 1
| #define HAVE_CTYPE_H 1
| #define HAVE_SYS_UTSNAME_H 1
| #define HAVE_SYS_WAIT_H 1
| #define HAVE_SYS_STAT_H 1
| #define HAVE_SYS_UN_H 1
| #define HAVE_PTHREAD_H 1
| #define HAVE_SYS_MMAN_H 1
| #define HAVE_ARPA_INET_H 1
| #define HAVE_SYS_SOCKET_H 1
| #define HAVE_NETINET_IN_H 1
| #define HAVE_NETDB_H 1
| #define HAVE_SYS_STATVFS_H 1
| #define HAVE_SYS_RESOURCE_H 1
| #define HAVE_SYS_SOCKETVAR_H 1
| #define HAVE_SYS_SOCKIO_H 1
| #define HAVE_SYS_PARAM_H 1
| #define HAVE_SYS_MOUNT_H 1
| #define HAVE_ASSERT_H 1
| #define HAVE_STDINT_H 1
| #define HAVE_DLFCN_H 1
| #define TIME_WITH_SYS_TIME 1
| #define SIZEOF_LONG 8
| #define SIZEOF_LONG_LONG 8
| #define HAVE_INT64_T 1
| #define ulong_t unsigned long int
| #define ushort_t unsigned short int
| #define HAVE_STRUCT_ADDRINFO_AI_FAMILY 1
| #define HAVE_STRUCT_SOCKADDR_IN_SIN_LEN 1
| #define RETSIGTYPE void
| #define HAVE_VPRINTF 1
| #define HAVE_GETTIMEOFDAY 1
| #define HAVE_SELECT 1
| #define HAVE_SOCKET 1
| #define HAVE_STRDUP 1
| #define HAVE_STRERROR 1
| #define HAVE_UNAME 1
| #define HAVE_STATVFS 1
| #define HAVE_STATFS 1
| #define HAVE_STRTOK_R 1
| #define HAVE_GETADDRINFO 1
| #define HAVE_FREEADDRINFO 1
| #define HAVE_GETRLIMIT 1
| #define HAVE_SETRLIMIT 1
| /* end confdefs.h.  */
| /* Define statvfs64 to an innocuous variant, in case <limits.h> declares statvfs64.
|    For example, HP-UX 11i <limits.h> declares gettimeofday.  */
| #define statvfs64 innocuous_statvfs64
| 
| /* System header to define __stub macros and hopefully few prototypes,
|     which can conflict with char statvfs64 (); below.
|     Prefer <limits.h> to <assert.h> if __STDC__ is defined, since
|     <limits.h> exists even on freestanding compilers.  */
| 
| #ifdef __STDC__
| # include <limits.h>
| #else
| # include <assert.h>
| #endif
| 
| #undef statvfs64
| 
| /* Override any GCC internal prototype to avoid an error.
|    Use char because int might match the return type of a GCC
|    builtin and then its argument prototype would still apply.  */
| #ifdef __cplusplus
| extern "C"
| #endif
| char statvfs64 ();
| /* The GNU C library defines this for functions which it implements
|     to always fail with ENOSYS.  Some functions are actually named
|     something starting with __ and the normal name is an alias.  */
| #if defined __stub_statvfs64 || defined __stub___statvfs64
| choke me
| #endif
| 
| int
| main ()
| {
| return statvfs64 ();
|   ;
|   return 0;
| }
configure:25393: result: no
configure:25697: creating ./config.status

## ---------------------- ##
## Running config.status. ##
## ---------------------- ##

This file was extended by ibp config.status 1.4.0.6, which was
generated by GNU Autoconf 2.61.  Invocation command line was

  CONFIG_FILES    = 
  CONFIG_HEADERS  = 
  CONFIG_LINKS    = 
  CONFIG_COMMANDS = 
  $ ./config.status 

on Matilda.local

config.status:702: creating Makefile
config.status:702: creating src/Makefile
config.status:702: creating include/Makefile
config.status:702: creating include/ibp_errno.h
config.status:702: creating include/ibp_net.h
config.status:702: creating include/ibp_version.h
config.status:702: creating src/BLASTER/Makefile
config.status:702: creating include/ibp_mdns.h
config.status:702: creating src/TCP/Makefile
config.status:702: creating src/MULTICAST/Makefile
config.status:702: creating etc/nfu.cfg
config.status:702: creating etc/ibp.cfg
config.status:702: creating src/nfuops/Makefile
config.status:702: creating etc/Makefile
config.status:702: creating doc/Makefile
config.status:702: creating include/config-ibp.h
config.status:994: include/config-ibp.h is unchanged
config.status:1041: executing depfiles commands

## ---------------- ##
## Cache variables. ##
## ---------------- ##

ac_cv_build=i386-apple-darwin13.0.3
ac_cv_c_compiler_gnu=yes
ac_cv_c_const=yes
ac_cv_cxx_compiler_gnu=yes
ac_cv_env_CCC_set=
ac_cv_env_CCC_value=
ac_cv_env_CC_set=
ac_cv_env_CC_value=
ac_cv_env_CFLAGS_set=
ac_cv_env_CFLAGS_value=
ac_cv_env_CPPFLAGS_set=
ac_cv_env_CPPFLAGS_value=
ac_cv_env_CPP_set=
ac_cv_env_CPP_value=
ac_cv_env_CXXCPP_set=
ac_cv_env_CXXCPP_value=
ac_cv_env_CXXFLAGS_set=
ac_cv_env_CXXFLAGS_value=
ac_cv_env_CXX_set=
ac_cv_env_CXX_value=
ac_cv_env_F77_set=
ac_cv_env_F77_value=
ac_cv_env_FFLAGS_set=
ac_cv_env_FFLAGS_value=
ac_cv_env_LDFLAGS_set=
ac_cv_env_LDFLAGS_value=
ac_cv_env_LIBS_set=
ac_cv_env_LIBS_value=
ac_cv_env_build_alias_set=
ac_cv_env_build_alias_value=
ac_cv_env_host_alias_set=
ac_cv_env_host_alias_value=
ac_cv_env_target_alias_set=
ac_cv_env_target_alias_value=
ac_cv_f77_compiler_gnu=no
ac_cv_func__doprnt=no
ac_cv_func_alloca_works=yes
ac_cv_func_freeaddrinfo=yes
ac_cv_func_getaddrinfo=yes
ac_cv_func_getrlimit=yes
ac_cv_func_gettimeofday=yes
ac_cv_func_select=yes
ac_cv_func_setrlimit=yes
ac_cv_func_socket=yes
ac_cv_func_statfs=yes
ac_cv_func_statvfs64=no
ac_cv_func_statvfs=yes
ac_cv_func_strdup=yes
ac_cv_func_strerror=yes
ac_cv_func_strtok_r=yes
ac_cv_func_uname=yes
ac_cv_func_vprintf=yes
ac_cv_header_arpa_inet_h=yes
ac_cv_header_assert_h=yes
ac_cv_header_ctype_h=yes
ac_cv_header_dirent_dirent_h=yes
ac_cv_header_dlfcn_h=yes
ac_cv_header_fcntl_h=yes
ac_cv_header_inttypes_h=yes
ac_cv_header_limits_h=yes
ac_cv_header_malloc_h=no
ac_cv_header_memory_h=yes
ac_cv_header_netdb_h=yes
ac_cv_header_netinet_in_h=yes
ac_cv_header_pthread_h=yes
ac_cv_header_stdc=yes
ac_cv_header_stdint_h=yes
ac_cv_header_stdlib_h=yes
ac_cv_header_string_h=yes
ac_cv_header_strings_h=yes
ac_cv_header_sys_file_h=yes
ac_cv_header_sys_mman_h=yes
ac_cv_header_sys_mount_h=yes
ac_cv_header_sys_param_h=yes
ac_cv_header_sys_resource_h=yes
ac_cv_header_sys_select=no
ac_cv_header_sys_socket_h=yes
ac_cv_header_sys_socketvar_h=yes
ac_cv_header_sys_sockio_h=yes
ac_cv_header_sys_stat_h=yes
ac_cv_header_sys_statvfs_h=yes
ac_cv_header_sys_time_h=yes
ac_cv_header_sys_types_h=yes
ac_cv_header_sys_un_h=yes
ac_cv_header_sys_utsname_h=yes
ac_cv_header_sys_vfs_h=no
ac_cv_header_sys_wait_h=yes
ac_cv_header_time=yes
ac_cv_header_unistd_h=yes
ac_cv_host=i386-apple-darwin13.0.3
ac_cv_lib_c_r_pthread_create=no
ac_cv_lib_dl_dlopen=yes
ac_cv_lib_getpagesize_c=no
ac_cv_lib_m_pow=yes
ac_cv_lib_nsl_getaddrinfo=no
ac_cv_lib_nsl_gethostbyname=no
ac_cv_lib_pthread_pthread_create=yes
ac_cv_lib_socket_connect=no
ac_cv_member_struct_addrinfo_ai_family=yes
ac_cv_member_struct_sockaddr_in_sin_len=yes
ac_cv_member_struct_statvfs64_f_bsize=no
ac_cv_objext=o
ac_cv_path_EGREP='/usr/bin/grep -E'
ac_cv_path_GREP=/usr/bin/grep
ac_cv_path_IBP_NFU_PING=/sbin/ping
ac_cv_path_install='/usr/bin/install -c'
ac_cv_prog_AWK=awk
ac_cv_prog_CPP='gcc -E'
ac_cv_prog_CXXCPP='g++ -E'
ac_cv_prog_ac_ct_AR=ar
ac_cv_prog_ac_ct_CC=gcc
ac_cv_prog_ac_ct_CXX=g++
ac_cv_prog_ac_ct_DSYMUTIL=dsymutil
ac_cv_prog_ac_ct_NMEDIT=nmedit
ac_cv_prog_ac_ct_RANLIB=ranlib
ac_cv_prog_ac_ct_STRIP=strip
ac_cv_prog_cc_c89=
ac_cv_prog_cc_g=yes
ac_cv_prog_cxx_g=yes
ac_cv_prog_f77_g=no
ac_cv_prog_gcc_traditional=no
ac_cv_prog_make_make_set=yes
ac_cv_search_opendir='none required'
ac_cv_sizeof_long=8
ac_cv_sizeof_long_long=8
ac_cv_target=i386-apple-darwin13.0.3
ac_cv_type_int64_t=yes
ac_cv_type_long=yes
ac_cv_type_long_long=yes
ac_cv_type_signal=void
ac_cv_type_size_t=yes
ac_cv_type_socklen_t=yes
ac_cv_type_u_int64_t=yes
ac_cv_type_ulong_t=no
ac_cv_type_ushort_t=no
ac_cv_working_alloca_h=yes
am_cv_CC_dependencies_compiler_type=gcc3
am_cv_CXX_dependencies_compiler_type=gcc3
lt_cv_apple_cc_single_mod=yes
lt_cv_deplibs_check_method=pass_all
lt_cv_file_magic_cmd='$MAGIC_CMD'
lt_cv_file_magic_test_file=
lt_cv_ld_exported_symbols_list=yes
lt_cv_ld_reload_flag=-r
lt_cv_objdir=.libs
lt_cv_path_LD=/Applications/Xcode.app/Contents/Developer/Toolchains/XcodeDefault.xctoolchain/usr/bin/ld
lt_cv_path_LDCXX=/Applications/Xcode.app/Contents/Developer/Toolchains/XcodeDefault.xctoolchain/usr/bin/ld
lt_cv_path_NM=/usr/bin/nm
lt_cv_path_SED=/usr/bin/sed
lt_cv_prog_compiler_c_o=yes
lt_cv_prog_compiler_c_o_CXX=yes
lt_cv_prog_compiler_pic_works=yes
lt_cv_prog_compiler_pic_works_CXX=yes
lt_cv_prog_compiler_rtti_exceptions=yes
lt_cv_prog_compiler_static_works=no
lt_cv_prog_compiler_static_works_CXX=no
lt_cv_prog_gnu_ld=no
lt_cv_prog_gnu_ldcxx=no
lt_cv_sys_global_symbol_pipe='sed -n -e '\''s/^.*[ 	]\([BCDEGRST][BCDEGRST]*\)[ 	][ 	]*_\([_A-Za-z][_A-Za-z0-9]*\)$/\1 _\2 \2/p'\'''
lt_cv_sys_global_symbol_to_c_name_address='sed -n -e '\''s/^: \([^ ]*\) $/  {\"\1\", (lt_ptr) 0},/p'\'' -e '\''s/^[BCDEGRST] \([^ ]*\) \([^ ]*\)$/  {"\2", (lt_ptr) \&\2},/p'\'''
lt_cv_sys_global_symbol_to_cdecl='sed -n -e '\''s/^. .* \(.*\)$/extern int \1;/p'\'''
lt_cv_sys_lib_dlsearch_path_spec='/usr/local/lib /lib /usr/lib'
lt_cv_sys_lib_search_path_spec='/Applications/Xcode.app/Contents/Developer/Toolchains/XcodeDefault.xctoolchain/usr/lib/clang/5.0 /usr/local/lib'
lt_cv_sys_max_cmd_len=196608
lt_lt_cv_prog_compiler_c_o='"yes"'
lt_lt_cv_prog_compiler_c_o_CXX='"yes"'
lt_lt_cv_sys_global_symbol_pipe='"sed -n -e '\''s/^.*[ 	]\\([BCDEGRST][BCDEGRST]*\\)[ 	][ 	]*_\\([_A-Za-z][_A-Za-z0-9]*\\)\$/\\1 _\\2 \\2/p'\''"'
lt_lt_cv_sys_global_symbol_to_c_name_address='"sed -n -e '\''s/^: \\([^ ]*\\) \$/  {\\\"\\1\\\", (lt_ptr) 0},/p'\'' -e '\''s/^[BCDEGRST] \\([^ ]*\\) \\([^ ]*\\)\$/  {\"\\2\", (lt_ptr) \\&\\2},/p'\''"'
lt_lt_cv_sys_global_symbol_to_cdecl='"sed -n -e '\''s/^. .* \\(.*\\)\$/extern int \\1;/p'\''"'

## ----------------- ##
## Output variables. ##
## ----------------- ##

ACLOCAL='${SHELL} /Users/brumgard/Documents/Work/LoCI/workspace/lors/lbone/ibp/missing --run aclocal-1.10'
ALLOCA=''
AMDEPBACKSLASH='\'
AMDEP_FALSE='#'
AMDEP_TRUE=''
AMTAR='${SHELL} /Users/brumgard/Documents/Work/LoCI/workspace/lors/lbone/ibp/missing --run tar'
AR='ar'
AUTOCONF='${SHELL} /Users/brumgard/Documents/Work/LoCI/workspace/lors/lbone/ibp/missing --run autoconf'
AUTOHEADER='${SHELL} /Users/brumgard/Documents/Work/LoCI/workspace/lors/lbone/ibp/missing --run autoheader'
AUTOMAKE='${SHELL} /Users/brumgard/Documents/Work/LoCI/workspace/lors/lbone/ibp/missing --run automake-1.10'
AWK='awk'
BONJOUR_FALSE='#'
BONJOUR_TRUE=''
CC='gcc'
CCDEPMODE='depmode=gcc3'
CFLAGS='-g -O2'
CLIENTONLY_FALSE='#'
CLIENTONLY_TRUE=''
CPP='gcc -E'
CPPFLAGS=''
CXX='g++'
CXXCPP='g++ -E'
CXXDEPMODE='depmode=gcc3'
CXXFLAGS='-g -O2'
CYGPATH_W='echo'
DEBUG_FALSE=''
DEBUG_TRUE='#'
DEFS='-DHAVE_CONFIG_H'
DEPDIR='.deps'
DSYMUTIL='dsymutil'
DYN_LIB_SUFFIX='dylib'
ECHO='/bin/echo'
ECHO_C='ECHO_N=''
ECHO_T=''
EGREP='/usr/bin/grep -E'
ENABLE_BONJOUR='1'
EXEEXT=''
F77=''
FFLAGS=''
GREP='/usr/bin/grep'
HAVE_FUNC_FREEADDRINFO='1'
HAVE_FUNC_GETADDRINFO='1'
HAVE_STRU_ADDRINFO='1'
IBP_NFU_PING='/sbin/ping'
INSTALL_DATA='${INSTALL} -m 644'
INSTALL_PROGRAM='${INSTALL}'
INSTALL_SCRIPT='${INSTALL}'
INSTALL_STRIP_PROGRAM='$(install_sh) -c -s'
LDFLAGS=''
LIBOBJS=''
LIBS='-ldl -lm -lpthread '
LIBTOOL='$(SHELL) $(top_builddir)/libtool'
LIBTOOL_DEPS='./ltmain.sh'
LN_S='ln -s'
LTLIBOBJS=''
MAKEINFO='${SHELL} /Users/brumgard/Documents/Work/LoCI/workspace/lors/lbone/ibp/missing --run makeinfo'
MDNS_FLAGS=''
NMEDIT='nmedit'
OBJEXT='o'
OSF_OS='0'
PACKAGE='ibp'
PACKAGE_BUGREPORT=''
PACKAGE_NAME='ibp'
PACKAGE_STRING='ibp 1.4.0.6'
PACKAGE_TARNAME='ibp'
PACKAGE_VERSION='1.4.0.6'
PATH_SEPARATOR=':'
PERSISTENT_CONN='1'
PTHREAD_SUPPORTED='1'
RANLIB='ranlib'
SED='/usr/bin/sed'
SET_MAKE=''
SHELL='/bin/sh'
STRIP='strip'
VERSION='1.4.0.6'
ac_ct_CC='gcc'
ac_ct_CXX='g++'
ac_ct_F77=''
am__fastdepCC_FALSE='#'
am__fastdepCC_TRUE=''
am__fastdepCXX_FALSE='#'
am__fastdepCXX_TRUE=''
am__include='include'
am__isrc=''
am__leading_dot='.'
am__quote=''
am__tar='${AMTAR} chof - "$$tardir"'
am__untar='${AMTAR} xf -'
bindir='${exec_prefix}/bin'
build='i386-apple-darwin13.0.3'
build_alias=''
build_cpu='i386'
build_os='darwin13.0.3'
build_vendor='apple'
datadir='${datarootdir}'
datarootdir='${prefix}/share'
docdir='${datarootdir}/doc/${PACKAGE_TARNAME}'
dvidir='${docdir}'
exec_prefix='${prefix}'
host='i386-apple-darwin13.0.3'
host_alias=''
host_cpu='i386'
host_os='darwin13.0.3'
host_vendor='apple'
htmldir='${docdir}'
includedir='${prefix}/include'
infodir='${datarootdir}/info'
install_sh='$(SHELL) /Users/brumgard/Documents/Work/LoCI/workspace/lors/lbone/ibp/install-sh'
libdir='${exec_prefix}/lib'
libexecdir='${exec_prefix}/libexec'
localedir='${datarootdir}/locale'
localstatedir='${prefix}/var'
mandir='${datarootdir}/man'
mkdir_p='$(top_builddir)/./install-sh -c -d'
oldincludedir='/usr/include'
pdfdir='${docdir}'
prefix='/sw/lors/'
program_transform_name='s,x,x,'
psdir='${docdir}'
sbindir='${exec_prefix}/sbin'
sharedstatedir='${prefix}/com'
sysconfdir='${prefix}/etc'
target='i386-apple-darwin13.0.3'
target_alias=''
target_cpu='i386'
target_os='darwin13.0.3'
target_vendor='apple'
version_major='1.4'
version_minor='0.4'

## ----------- ##
## confdefs.h. ##
## ----------- ##

#define PACKAGE_NAME "ibp"
#define PACKAGE_TARNAME "ibp"
#define PACKAGE_VERSION "1.4.0.6"
#define PACKAGE_STRING "ibp 1.4.0.6"
#define PACKAGE_BUGREPORT ""
#define PACKAGE "ibp"
#define VERSION "1.4.0.6"
#define STDC_HEADERS 1
#define HAVE_SYS_TYPES_H 1
#define HAVE_SYS_STAT_H 1
#define HAVE_STDLIB_H 1
#define HAVE_STRING_H 1
#define HAVE_MEMORY_H 1
#define HAVE_STRINGS_H 1
#define HAVE_INTTYPES_H 1
#define HAVE_STDINT_H 1
#define HAVE_UNISTD_H 1
#define HAVE_DLFCN_H 1
#define HAVE_ALLOCA_H 1
#define HAVE_ALLOCA 1
#define HAVE_LIBPTHREAD 1
#define HAVE_LIBM 1
#define HAVE_LIBDL 1
#define HAVE_DIRENT_H 1
#define STDC_HEADERS 1
#define HAVE_SYS_WAIT_H 1
#define HAVE_FCNTL_H 1
#define HAVE_LIMITS_H 1
#define HAVE_STRINGS_H 1
#define HAVE_SYS_FILE_H 1
#define HAVE_SYS_TIME_H 1
#define HAVE_UNISTD_H 1
#define HAVE_CTYPE_H 1
#define HAVE_SYS_UTSNAME_H 1
#define HAVE_SYS_WAIT_H 1
#define HAVE_SYS_STAT_H 1
#define HAVE_SYS_UN_H 1
#define HAVE_PTHREAD_H 1
#define HAVE_SYS_MMAN_H 1
#define HAVE_ARPA_INET_H 1
#define HAVE_SYS_SOCKET_H 1
#define HAVE_NETINET_IN_H 1
#define HAVE_NETDB_H 1
#define HAVE_SYS_STATVFS_H 1
#define HAVE_SYS_RESOURCE_H 1
#define HAVE_SYS_SOCKETVAR_H 1
#define HAVE_SYS_SOCKIO_H 1
#define HAVE_SYS_PARAM_H 1
#define HAVE_SYS_MOUNT_H 1
#define HAVE_ASSERT_H 1
#define HAVE_STDINT_H 1
#define HAVE_DLFCN_H 1
#define TIME_WITH_SYS_TIME 1
#define SIZEOF_LONG 8
#define SIZEOF_LONG_LONG 8
#define HAVE_INT64_T 1
#define ulong_t unsigned long int
#define ushort_t unsigned short int
#define HAVE_STRUCT_ADDRINFO_AI_FAMILY 1
#define HAVE_STRUCT_SOCKADDR_IN_SIN_LEN 1
#define RETSIGTYPE void
#define HAVE_VPRINTF 1
#define HAVE_GETTIMEOFDAY 1
#define HAVE_SELECT 1
#define HAVE_SOCKET 1
#define HAVE_STRDUP 1
#define HAVE_STRERROR 1
#define HAVE_UNAME 1
#define HAVE_STATVFS 1
#define HAVE_STATFS 1
#define HAVE_STRTOK_R 1
#define HAVE_GETADDRINFO 1
#define HAVE_FREEADDRINFO 1
#define HAVE_GETRLIMIT 1
#define HAVE_SETRLIMIT 1

configure: exit 0
